mode: atomic
github.com/neogan74/konsul/internal/config/config.go:116.30,188.42 2 29
github.com/neogan74/konsul/internal/config/config.go:188.42,190.3 1 2
github.com/neogan74/konsul/internal/config/config.go:192.2,192.20 1 27
github.com/neogan74/konsul/internal/config/config.go:196.35,197.49 1 52
github.com/neogan74/konsul/internal/config/config.go:197.49,199.3 1 5
github.com/neogan74/konsul/internal/config/config.go:202.2,202.26 1 47
github.com/neogan74/konsul/internal/config/config.go:202.26,203.29 1 4
github.com/neogan74/konsul/internal/config/config.go:203.29,204.35 1 3
github.com/neogan74/konsul/internal/config/config.go:204.35,206.5 1 1
github.com/neogan74/konsul/internal/config/config.go:207.4,207.34 1 2
github.com/neogan74/konsul/internal/config/config.go:207.34,209.5 1 1
github.com/neogan74/konsul/internal/config/config.go:213.2,213.24 1 45
github.com/neogan74/konsul/internal/config/config.go:213.24,215.3 1 1
github.com/neogan74/konsul/internal/config/config.go:217.2,217.36 1 44
github.com/neogan74/konsul/internal/config/config.go:217.36,219.3 1 1
github.com/neogan74/konsul/internal/config/config.go:221.2,227.34 2 43
github.com/neogan74/konsul/internal/config/config.go:227.34,229.3 1 1
github.com/neogan74/konsul/internal/config/config.go:231.2,235.36 2 42
github.com/neogan74/konsul/internal/config/config.go:235.36,237.3 1 1
github.com/neogan74/konsul/internal/config/config.go:240.2,240.27 1 41
github.com/neogan74/konsul/internal/config/config.go:240.27,245.49 2 3
github.com/neogan74/konsul/internal/config/config.go:245.49,247.4 1 1
github.com/neogan74/konsul/internal/config/config.go:249.3,249.34 1 2
github.com/neogan74/konsul/internal/config/config.go:249.34,251.4 1 1
github.com/neogan74/konsul/internal/config/config.go:255.2,255.19 1 39
github.com/neogan74/konsul/internal/config/config.go:255.19,256.44 1 27
github.com/neogan74/konsul/internal/config/config.go:256.44,258.4 1 1
github.com/neogan74/konsul/internal/config/config.go:260.3,260.25 1 26
github.com/neogan74/konsul/internal/config/config.go:260.25,262.4 1 0
github.com/neogan74/konsul/internal/config/config.go:266.2,266.25 1 38
github.com/neogan74/konsul/internal/config/config.go:266.25,267.38 1 4
github.com/neogan74/konsul/internal/config/config.go:267.38,269.4 1 1
github.com/neogan74/konsul/internal/config/config.go:271.3,271.29 1 3
github.com/neogan74/konsul/internal/config/config.go:271.29,273.4 1 1
github.com/neogan74/konsul/internal/config/config.go:275.3,275.49 1 2
github.com/neogan74/konsul/internal/config/config.go:275.49,277.4 1 1
github.com/neogan74/konsul/internal/config/config.go:281.2,281.42 1 35
github.com/neogan74/konsul/internal/config/config.go:281.42,282.29 1 7
github.com/neogan74/konsul/internal/config/config.go:282.29,284.4 1 1
github.com/neogan74/konsul/internal/config/config.go:286.3,286.28 1 6
github.com/neogan74/konsul/internal/config/config.go:286.28,288.4 1 1
github.com/neogan74/konsul/internal/config/config.go:290.3,290.32 1 5
github.com/neogan74/konsul/internal/config/config.go:290.32,292.4 1 1
github.com/neogan74/konsul/internal/config/config.go:294.3,294.26 1 4
github.com/neogan74/konsul/internal/config/config.go:294.26,296.4 1 1
github.com/neogan74/konsul/internal/config/config.go:300.2,300.19 1 31
github.com/neogan74/konsul/internal/config/config.go:300.19,301.70 1 3
github.com/neogan74/konsul/internal/config/config.go:301.70,303.4 1 1
github.com/neogan74/konsul/internal/config/config.go:305.3,305.22 1 2
github.com/neogan74/konsul/internal/config/config.go:305.22,307.4 1 1
github.com/neogan74/konsul/internal/config/config.go:310.2,310.12 1 29
github.com/neogan74/konsul/internal/config/config.go:314.35,315.25 1 4
github.com/neogan74/konsul/internal/config/config.go:315.25,317.3 1 1
github.com/neogan74/konsul/internal/config/config.go:318.2,318.59 1 3
github.com/neogan74/konsul/internal/config/config.go:322.52,323.42 1 551
github.com/neogan74/konsul/internal/config/config.go:323.42,325.3 1 22
github.com/neogan74/konsul/internal/config/config.go:326.2,326.21 1 529
github.com/neogan74/konsul/internal/config/config.go:330.50,331.42 1 87
github.com/neogan74/konsul/internal/config/config.go:331.42,332.55 1 8
github.com/neogan74/konsul/internal/config/config.go:332.55,334.4 1 6
github.com/neogan74/konsul/internal/config/config.go:336.2,336.21 1 81
github.com/neogan74/konsul/internal/config/config.go:340.75,341.42 1 145
github.com/neogan74/konsul/internal/config/config.go:341.42,342.61 1 6
github.com/neogan74/konsul/internal/config/config.go:342.61,344.4 1 5
github.com/neogan74/konsul/internal/config/config.go:346.2,346.21 1 140
github.com/neogan74/konsul/internal/config/config.go:350.53,351.42 1 464
github.com/neogan74/konsul/internal/config/config.go:351.42,352.61 1 20
github.com/neogan74/konsul/internal/config/config.go:352.61,354.4 1 19
github.com/neogan74/konsul/internal/config/config.go:356.2,356.21 1 445
github.com/neogan74/konsul/internal/config/config.go:360.60,361.42 1 58
github.com/neogan74/konsul/internal/config/config.go:361.42,362.67 1 3
github.com/neogan74/konsul/internal/config/config.go:362.67,364.4 1 2
github.com/neogan74/konsul/internal/config/config.go:366.2,366.21 1 56
github.com/neogan74/konsul/internal/config/config.go:370.68,371.42 1 29
github.com/neogan74/konsul/internal/config/config.go:371.42,373.46 2 3
github.com/neogan74/konsul/internal/config/config.go:373.46,374.15 1 8
github.com/neogan74/konsul/internal/config/config.go:374.15,376.5 1 8
github.com/neogan74/konsul/internal/config/config.go:378.3,378.22 1 3
github.com/neogan74/konsul/internal/config/config.go:378.22,380.4 1 3
github.com/neogan74/konsul/internal/config/config.go:382.2,382.21 1 26
github.com/neogan74/konsul/internal/config/config.go:386.49,388.49 2 8
github.com/neogan74/konsul/internal/config/config.go:388.49,391.3 2 18
github.com/neogan74/konsul/internal/config/config.go:392.2,392.14 1 8
github.com/neogan74/konsul/internal/config/config.go:396.48,397.13 1 8
github.com/neogan74/konsul/internal/config/config.go:397.13,399.3 1 1
github.com/neogan74/konsul/internal/config/config.go:400.2,402.30 3 7
github.com/neogan74/konsul/internal/config/config.go:402.30,403.71 1 114
github.com/neogan74/konsul/internal/config/config.go:403.71,407.4 3 11
github.com/neogan74/konsul/internal/config/config.go:407.9,409.4 1 103
github.com/neogan74/konsul/internal/config/config.go:411.2,412.15 2 7
github.com/neogan74/konsul/internal/config/config.go:416.33,419.99 3 24
github.com/neogan74/konsul/internal/config/config.go:419.99,421.3 1 12
github.com/neogan74/konsul/internal/config/config.go:422.2,422.99 1 24
github.com/neogan74/konsul/internal/config/config.go:422.99,424.3 1 10
github.com/neogan74/konsul/internal/config/config.go:425.2,425.21 1 24
