mode: atomic
github.com/neogan74/konsul/cmd/konsul/main.go:38.13,41.16 2 0
github.com/neogan74/konsul/cmd/konsul/main.go:41.16,43.3 1 0
github.com/neogan74/konsul/cmd/konsul/main.go:46.2,74.16 9 0
github.com/neogan74/konsul/cmd/konsul/main.go:74.16,76.3 1 0
github.com/neogan74/konsul/cmd/konsul/main.go:76.8,76.32 1 0
github.com/neogan74/konsul/cmd/konsul/main.go:76.32,82.16 2 0
github.com/neogan74/konsul/cmd/konsul/main.go:82.16,85.63 3 0
github.com/neogan74/konsul/cmd/konsul/main.go:85.63,87.5 1 0
github.com/neogan74/konsul/cmd/konsul/main.go:91.2,98.25 4 0
github.com/neogan74/konsul/cmd/konsul/main.go:98.25,100.3 1 0
github.com/neogan74/konsul/cmd/konsul/main.go:103.2,104.27 2 0
github.com/neogan74/konsul/cmd/konsul/main.go:104.27,124.13 4 0
github.com/neogan74/konsul/cmd/konsul/main.go:124.13,127.23 3 0
github.com/neogan74/konsul/cmd/konsul/main.go:127.23,129.54 2 0
github.com/neogan74/konsul/cmd/konsul/main.go:129.54,131.6 1 0
github.com/neogan74/konsul/cmd/konsul/main.go:132.5,132.59 1 0
github.com/neogan74/konsul/cmd/konsul/main.go:132.59,134.6 1 0
github.com/neogan74/konsul/cmd/konsul/main.go:140.2,141.29 2 0
github.com/neogan74/konsul/cmd/konsul/main.go:141.29,150.17 2 0
github.com/neogan74/konsul/cmd/konsul/main.go:150.17,152.4 1 0
github.com/neogan74/konsul/cmd/konsul/main.go:155.3,155.16 1 0
github.com/neogan74/konsul/cmd/konsul/main.go:155.16,156.41 1 0
github.com/neogan74/konsul/cmd/konsul/main.go:156.41,158.5 1 0
github.com/neogan74/konsul/cmd/konsul/main.go:163.2,166.29 3 0
github.com/neogan74/konsul/cmd/konsul/main.go:166.29,168.17 2 0
github.com/neogan74/konsul/cmd/konsul/main.go:168.17,170.4 1 0
github.com/neogan74/konsul/cmd/konsul/main.go:172.3,173.17 2 0
github.com/neogan74/konsul/cmd/konsul/main.go:173.17,175.4 1 0
github.com/neogan74/konsul/cmd/konsul/main.go:176.8,179.3 2 0
github.com/neogan74/konsul/cmd/konsul/main.go:182.2,182.15 1 0
github.com/neogan74/konsul/cmd/konsul/main.go:182.15,183.36 1 0
github.com/neogan74/konsul/cmd/konsul/main.go:183.36,185.4 1 0
github.com/neogan74/konsul/cmd/konsul/main.go:186.3,186.42 1 0
github.com/neogan74/konsul/cmd/konsul/main.go:186.42,188.4 1 0
github.com/neogan74/konsul/cmd/konsul/main.go:192.2,205.22 10 0
github.com/neogan74/konsul/cmd/konsul/main.go:205.22,214.3 3 0
github.com/neogan74/konsul/cmd/konsul/main.go:217.2,219.21 3 0
github.com/neogan74/konsul/cmd/konsul/main.go:219.21,224.51 3 0
github.com/neogan74/konsul/cmd/konsul/main.go:224.51,226.4 1 0
github.com/neogan74/konsul/cmd/konsul/main.go:226.9,232.4 3 0
github.com/neogan74/konsul/cmd/konsul/main.go:236.2,236.22 1 0
github.com/neogan74/konsul/cmd/konsul/main.go:236.22,248.3 9 0
github.com/neogan74/konsul/cmd/konsul/main.go:251.2,251.46 1 0
github.com/neogan74/konsul/cmd/konsul/main.go:251.46,253.3 1 0
github.com/neogan74/konsul/cmd/konsul/main.go:256.2,256.21 1 0
github.com/neogan74/konsul/cmd/konsul/main.go:256.21,258.23 2 0
github.com/neogan74/konsul/cmd/konsul/main.go:258.23,261.4 2 0
github.com/neogan74/konsul/cmd/konsul/main.go:262.3,267.49 6 0
github.com/neogan74/konsul/cmd/konsul/main.go:271.2,271.27 1 0
github.com/neogan74/konsul/cmd/konsul/main.go:271.27,276.23 3 0
github.com/neogan74/konsul/cmd/konsul/main.go:276.23,278.23 2 0
github.com/neogan74/konsul/cmd/konsul/main.go:278.23,280.5 1 0
github.com/neogan74/konsul/cmd/konsul/main.go:284.3,295.58 9 0
github.com/neogan74/konsul/cmd/konsul/main.go:299.2,299.21 1 0
github.com/neogan74/konsul/cmd/konsul/main.go:299.21,304.3 4 0
github.com/neogan74/konsul/cmd/konsul/main.go:304.8,309.3 4 0
github.com/neogan74/konsul/cmd/konsul/main.go:312.2,340.16 19 0
github.com/neogan74/konsul/cmd/konsul/main.go:340.16,342.3 1 0
github.com/neogan74/konsul/cmd/konsul/main.go:342.8,351.41 2 0
github.com/neogan74/konsul/cmd/konsul/main.go:351.41,353.4 1 0
github.com/neogan74/konsul/cmd/konsul/main.go:355.3,355.46 1 0
github.com/neogan74/konsul/cmd/konsul/main.go:359.2,359.12 1 0
github.com/neogan74/konsul/cmd/konsul/main.go:359.12,362.22 3 0
github.com/neogan74/konsul/cmd/konsul/main.go:362.22,364.17 2 0
github.com/neogan74/konsul/cmd/konsul/main.go:364.17,368.5 3 0
github.com/neogan74/konsul/cmd/konsul/main.go:373.2,374.21 2 0
github.com/neogan74/konsul/cmd/konsul/main.go:374.21,381.43 3 0
github.com/neogan74/konsul/cmd/konsul/main.go:381.43,383.4 1 0
github.com/neogan74/konsul/cmd/konsul/main.go:383.9,387.4 1 0
github.com/neogan74/konsul/cmd/konsul/main.go:391.2,391.28 1 0
github.com/neogan74/konsul/cmd/konsul/main.go:391.28,392.30 1 0
github.com/neogan74/konsul/cmd/konsul/main.go:392.30,397.55 3 0
github.com/neogan74/konsul/cmd/konsul/main.go:397.55,400.5 2 0
github.com/neogan74/konsul/cmd/konsul/main.go:403.4,403.55 1 0
github.com/neogan74/konsul/cmd/konsul/main.go:403.55,405.79 2 0
github.com/neogan74/konsul/cmd/konsul/main.go:405.79,408.6 2 0
github.com/neogan74/konsul/cmd/konsul/main.go:409.5,411.36 1 0
github.com/neogan74/konsul/cmd/konsul/main.go:414.4,415.36 2 0
github.com/neogan74/konsul/cmd/konsul/main.go:418.3,421.49 1 0
github.com/neogan74/konsul/cmd/konsul/main.go:422.8,424.3 1 0
github.com/neogan74/konsul/cmd/konsul/main.go:427.2,429.12 3 0
github.com/neogan74/konsul/cmd/konsul/main.go:429.12,430.29 1 0
github.com/neogan74/konsul/cmd/konsul/main.go:430.29,431.104 1 0
github.com/neogan74/konsul/cmd/konsul/main.go:431.104,434.5 2 0
github.com/neogan74/konsul/cmd/konsul/main.go:435.9,436.52 1 0
github.com/neogan74/konsul/cmd/konsul/main.go:436.52,439.5 2 0
github.com/neogan74/konsul/cmd/konsul/main.go:442.2,446.22 3 0
github.com/neogan74/konsul/cmd/konsul/main.go:446.22,447.42 1 0
github.com/neogan74/konsul/cmd/konsul/main.go:447.42,449.4 1 0
github.com/neogan74/konsul/cmd/konsul/main.go:449.9,451.4 1 0
github.com/neogan74/konsul/cmd/konsul/main.go:454.2,454.39 1 0
github.com/neogan74/konsul/cmd/konsul/main.go:454.39,457.3 2 0
github.com/neogan74/konsul/cmd/konsul/main.go:458.2,458.44 1 0
github.com/neogan74/konsul/internal/acl/evaluator.go:19.49,24.2 1 5
github.com/neogan74/konsul/internal/acl/evaluator.go:27.53,28.42 1 6
github.com/neogan74/konsul/internal/acl/evaluator.go:28.42,30.3 1 0
github.com/neogan74/konsul/internal/acl/evaluator.go:32.2,35.50 3 6
github.com/neogan74/konsul/internal/acl/evaluator.go:35.50,37.3 1 1
github.com/neogan74/konsul/internal/acl/evaluator.go:39.2,41.12 3 5
github.com/neogan74/konsul/internal/acl/evaluator.go:45.56,46.42 1 1
github.com/neogan74/konsul/internal/acl/evaluator.go:46.42,48.3 1 0
github.com/neogan74/konsul/internal/acl/evaluator.go:50.2,53.51 3 1
github.com/neogan74/konsul/internal/acl/evaluator.go:53.51,55.3 1 0
github.com/neogan74/konsul/internal/acl/evaluator.go:57.2,59.12 3 1
github.com/neogan74/konsul/internal/acl/evaluator.go:63.53,67.44 3 1
github.com/neogan74/konsul/internal/acl/evaluator.go:67.44,69.3 1 0
github.com/neogan74/konsul/internal/acl/evaluator.go:71.2,73.12 3 1
github.com/neogan74/konsul/internal/acl/evaluator.go:77.61,82.13 4 2
github.com/neogan74/konsul/internal/acl/evaluator.go:82.13,84.3 1 1
github.com/neogan74/konsul/internal/acl/evaluator.go:86.2,86.20 1 1
github.com/neogan74/konsul/internal/acl/evaluator.go:90.45,95.31 4 1
github.com/neogan74/konsul/internal/acl/evaluator.go:95.31,97.3 1 1
github.com/neogan74/konsul/internal/acl/evaluator.go:98.2,98.14 1 1
github.com/neogan74/konsul/internal/acl/evaluator.go:103.99,109.15 5 17
github.com/neogan74/konsul/internal/acl/evaluator.go:109.15,113.14 3 17
github.com/neogan74/konsul/internal/acl/evaluator.go:113.14,115.4 1 9
github.com/neogan74/konsul/internal/acl/evaluator.go:116.3,117.89 2 17
github.com/neogan74/konsul/internal/acl/evaluator.go:120.2,120.27 1 17
github.com/neogan74/konsul/internal/acl/evaluator.go:120.27,123.3 2 1
github.com/neogan74/konsul/internal/acl/evaluator.go:126.2,127.35 2 16
github.com/neogan74/konsul/internal/acl/evaluator.go:127.35,128.49 1 18
github.com/neogan74/konsul/internal/acl/evaluator.go:128.49,130.4 1 17
github.com/neogan74/konsul/internal/acl/evaluator.go:130.9,132.4 1 1
github.com/neogan74/konsul/internal/acl/evaluator.go:135.2,135.24 1 16
github.com/neogan74/konsul/internal/acl/evaluator.go:135.24,138.3 2 1
github.com/neogan74/konsul/internal/acl/evaluator.go:141.2,141.23 1 15
github.com/neogan74/konsul/internal/acl/evaluator.go:142.22,143.62 1 10
github.com/neogan74/konsul/internal/acl/evaluator.go:144.27,145.67 1 5
github.com/neogan74/konsul/internal/acl/evaluator.go:146.26,147.51 1 0
github.com/neogan74/konsul/internal/acl/evaluator.go:148.26,149.51 1 0
github.com/neogan74/konsul/internal/acl/evaluator.go:150.25,151.50 1 0
github.com/neogan74/konsul/internal/acl/evaluator.go:152.10,154.18 2 0
github.com/neogan74/konsul/internal/acl/evaluator.go:157.2,157.16 1 15
github.com/neogan74/konsul/internal/acl/evaluator.go:161.95,167.34 2 10
github.com/neogan74/konsul/internal/acl/evaluator.go:167.34,168.34 1 11
github.com/neogan74/konsul/internal/acl/evaluator.go:168.34,169.28 1 20
github.com/neogan74/konsul/internal/acl/evaluator.go:169.28,171.43 1 10
github.com/neogan74/konsul/internal/acl/evaluator.go:171.43,177.6 2 1
github.com/neogan74/konsul/internal/acl/evaluator.go:180.5,180.39 1 9
github.com/neogan74/konsul/internal/acl/evaluator.go:180.39,186.6 2 6
github.com/neogan74/konsul/internal/acl/evaluator.go:191.2,194.14 2 3
github.com/neogan74/konsul/internal/acl/evaluator.go:198.105,204.34 2 5
github.com/neogan74/konsul/internal/acl/evaluator.go:204.34,205.39 1 5
github.com/neogan74/konsul/internal/acl/evaluator.go:205.39,206.33 1 8
github.com/neogan74/konsul/internal/acl/evaluator.go:206.33,208.43 1 5
github.com/neogan74/konsul/internal/acl/evaluator.go:208.43,213.6 2 0
github.com/neogan74/konsul/internal/acl/evaluator.go:216.5,216.39 1 5
github.com/neogan74/konsul/internal/acl/evaluator.go:216.39,222.6 2 3
github.com/neogan74/konsul/internal/acl/evaluator.go:227.2,230.14 2 2
github.com/neogan74/konsul/internal/acl/evaluator.go:234.84,239.34 2 0
github.com/neogan74/konsul/internal/acl/evaluator.go:239.34,240.38 1 0
github.com/neogan74/konsul/internal/acl/evaluator.go:240.38,242.42 1 0
github.com/neogan74/konsul/internal/acl/evaluator.go:242.42,245.5 2 0
github.com/neogan74/konsul/internal/acl/evaluator.go:248.4,248.38 1 0
github.com/neogan74/konsul/internal/acl/evaluator.go:248.38,253.5 2 0
github.com/neogan74/konsul/internal/acl/evaluator.go:257.2,258.14 2 0
github.com/neogan74/konsul/internal/acl/evaluator.go:262.84,267.34 2 0
github.com/neogan74/konsul/internal/acl/evaluator.go:267.34,268.38 1 0
github.com/neogan74/konsul/internal/acl/evaluator.go:268.38,270.42 1 0
github.com/neogan74/konsul/internal/acl/evaluator.go:270.42,273.5 2 0
github.com/neogan74/konsul/internal/acl/evaluator.go:276.4,276.38 1 0
github.com/neogan74/konsul/internal/acl/evaluator.go:276.38,281.5 2 0
github.com/neogan74/konsul/internal/acl/evaluator.go:285.2,286.14 2 0
github.com/neogan74/konsul/internal/acl/evaluator.go:290.83,295.34 2 0
github.com/neogan74/konsul/internal/acl/evaluator.go:295.34,296.37 1 0
github.com/neogan74/konsul/internal/acl/evaluator.go:296.37,298.42 1 0
github.com/neogan74/konsul/internal/acl/evaluator.go:298.42,301.5 2 0
github.com/neogan74/konsul/internal/acl/evaluator.go:304.4,304.38 1 0
github.com/neogan74/konsul/internal/acl/evaluator.go:304.38,309.5 2 0
github.com/neogan74/konsul/internal/acl/evaluator.go:313.2,314.14 2 0
github.com/neogan74/konsul/internal/acl/evaluator.go:318.60,322.34 3 0
github.com/neogan74/konsul/internal/acl/evaluator.go:322.34,323.43 1 0
github.com/neogan74/konsul/internal/acl/evaluator.go:323.43,328.4 2 0
github.com/neogan74/konsul/internal/acl/evaluator.go:329.3,329.35 1 0
github.com/neogan74/konsul/internal/acl/evaluator.go:332.2,333.12 2 0
github.com/neogan74/konsul/internal/acl/evaluator.go:337.33,341.2 3 0
github.com/neogan74/konsul/internal/acl/types.go:87.46,88.23 1 26
github.com/neogan74/konsul/internal/acl/types.go:88.23,90.3 1 0
github.com/neogan74/konsul/internal/acl/types.go:91.2,91.39 1 26
github.com/neogan74/konsul/internal/acl/types.go:95.28,117.38 14 12
github.com/neogan74/konsul/internal/acl/types.go:117.38,119.3 1 12
github.com/neogan74/konsul/internal/acl/types.go:120.2,120.38 1 12
github.com/neogan74/konsul/internal/acl/types.go:120.38,122.3 1 12
github.com/neogan74/konsul/internal/acl/types.go:124.2,124.42 1 12
github.com/neogan74/konsul/internal/acl/types.go:128.53,129.35 1 19
github.com/neogan74/konsul/internal/acl/types.go:129.35,130.15 1 27
github.com/neogan74/konsul/internal/acl/types.go:130.15,132.4 1 7
github.com/neogan74/konsul/internal/acl/types.go:134.2,134.14 1 12
github.com/neogan74/konsul/internal/acl/types.go:138.56,139.23 1 8
github.com/neogan74/konsul/internal/acl/types.go:139.23,141.3 1 0
github.com/neogan74/konsul/internal/acl/types.go:142.2,142.44 1 8
github.com/neogan74/konsul/internal/acl/types.go:146.33,164.38 12 2
github.com/neogan74/konsul/internal/acl/types.go:164.38,166.3 1 2
github.com/neogan74/konsul/internal/acl/types.go:167.2,167.38 1 2
github.com/neogan74/konsul/internal/acl/types.go:167.38,169.3 1 2
github.com/neogan74/konsul/internal/acl/types.go:171.2,171.42 1 2
github.com/neogan74/konsul/internal/acl/types.go:175.58,176.35 1 10
github.com/neogan74/konsul/internal/acl/types.go:176.35,177.15 1 15
github.com/neogan74/konsul/internal/acl/types.go:177.15,179.4 1 3
github.com/neogan74/konsul/internal/acl/types.go:181.2,181.14 1 7
github.com/neogan74/konsul/internal/acl/types.go:185.57,186.35 1 0
github.com/neogan74/konsul/internal/acl/types.go:186.35,187.15 1 0
github.com/neogan74/konsul/internal/acl/types.go:187.15,189.4 1 0
github.com/neogan74/konsul/internal/acl/types.go:191.2,191.14 1 0
github.com/neogan74/konsul/internal/acl/types.go:195.57,196.35 1 0
github.com/neogan74/konsul/internal/acl/types.go:196.35,197.15 1 0
github.com/neogan74/konsul/internal/acl/types.go:197.15,199.4 1 0
github.com/neogan74/konsul/internal/acl/types.go:201.2,201.14 1 0
github.com/neogan74/konsul/internal/acl/types.go:205.56,206.35 1 0
github.com/neogan74/konsul/internal/acl/types.go:206.35,207.15 1 0
github.com/neogan74/konsul/internal/acl/types.go:207.15,209.4 1 0
github.com/neogan74/konsul/internal/acl/types.go:211.2,211.14 1 0
github.com/neogan74/konsul/internal/acl/types.go:221.45,226.2 1 9
github.com/neogan74/konsul/internal/acl/types.go:229.54,234.2 1 5
github.com/neogan74/konsul/internal/acl/types.go:237.35,241.2 1 0
github.com/neogan74/konsul/internal/acl/types.go:244.35,248.2 1 0
github.com/neogan74/konsul/internal/acl/types.go:251.34,255.2 1 0
github.com/neogan74/konsul/internal/acl/types.go:258.35,259.18 1 10
github.com/neogan74/konsul/internal/acl/types.go:259.18,261.3 1 1
github.com/neogan74/konsul/internal/acl/types.go:264.2,264.22 1 9
github.com/neogan74/konsul/internal/acl/types.go:264.22,266.3 1 6
github.com/neogan74/konsul/internal/acl/types.go:267.2,267.27 1 9
github.com/neogan74/konsul/internal/acl/types.go:267.27,269.3 1 2
github.com/neogan74/konsul/internal/acl/types.go:271.2,271.12 1 9
github.com/neogan74/konsul/internal/acl/types.go:275.43,277.2 1 0
github.com/neogan74/konsul/internal/acl/types.go:280.45,282.54 2 0
github.com/neogan74/konsul/internal/acl/types.go:282.54,284.3 1 0
github.com/neogan74/konsul/internal/acl/types.go:285.2,285.42 1 0
github.com/neogan74/konsul/internal/acl/types.go:285.42,287.3 1 0
github.com/neogan74/konsul/internal/acl/types.go:288.2,288.21 1 0
github.com/neogan74/konsul/internal/auth/apikey.go:39.53,40.18 1 10
github.com/neogan74/konsul/internal/auth/apikey.go:40.18,42.3 1 1
github.com/neogan74/konsul/internal/auth/apikey.go:43.2,46.3 1 10
github.com/neogan74/konsul/internal/auth/apikey.go:49.150,50.16 1 15
github.com/neogan74/konsul/internal/auth/apikey.go:50.16,52.3 1 1
github.com/neogan74/konsul/internal/auth/apikey.go:55.2,56.47 2 14
github.com/neogan74/konsul/internal/auth/apikey.go:56.47,58.3 1 0
github.com/neogan74/konsul/internal/auth/apikey.go:61.2,83.31 9 14
github.com/neogan74/konsul/internal/auth/apikey.go:86.75,87.21 1 7
github.com/neogan74/konsul/internal/auth/apikey.go:87.21,89.3 1 1
github.com/neogan74/konsul/internal/auth/apikey.go:92.2,100.13 7 6
github.com/neogan74/konsul/internal/auth/apikey.go:100.13,102.3 1 2
github.com/neogan74/konsul/internal/auth/apikey.go:104.2,104.21 1 4
github.com/neogan74/konsul/internal/auth/apikey.go:104.21,106.3 1 2
github.com/neogan74/konsul/internal/auth/apikey.go:108.2,108.68 1 2
github.com/neogan74/konsul/internal/auth/apikey.go:108.68,110.3 1 1
github.com/neogan74/konsul/internal/auth/apikey.go:113.2,118.20 5 1
github.com/neogan74/konsul/internal/auth/apikey.go:121.58,125.32 3 3
github.com/neogan74/konsul/internal/auth/apikey.go:125.32,126.25 1 5
github.com/neogan74/konsul/internal/auth/apikey.go:126.25,129.4 2 2
github.com/neogan74/konsul/internal/auth/apikey.go:132.2,132.26 1 1
github.com/neogan74/konsul/internal/auth/apikey.go:135.58,139.38 3 2
github.com/neogan74/konsul/internal/auth/apikey.go:139.38,140.25 1 1
github.com/neogan74/konsul/internal/auth/apikey.go:140.25,143.4 2 1
github.com/neogan74/konsul/internal/auth/apikey.go:146.2,146.26 1 1
github.com/neogan74/konsul/internal/auth/apikey.go:149.49,154.32 4 3
github.com/neogan74/konsul/internal/auth/apikey.go:154.32,167.3 2 5
github.com/neogan74/konsul/internal/auth/apikey.go:169.2,169.13 1 3
github.com/neogan74/konsul/internal/auth/apikey.go:172.66,176.32 3 2
github.com/neogan74/konsul/internal/auth/apikey.go:176.32,177.25 1 2
github.com/neogan74/konsul/internal/auth/apikey.go:177.25,190.4 2 1
github.com/neogan74/konsul/internal/auth/apikey.go:193.2,193.31 1 1
github.com/neogan74/konsul/internal/auth/apikey.go:196.136,200.32 3 4
github.com/neogan74/konsul/internal/auth/apikey.go:200.32,201.25 1 4
github.com/neogan74/konsul/internal/auth/apikey.go:201.25,202.18 1 3
github.com/neogan74/konsul/internal/auth/apikey.go:202.18,204.5 1 1
github.com/neogan74/konsul/internal/auth/apikey.go:205.4,205.26 1 3
github.com/neogan74/konsul/internal/auth/apikey.go:205.26,207.5 1 1
github.com/neogan74/konsul/internal/auth/apikey.go:208.4,208.23 1 3
github.com/neogan74/konsul/internal/auth/apikey.go:208.23,210.5 1 0
github.com/neogan74/konsul/internal/auth/apikey.go:211.4,211.22 1 3
github.com/neogan74/konsul/internal/auth/apikey.go:211.22,213.5 1 1
github.com/neogan74/konsul/internal/auth/apikey.go:214.4,214.14 1 3
github.com/neogan74/konsul/internal/auth/apikey.go:218.2,218.26 1 1
github.com/neogan74/konsul/internal/auth/apikey.go:221.79,222.19 1 4
github.com/neogan74/konsul/internal/auth/apikey.go:222.19,224.3 1 1
github.com/neogan74/konsul/internal/auth/apikey.go:226.2,226.42 1 3
github.com/neogan74/konsul/internal/auth/apikey.go:226.42,227.40 1 3
github.com/neogan74/konsul/internal/auth/apikey.go:227.40,229.4 1 2
github.com/neogan74/konsul/internal/auth/apikey.go:232.2,232.14 1 1
github.com/neogan74/konsul/internal/auth/jwt.go:31.107,38.2 1 8
github.com/neogan74/konsul/internal/auth/jwt.go:40.93,42.2 1 6
github.com/neogan74/konsul/internal/auth/jwt.go:45.115,62.2 3 7
github.com/neogan74/konsul/internal/auth/jwt.go:64.74,75.2 3 5
github.com/neogan74/konsul/internal/auth/jwt.go:77.73,78.23 1 7
github.com/neogan74/konsul/internal/auth/jwt.go:78.23,80.3 1 1
github.com/neogan74/konsul/internal/auth/jwt.go:82.2,82.104 1 6
github.com/neogan74/konsul/internal/auth/jwt.go:82.104,83.58 1 4
github.com/neogan74/konsul/internal/auth/jwt.go:83.58,85.4 1 0
github.com/neogan74/konsul/internal/auth/jwt.go:86.3,86.26 1 4
github.com/neogan74/konsul/internal/auth/jwt.go:89.2,89.16 1 6
github.com/neogan74/konsul/internal/auth/jwt.go:89.16,90.42 1 4
github.com/neogan74/konsul/internal/auth/jwt.go:90.42,92.4 1 1
github.com/neogan74/konsul/internal/auth/jwt.go:93.3,93.30 1 3
github.com/neogan74/konsul/internal/auth/jwt.go:96.2,96.61 1 2
github.com/neogan74/konsul/internal/auth/jwt.go:96.61,98.3 1 2
github.com/neogan74/konsul/internal/auth/jwt.go:100.2,100.29 1 0
github.com/neogan74/konsul/internal/auth/jwt.go:103.79,104.23 1 7
github.com/neogan74/konsul/internal/auth/jwt.go:104.23,106.3 1 2
github.com/neogan74/konsul/internal/auth/jwt.go:108.2,108.118 1 5
github.com/neogan74/konsul/internal/auth/jwt.go:108.118,109.58 1 3
github.com/neogan74/konsul/internal/auth/jwt.go:109.58,111.4 1 0
github.com/neogan74/konsul/internal/auth/jwt.go:112.3,112.26 1 3
github.com/neogan74/konsul/internal/auth/jwt.go:115.2,115.16 1 5
github.com/neogan74/konsul/internal/auth/jwt.go:115.16,116.42 1 2
github.com/neogan74/konsul/internal/auth/jwt.go:116.42,118.4 1 0
github.com/neogan74/konsul/internal/auth/jwt.go:119.3,119.29 1 2
github.com/neogan74/konsul/internal/auth/jwt.go:122.2,122.75 1 3
github.com/neogan74/konsul/internal/auth/jwt.go:122.75,124.3 1 3
github.com/neogan74/konsul/internal/auth/jwt.go:126.2,126.28 1 0
github.com/neogan74/konsul/internal/auth/jwt.go:129.119,131.2 1 3
github.com/neogan74/konsul/internal/auth/jwt.go:134.141,136.16 2 3
github.com/neogan74/konsul/internal/auth/jwt.go:136.16,138.3 1 2
github.com/neogan74/konsul/internal/auth/jwt.go:140.2,141.16 2 1
github.com/neogan74/konsul/internal/auth/jwt.go:141.16,143.3 1 0
github.com/neogan74/konsul/internal/auth/jwt.go:145.2,146.16 2 1
github.com/neogan74/konsul/internal/auth/jwt.go:146.16,148.3 1 0
github.com/neogan74/konsul/internal/auth/jwt.go:150.2,150.39 1 1
github.com/neogan74/konsul/internal/config/config.go:109.30,177.42 2 10
github.com/neogan74/konsul/internal/config/config.go:177.42,179.3 1 2
github.com/neogan74/konsul/internal/config/config.go:181.2,181.20 1 8
github.com/neogan74/konsul/internal/config/config.go:185.35,186.49 1 19
github.com/neogan74/konsul/internal/config/config.go:186.49,188.3 1 5
github.com/neogan74/konsul/internal/config/config.go:191.2,191.26 1 14
github.com/neogan74/konsul/internal/config/config.go:191.26,192.29 1 0
github.com/neogan74/konsul/internal/config/config.go:192.29,193.35 1 0
github.com/neogan74/konsul/internal/config/config.go:193.35,195.5 1 0
github.com/neogan74/konsul/internal/config/config.go:196.4,196.34 1 0
github.com/neogan74/konsul/internal/config/config.go:196.34,198.5 1 0
github.com/neogan74/konsul/internal/config/config.go:202.2,202.24 1 14
github.com/neogan74/konsul/internal/config/config.go:202.24,204.3 1 1
github.com/neogan74/konsul/internal/config/config.go:206.2,206.36 1 13
github.com/neogan74/konsul/internal/config/config.go:206.36,208.3 1 1
github.com/neogan74/konsul/internal/config/config.go:210.2,216.34 2 12
github.com/neogan74/konsul/internal/config/config.go:216.34,218.3 1 1
github.com/neogan74/konsul/internal/config/config.go:220.2,224.36 2 11
github.com/neogan74/konsul/internal/config/config.go:224.36,226.3 1 1
github.com/neogan74/konsul/internal/config/config.go:229.2,229.27 1 10
github.com/neogan74/konsul/internal/config/config.go:229.27,234.49 2 0
github.com/neogan74/konsul/internal/config/config.go:234.49,236.4 1 0
github.com/neogan74/konsul/internal/config/config.go:238.3,238.34 1 0
github.com/neogan74/konsul/internal/config/config.go:238.34,240.4 1 0
github.com/neogan74/konsul/internal/config/config.go:244.2,244.19 1 10
github.com/neogan74/konsul/internal/config/config.go:244.19,245.44 1 8
github.com/neogan74/konsul/internal/config/config.go:245.44,247.4 1 1
github.com/neogan74/konsul/internal/config/config.go:249.3,249.25 1 7
github.com/neogan74/konsul/internal/config/config.go:249.25,251.4 1 0
github.com/neogan74/konsul/internal/config/config.go:255.2,255.25 1 9
github.com/neogan74/konsul/internal/config/config.go:255.25,256.38 1 0
github.com/neogan74/konsul/internal/config/config.go:256.38,258.4 1 0
github.com/neogan74/konsul/internal/config/config.go:260.3,260.29 1 0
github.com/neogan74/konsul/internal/config/config.go:260.29,262.4 1 0
github.com/neogan74/konsul/internal/config/config.go:264.3,264.49 1 0
github.com/neogan74/konsul/internal/config/config.go:264.49,266.4 1 0
github.com/neogan74/konsul/internal/config/config.go:270.2,270.42 1 9
github.com/neogan74/konsul/internal/config/config.go:270.42,271.29 1 0
github.com/neogan74/konsul/internal/config/config.go:271.29,273.4 1 0
github.com/neogan74/konsul/internal/config/config.go:275.3,275.28 1 0
github.com/neogan74/konsul/internal/config/config.go:275.28,277.4 1 0
github.com/neogan74/konsul/internal/config/config.go:279.3,279.32 1 0
github.com/neogan74/konsul/internal/config/config.go:279.32,281.4 1 0
github.com/neogan74/konsul/internal/config/config.go:283.3,283.26 1 0
github.com/neogan74/konsul/internal/config/config.go:283.26,285.4 1 0
github.com/neogan74/konsul/internal/config/config.go:289.2,289.19 1 9
github.com/neogan74/konsul/internal/config/config.go:289.19,290.70 1 0
github.com/neogan74/konsul/internal/config/config.go:290.70,292.4 1 0
github.com/neogan74/konsul/internal/config/config.go:294.3,294.22 1 0
github.com/neogan74/konsul/internal/config/config.go:294.22,296.4 1 0
github.com/neogan74/konsul/internal/config/config.go:299.2,299.12 1 9
github.com/neogan74/konsul/internal/config/config.go:303.35,304.25 1 4
github.com/neogan74/konsul/internal/config/config.go:304.25,306.3 1 1
github.com/neogan74/konsul/internal/config/config.go:307.2,307.59 1 3
github.com/neogan74/konsul/internal/config/config.go:311.52,312.42 1 190
github.com/neogan74/konsul/internal/config/config.go:312.42,314.3 1 7
github.com/neogan74/konsul/internal/config/config.go:315.2,315.21 1 183
github.com/neogan74/konsul/internal/config/config.go:319.50,320.42 1 30
github.com/neogan74/konsul/internal/config/config.go:320.42,321.55 1 7
github.com/neogan74/konsul/internal/config/config.go:321.55,323.4 1 5
github.com/neogan74/konsul/internal/config/config.go:325.2,325.21 1 25
github.com/neogan74/konsul/internal/config/config.go:329.75,330.42 1 50
github.com/neogan74/konsul/internal/config/config.go:330.42,331.61 1 3
github.com/neogan74/konsul/internal/config/config.go:331.61,333.4 1 2
github.com/neogan74/konsul/internal/config/config.go:335.2,335.21 1 48
github.com/neogan74/konsul/internal/config/config.go:339.53,340.42 1 140
github.com/neogan74/konsul/internal/config/config.go:340.42,341.61 1 3
github.com/neogan74/konsul/internal/config/config.go:341.61,343.4 1 3
github.com/neogan74/konsul/internal/config/config.go:345.2,345.21 1 137
github.com/neogan74/konsul/internal/config/config.go:349.60,350.42 1 20
github.com/neogan74/konsul/internal/config/config.go:350.42,351.67 1 0
github.com/neogan74/konsul/internal/config/config.go:351.67,353.4 1 0
github.com/neogan74/konsul/internal/config/config.go:355.2,355.21 1 20
github.com/neogan74/konsul/internal/config/config.go:359.68,360.42 1 10
github.com/neogan74/konsul/internal/config/config.go:360.42,362.46 2 0
github.com/neogan74/konsul/internal/config/config.go:362.46,363.15 1 0
github.com/neogan74/konsul/internal/config/config.go:363.15,365.5 1 0
github.com/neogan74/konsul/internal/config/config.go:367.3,367.22 1 0
github.com/neogan74/konsul/internal/config/config.go:367.22,369.4 1 0
github.com/neogan74/konsul/internal/config/config.go:371.2,371.21 1 10
github.com/neogan74/konsul/internal/config/config.go:375.49,377.49 2 0
github.com/neogan74/konsul/internal/config/config.go:377.49,380.3 2 0
github.com/neogan74/konsul/internal/config/config.go:381.2,381.14 1 0
github.com/neogan74/konsul/internal/config/config.go:385.48,386.13 1 0
github.com/neogan74/konsul/internal/config/config.go:386.13,388.3 1 0
github.com/neogan74/konsul/internal/config/config.go:389.2,391.30 3 0
github.com/neogan74/konsul/internal/config/config.go:391.30,392.71 1 0
github.com/neogan74/konsul/internal/config/config.go:392.71,396.4 3 0
github.com/neogan74/konsul/internal/config/config.go:396.9,398.4 1 0
github.com/neogan74/konsul/internal/config/config.go:400.2,401.15 2 0
github.com/neogan74/konsul/internal/config/config.go:405.33,408.99 3 0
github.com/neogan74/konsul/internal/config/config.go:408.99,410.3 1 0
github.com/neogan74/konsul/internal/config/config.go:411.2,411.99 1 0
github.com/neogan74/konsul/internal/config/config.go:411.99,413.3 1 0
github.com/neogan74/konsul/internal/config/config.go:414.2,414.21 1 0
github.com/neogan74/konsul/internal/dns/server.go:27.89,51.2 7 14
github.com/neogan74/konsul/internal/dns/server.go:53.32,60.12 2 5
github.com/neogan74/konsul/internal/dns/server.go:60.12,61.54 1 5
github.com/neogan74/konsul/internal/dns/server.go:61.54,63.4 1 0
github.com/neogan74/konsul/internal/dns/server.go:67.2,67.12 1 5
github.com/neogan74/konsul/internal/dns/server.go:67.12,68.54 1 5
github.com/neogan74/konsul/internal/dns/server.go:68.54,70.4 1 0
github.com/neogan74/konsul/internal/dns/server.go:73.2,73.12 1 5
github.com/neogan74/konsul/internal/dns/server.go:76.31,79.24 2 5
github.com/neogan74/konsul/internal/dns/server.go:79.24,81.3 1 5
github.com/neogan74/konsul/internal/dns/server.go:83.2,83.24 1 5
github.com/neogan74/konsul/internal/dns/server.go:83.24,85.3 1 5
github.com/neogan74/konsul/internal/dns/server.go:87.2,87.19 1 5
github.com/neogan74/konsul/internal/dns/server.go:87.19,89.3 1 0
github.com/neogan74/konsul/internal/dns/server.go:90.2,90.15 1 5
github.com/neogan74/konsul/internal/dns/server.go:93.69,98.38 4 27
github.com/neogan74/konsul/internal/dns/server.go:98.38,103.25 2 27
github.com/neogan74/konsul/internal/dns/server.go:104.20,105.35 1 23
github.com/neogan74/konsul/internal/dns/server.go:106.18,107.33 1 2
github.com/neogan74/konsul/internal/dns/server.go:108.20,110.33 2 1
github.com/neogan74/konsul/internal/dns/server.go:111.11,113.61 1 1
github.com/neogan74/konsul/internal/dns/server.go:117.2,117.26 1 27
github.com/neogan74/konsul/internal/dns/server.go:117.26,119.3 1 6
github.com/neogan74/konsul/internal/dns/server.go:121.2,121.17 1 27
github.com/neogan74/konsul/internal/dns/server.go:124.70,129.20 3 24
github.com/neogan74/konsul/internal/dns/server.go:129.20,131.3 1 1
github.com/neogan74/konsul/internal/dns/server.go:133.2,143.35 6 23
github.com/neogan74/konsul/internal/dns/server.go:143.35,144.34 1 29
github.com/neogan74/konsul/internal/dns/server.go:144.34,146.4 1 19
github.com/neogan74/konsul/internal/dns/server.go:150.2,150.43 1 23
github.com/neogan74/konsul/internal/dns/server.go:150.43,178.3 5 19
github.com/neogan74/konsul/internal/dns/server.go:180.2,182.48 1 23
github.com/neogan74/konsul/internal/dns/server.go:185.68,190.20 3 3
github.com/neogan74/konsul/internal/dns/server.go:190.20,192.3 1 0
github.com/neogan74/konsul/internal/dns/server.go:194.2,197.43 2 3
github.com/neogan74/konsul/internal/dns/server.go:197.43,199.3 1 1
github.com/neogan74/konsul/internal/dns/server.go:199.8,199.53 1 2
github.com/neogan74/konsul/internal/dns/server.go:199.53,202.3 1 1
github.com/neogan74/konsul/internal/dns/server.go:202.8,204.3 1 1
github.com/neogan74/konsul/internal/dns/server.go:207.2,209.35 2 2
github.com/neogan74/konsul/internal/dns/server.go:209.35,210.34 1 2
github.com/neogan74/konsul/internal/dns/server.go:210.34,221.4 2 2
github.com/neogan74/konsul/internal/dns/server.go:224.2,226.42 1 2
github.com/neogan74/konsul/internal/handlers/acl.go:22.95,28.2 1 0
github.com/neogan74/konsul/internal/handlers/acl.go:31.55,35.46 3 0
github.com/neogan74/konsul/internal/handlers/acl.go:35.46,38.3 2 0
github.com/neogan74/konsul/internal/handlers/acl.go:41.2,41.42 1 0
github.com/neogan74/konsul/internal/handlers/acl.go:41.42,44.3 2 0
github.com/neogan74/konsul/internal/handlers/acl.go:47.2,47.55 1 0
github.com/neogan74/konsul/internal/handlers/acl.go:47.55,48.33 1 0
github.com/neogan74/konsul/internal/handlers/acl.go:48.33,50.4 1 0
github.com/neogan74/konsul/internal/handlers/acl.go:51.3,52.61 2 0
github.com/neogan74/konsul/internal/handlers/acl.go:56.2,56.23 1 0
github.com/neogan74/konsul/internal/handlers/acl.go:56.23,57.53 1 0
github.com/neogan74/konsul/internal/handlers/acl.go:57.53,60.4 1 0
github.com/neogan74/konsul/internal/handlers/acl.go:63.2,67.4 2 0
github.com/neogan74/konsul/internal/handlers/acl.go:71.52,76.16 4 0
github.com/neogan74/konsul/internal/handlers/acl.go:76.16,77.35 1 0
github.com/neogan74/konsul/internal/handlers/acl.go:77.35,79.4 1 0
github.com/neogan74/konsul/internal/handlers/acl.go:80.3,81.61 2 0
github.com/neogan74/konsul/internal/handlers/acl.go:84.2,84.23 1 0
github.com/neogan74/konsul/internal/handlers/acl.go:88.55,94.2 2 0
github.com/neogan74/konsul/internal/handlers/acl.go:97.55,102.46 4 0
github.com/neogan74/konsul/internal/handlers/acl.go:102.46,105.3 2 0
github.com/neogan74/konsul/internal/handlers/acl.go:108.2,108.25 1 0
github.com/neogan74/konsul/internal/handlers/acl.go:108.25,110.3 1 0
github.com/neogan74/konsul/internal/handlers/acl.go:113.2,113.42 1 0
github.com/neogan74/konsul/internal/handlers/acl.go:113.42,116.3 2 0
github.com/neogan74/konsul/internal/handlers/acl.go:119.2,119.58 1 0
github.com/neogan74/konsul/internal/handlers/acl.go:119.58,120.35 1 0
github.com/neogan74/konsul/internal/handlers/acl.go:120.35,122.4 1 0
github.com/neogan74/konsul/internal/handlers/acl.go:123.3,124.64 2 0
github.com/neogan74/konsul/internal/handlers/acl.go:128.2,128.23 1 0
github.com/neogan74/konsul/internal/handlers/acl.go:128.23,129.53 1 0
github.com/neogan74/konsul/internal/handlers/acl.go:129.53,131.4 1 0
github.com/neogan74/konsul/internal/handlers/acl.go:134.2,138.4 2 0
github.com/neogan74/konsul/internal/handlers/acl.go:142.55,146.55 3 0
github.com/neogan74/konsul/internal/handlers/acl.go:146.55,147.35 1 0
github.com/neogan74/konsul/internal/handlers/acl.go:147.35,149.4 1 0
github.com/neogan74/konsul/internal/handlers/acl.go:150.3,151.64 2 0
github.com/neogan74/konsul/internal/handlers/acl.go:155.2,155.23 1 0
github.com/neogan74/konsul/internal/handlers/acl.go:155.23,157.70 2 0
github.com/neogan74/konsul/internal/handlers/acl.go:157.70,159.4 1 0
github.com/neogan74/konsul/internal/handlers/acl.go:162.2,166.4 2 0
github.com/neogan74/konsul/internal/handlers/acl.go:170.53,180.43 3 0
github.com/neogan74/konsul/internal/handlers/acl.go:180.43,183.3 2 0
github.com/neogan74/konsul/internal/handlers/acl.go:186.2,187.22 2 0
github.com/neogan74/konsul/internal/handlers/acl.go:188.12,189.41 1 0
github.com/neogan74/konsul/internal/handlers/acl.go:190.17,191.46 1 0
github.com/neogan74/konsul/internal/handlers/acl.go:192.16,193.37 1 0
github.com/neogan74/konsul/internal/handlers/acl.go:194.16,195.37 1 0
github.com/neogan74/konsul/internal/handlers/acl.go:196.15,197.36 1 0
github.com/neogan74/konsul/internal/handlers/acl.go:198.10,199.59 1 0
github.com/neogan74/konsul/internal/handlers/acl.go:203.2,211.4 2 0
github.com/neogan74/konsul/internal/handlers/acl.go:215.43,216.23 1 0
github.com/neogan74/konsul/internal/handlers/acl.go:216.23,218.3 1 0
github.com/neogan74/konsul/internal/handlers/acl.go:221.2,221.55 1 0
github.com/neogan74/konsul/internal/handlers/acl.go:221.55,223.3 1 0
github.com/neogan74/konsul/internal/handlers/acl.go:226.2,227.16 2 0
github.com/neogan74/konsul/internal/handlers/acl.go:227.16,229.3 1 0
github.com/neogan74/konsul/internal/handlers/acl.go:231.2,231.29 1 0
github.com/neogan74/konsul/internal/handlers/acl.go:231.29,233.17 2 0
github.com/neogan74/konsul/internal/handlers/acl.go:233.17,235.12 2 0
github.com/neogan74/konsul/internal/handlers/acl.go:238.3,239.17 2 0
github.com/neogan74/konsul/internal/handlers/acl.go:239.17,241.12 2 0
github.com/neogan74/konsul/internal/handlers/acl.go:244.3,244.85 1 0
github.com/neogan74/konsul/internal/handlers/acl.go:244.85,246.12 2 0
github.com/neogan74/konsul/internal/handlers/acl.go:249.3,249.111 1 0
github.com/neogan74/konsul/internal/handlers/acl.go:252.2,252.12 1 0
github.com/neogan74/konsul/internal/handlers/acl.go:256.65,258.55 1 0
github.com/neogan74/konsul/internal/handlers/acl.go:258.55,260.3 1 0
github.com/neogan74/konsul/internal/handlers/acl.go:262.2,264.16 3 0
github.com/neogan74/konsul/internal/handlers/acl.go:264.16,266.3 1 0
github.com/neogan74/konsul/internal/handlers/acl.go:268.2,268.45 1 0
github.com/neogan74/konsul/internal/handlers/auth.go:16.98,21.2 1 0
github.com/neogan74/konsul/internal/handlers/auth.go:46.49,48.43 2 0
github.com/neogan74/konsul/internal/handlers/auth.go:48.43,52.3 1 0
github.com/neogan74/konsul/internal/handlers/auth.go:55.2,55.44 1 0
github.com/neogan74/konsul/internal/handlers/auth.go:55.44,59.3 1 0
github.com/neogan74/konsul/internal/handlers/auth.go:65.2,66.16 2 0
github.com/neogan74/konsul/internal/handlers/auth.go:66.16,70.3 1 0
github.com/neogan74/konsul/internal/handlers/auth.go:73.2,74.16 2 0
github.com/neogan74/konsul/internal/handlers/auth.go:74.16,78.3 1 0
github.com/neogan74/konsul/internal/handlers/auth.go:80.2,84.4 1 0
github.com/neogan74/konsul/internal/handlers/auth.go:88.51,90.43 2 0
github.com/neogan74/konsul/internal/handlers/auth.go:90.43,94.3 1 0
github.com/neogan74/konsul/internal/handlers/auth.go:97.2,97.50 1 0
github.com/neogan74/konsul/internal/handlers/auth.go:97.50,101.3 1 0
github.com/neogan74/konsul/internal/handlers/auth.go:104.2,105.16 2 0
github.com/neogan74/konsul/internal/handlers/auth.go:105.16,106.14 1 0
github.com/neogan74/konsul/internal/handlers/auth.go:107.29,110.6 1 0
github.com/neogan74/konsul/internal/handlers/auth.go:111.29,114.6 1 0
github.com/neogan74/konsul/internal/handlers/auth.go:115.11,118.6 1 0
github.com/neogan74/konsul/internal/handlers/auth.go:122.2,126.4 1 0
github.com/neogan74/konsul/internal/handlers/auth.go:130.50,132.19 2 0
github.com/neogan74/konsul/internal/handlers/auth.go:132.19,136.3 1 0
github.com/neogan74/konsul/internal/handlers/auth.go:138.2,144.4 1 0
github.com/neogan74/konsul/internal/handlers/auth.go:162.56,164.43 2 0
github.com/neogan74/konsul/internal/handlers/auth.go:164.43,168.3 1 0
github.com/neogan74/konsul/internal/handlers/auth.go:171.2,171.20 1 0
github.com/neogan74/konsul/internal/handlers/auth.go:171.20,175.3 1 0
github.com/neogan74/konsul/internal/handlers/auth.go:178.2,179.26 2 0
github.com/neogan74/konsul/internal/handlers/auth.go:179.26,182.3 2 0
github.com/neogan74/konsul/internal/handlers/auth.go:185.2,186.16 2 0
github.com/neogan74/konsul/internal/handlers/auth.go:186.16,190.3 1 0
github.com/neogan74/konsul/internal/handlers/auth.go:192.2,195.4 1 0
github.com/neogan74/konsul/internal/handlers/auth.go:199.55,205.2 2 0
github.com/neogan74/konsul/internal/handlers/auth.go:208.53,210.17 2 0
github.com/neogan74/konsul/internal/handlers/auth.go:210.17,214.3 1 0
github.com/neogan74/konsul/internal/handlers/auth.go:216.2,217.16 2 0
github.com/neogan74/konsul/internal/handlers/auth.go:217.16,218.36 1 0
github.com/neogan74/konsul/internal/handlers/auth.go:218.36,222.4 1 0
github.com/neogan74/konsul/internal/handlers/auth.go:223.3,225.5 1 0
github.com/neogan74/konsul/internal/handlers/auth.go:228.2,228.23 1 0
github.com/neogan74/konsul/internal/handlers/auth.go:232.56,234.17 2 0
github.com/neogan74/konsul/internal/handlers/auth.go:234.17,238.3 1 0
github.com/neogan74/konsul/internal/handlers/auth.go:240.2,240.60 1 0
github.com/neogan74/konsul/internal/handlers/auth.go:240.60,241.36 1 0
github.com/neogan74/konsul/internal/handlers/auth.go:241.36,245.4 1 0
github.com/neogan74/konsul/internal/handlers/auth.go:246.3,248.5 1 0
github.com/neogan74/konsul/internal/handlers/auth.go:251.2,253.4 1 0
github.com/neogan74/konsul/internal/handlers/auth.go:257.56,259.17 2 0
github.com/neogan74/konsul/internal/handlers/auth.go:259.17,263.3 1 0
github.com/neogan74/konsul/internal/handlers/auth.go:265.2,265.60 1 0
github.com/neogan74/konsul/internal/handlers/auth.go:265.60,266.36 1 0
github.com/neogan74/konsul/internal/handlers/auth.go:266.36,270.4 1 0
github.com/neogan74/konsul/internal/handlers/auth.go:271.3,273.5 1 0
github.com/neogan74/konsul/internal/handlers/auth.go:276.2,278.4 1 0
github.com/neogan74/konsul/internal/handlers/auth.go:290.56,292.17 2 0
github.com/neogan74/konsul/internal/handlers/auth.go:292.17,296.3 1 0
github.com/neogan74/konsul/internal/handlers/auth.go:298.2,299.43 2 0
github.com/neogan74/konsul/internal/handlers/auth.go:299.43,303.3 1 0
github.com/neogan74/konsul/internal/handlers/auth.go:305.2,305.114 1 0
github.com/neogan74/konsul/internal/handlers/auth.go:305.114,306.36 1 0
github.com/neogan74/konsul/internal/handlers/auth.go:306.36,310.4 1 0
github.com/neogan74/konsul/internal/handlers/auth.go:311.3,313.5 1 0
github.com/neogan74/konsul/internal/handlers/auth.go:316.2,318.4 1 0
github.com/neogan74/konsul/internal/handlers/backup.go:21.84,26.2 1 0
github.com/neogan74/konsul/internal/handlers/backup.go:29.58,32.21 2 0
github.com/neogan74/konsul/internal/handlers/backup.go:32.21,34.3 1 0
github.com/neogan74/konsul/internal/handlers/backup.go:37.2,40.52 3 0
github.com/neogan74/konsul/internal/handlers/backup.go:40.52,43.3 2 0
github.com/neogan74/konsul/internal/handlers/backup.go:45.2,51.4 2 0
github.com/neogan74/konsul/internal/handlers/backup.go:55.59,58.21 2 0
github.com/neogan74/konsul/internal/handlers/backup.go:58.21,60.3 1 0
github.com/neogan74/konsul/internal/handlers/backup.go:62.2,66.44 2 0
github.com/neogan74/konsul/internal/handlers/backup.go:66.44,68.3 1 0
github.com/neogan74/konsul/internal/handlers/backup.go:70.2,70.27 1 0
github.com/neogan74/konsul/internal/handlers/backup.go:70.27,72.3 1 0
github.com/neogan74/konsul/internal/handlers/backup.go:74.2,74.58 1 0
github.com/neogan74/konsul/internal/handlers/backup.go:74.58,79.3 2 0
github.com/neogan74/konsul/internal/handlers/backup.go:81.2,86.4 2 0
github.com/neogan74/konsul/internal/handlers/backup.go:90.56,93.21 2 0
github.com/neogan74/konsul/internal/handlers/backup.go:93.21,95.3 1 0
github.com/neogan74/konsul/internal/handlers/backup.go:98.2,98.66 1 0
github.com/neogan74/konsul/internal/handlers/backup.go:98.66,100.17 2 0
github.com/neogan74/konsul/internal/handlers/backup.go:100.17,103.4 2 0
github.com/neogan74/konsul/internal/handlers/backup.go:105.3,106.22 2 0
github.com/neogan74/konsul/internal/handlers/backup.go:109.2,109.83 1 0
github.com/neogan74/konsul/internal/handlers/backup.go:113.56,116.21 2 0
github.com/neogan74/konsul/internal/handlers/backup.go:116.21,118.3 1 0
github.com/neogan74/konsul/internal/handlers/backup.go:120.2,121.44 2 0
github.com/neogan74/konsul/internal/handlers/backup.go:121.44,123.3 1 0
github.com/neogan74/konsul/internal/handlers/backup.go:126.2,126.66 1 0
github.com/neogan74/konsul/internal/handlers/backup.go:126.66,127.55 1 0
github.com/neogan74/konsul/internal/handlers/backup.go:127.55,130.4 2 0
github.com/neogan74/konsul/internal/handlers/backup.go:132.3,133.68 2 0
github.com/neogan74/konsul/internal/handlers/backup.go:136.2,136.83 1 0
github.com/neogan74/konsul/internal/handlers/backup.go:140.57,141.21 1 0
github.com/neogan74/konsul/internal/handlers/backup.go:141.21,143.3 1 0
github.com/neogan74/konsul/internal/handlers/backup.go:147.2,150.4 1 0
github.com/neogan74/konsul/internal/handlers/health.go:48.112,55.2 1 3
github.com/neogan74/konsul/internal/handlers/health.go:58.51,68.39 7 1
github.com/neogan74/konsul/internal/handlers/health.go:68.39,69.33 1 1
github.com/neogan74/konsul/internal/handlers/health.go:69.33,71.4 1 1
github.com/neogan74/konsul/internal/handlers/health.go:71.9,73.4 1 0
github.com/neogan74/konsul/internal/handlers/health.go:77.2,100.23 3 1
github.com/neogan74/konsul/internal/handlers/health.go:104.54,109.2 1 1
github.com/neogan74/konsul/internal/handlers/health.go:112.55,126.2 3 1
github.com/neogan74/konsul/internal/handlers/healthcheck.go:15.82,19.2 1 0
github.com/neogan74/konsul/internal/handlers/healthcheck.go:21.61,29.2 5 0
github.com/neogan74/konsul/internal/handlers/healthcheck.go:31.67,44.2 6 0
github.com/neogan74/konsul/internal/handlers/healthcheck.go:46.65,53.16 5 0
github.com/neogan74/konsul/internal/handlers/healthcheck.go:53.16,58.3 2 0
github.com/neogan74/konsul/internal/handlers/healthcheck.go:60.2,61.79 2 0
github.com/neogan74/konsul/internal/handlers/healthcheck.go:64.59,68.48 3 0
github.com/neogan74/konsul/internal/handlers/healthcheck.go:68.48,71.3 2 0
github.com/neogan74/konsul/internal/handlers/healthcheck.go:73.2,79.85 2 0
github.com/neogan74/konsul/internal/handlers/kv.go:17.54,19.2 1 4
github.com/neogan74/konsul/internal/handlers/kv.go:21.45,28.9 5 2
github.com/neogan74/konsul/internal/handlers/kv.go:28.9,32.3 3 1
github.com/neogan74/konsul/internal/handlers/kv.go:34.2,36.54 3 1
github.com/neogan74/konsul/internal/handlers/kv.go:39.45,47.44 4 2
github.com/neogan74/konsul/internal/handlers/kv.go:47.44,52.3 2 1
github.com/neogan74/konsul/internal/handlers/kv.go:54.2,63.60 6 1
github.com/neogan74/konsul/internal/handlers/kv.go:66.48,78.2 8 1
github.com/neogan74/konsul/internal/handlers/kv.go:80.46,90.2 6 0
github.com/neogan74/konsul/internal/handlers/ratelimit.go:16.91,21.2 1 14
github.com/neogan74/konsul/internal/handlers/ratelimit.go:25.57,36.2 3 1
github.com/neogan74/konsul/internal/handlers/ratelimit.go:40.58,54.2 2 1
github.com/neogan74/konsul/internal/handlers/ratelimit.go:58.56,60.14 2 1
github.com/neogan74/konsul/internal/handlers/ratelimit.go:60.14,65.3 1 0
github.com/neogan74/konsul/internal/handlers/ratelimit.go:67.2,77.4 3 1
github.com/neogan74/konsul/internal/handlers/ratelimit.go:82.60,84.17 2 1
github.com/neogan74/konsul/internal/handlers/ratelimit.go:84.17,89.3 1 0
github.com/neogan74/konsul/internal/handlers/ratelimit.go:91.2,101.4 3 1
github.com/neogan74/konsul/internal/handlers/ratelimit.go:106.57,110.21 3 4
github.com/neogan74/konsul/internal/handlers/ratelimit.go:111.12,113.41 2 1
github.com/neogan74/konsul/internal/handlers/ratelimit.go:114.16,116.46 2 1
github.com/neogan74/konsul/internal/handlers/ratelimit.go:117.13,120.38 3 1
github.com/neogan74/konsul/internal/handlers/ratelimit.go:121.10,125.5 1 1
github.com/neogan74/konsul/internal/handlers/ratelimit.go:128.2,136.4 2 3
github.com/neogan74/konsul/internal/handlers/ratelimit.go:141.65,151.2 3 3
github.com/neogan74/konsul/internal/handlers/ratelimit.go:155.64,157.22 2 2
github.com/neogan74/konsul/internal/handlers/ratelimit.go:157.22,162.3 1 0
github.com/neogan74/konsul/internal/handlers/ratelimit.go:164.2,165.19 2 2
github.com/neogan74/konsul/internal/handlers/ratelimit.go:165.19,170.3 1 1
github.com/neogan74/konsul/internal/handlers/ratelimit.go:172.2,175.4 1 1
github.com/neogan74/konsul/internal/handlers/ratelimit.go:180.61,187.46 3 6
github.com/neogan74/konsul/internal/handlers/ratelimit.go:187.46,193.3 1 1
github.com/neogan74/konsul/internal/handlers/ratelimit.go:196.2,196.65 1 5
github.com/neogan74/konsul/internal/handlers/ratelimit.go:196.65,201.3 1 1
github.com/neogan74/konsul/internal/handlers/ratelimit.go:203.2,203.47 1 4
github.com/neogan74/konsul/internal/handlers/ratelimit.go:203.47,208.3 1 2
github.com/neogan74/konsul/internal/handlers/ratelimit.go:211.2,212.14 2 2
github.com/neogan74/konsul/internal/handlers/ratelimit.go:212.14,217.3 1 1
github.com/neogan74/konsul/internal/handlers/ratelimit.go:219.2,232.4 3 1
github.com/neogan74/konsul/internal/handlers/ratelimit.go:237.63,238.37 1 2
github.com/neogan74/konsul/internal/handlers/ratelimit.go:238.37,240.3 1 2
github.com/neogan74/konsul/internal/handlers/ratelimit.go:241.2,241.10 1 0
github.com/neogan74/konsul/internal/handlers/ratelimit.go:244.40,245.55 1 6
github.com/neogan74/konsul/internal/handlers/ratelimit.go:245.55,247.3 1 0
github.com/neogan74/konsul/internal/handlers/ratelimit.go:248.2,248.52 1 6
github.com/neogan74/konsul/internal/handlers/ratelimit.go:248.52,250.3 1 0
github.com/neogan74/konsul/internal/handlers/ratelimit.go:251.2,251.18 1 6
github.com/neogan74/konsul/internal/handlers/service.go:15.74,17.2 1 6
github.com/neogan74/konsul/internal/handlers/service.go:19.55,23.43 3 3
github.com/neogan74/konsul/internal/handlers/service.go:23.43,26.3 2 1
github.com/neogan74/konsul/internal/handlers/service.go:28.2,28.58 1 2
github.com/neogan74/konsul/internal/handlers/service.go:28.58,34.3 2 1
github.com/neogan74/konsul/internal/handlers/service.go:36.2,49.75 6 1
github.com/neogan74/konsul/internal/handlers/service.go:52.51,58.2 4 1
github.com/neogan74/konsul/internal/handlers/service.go:60.50,67.9 5 2
github.com/neogan74/konsul/internal/handlers/service.go:67.9,71.3 3 1
github.com/neogan74/konsul/internal/handlers/service.go:73.2,75.20 3 1
github.com/neogan74/konsul/internal/handlers/service.go:78.57,90.2 8 1
github.com/neogan74/konsul/internal/handlers/service.go:92.56,98.29 4 2
github.com/neogan74/konsul/internal/handlers/service.go:98.29,102.3 3 1
github.com/neogan74/konsul/internal/handlers/service.go:104.2,106.52 3 1
github.com/neogan74/konsul/internal/logger/logger.go:12.41,13.28 1 19
github.com/neogan74/konsul/internal/logger/logger.go:14.15,15.28 1 4
github.com/neogan74/konsul/internal/logger/logger.go:16.14,17.27 1 8
github.com/neogan74/konsul/internal/logger/logger.go:18.14,19.27 1 3
github.com/neogan74/konsul/internal/logger/logger.go:20.15,21.28 1 2
github.com/neogan74/konsul/internal/logger/logger.go:22.10,23.27 1 2
github.com/neogan74/konsul/internal/logger/logger.go:46.53,49.22 2 9
github.com/neogan74/konsul/internal/logger/logger.go:49.22,51.3 1 7
github.com/neogan74/konsul/internal/logger/logger.go:51.8,54.3 2 2
github.com/neogan74/konsul/internal/logger/logger.go:56.2,59.16 3 9
github.com/neogan74/konsul/internal/logger/logger.go:59.16,62.3 1 0
github.com/neogan74/konsul/internal/logger/logger.go:64.2,64.35 1 9
github.com/neogan74/konsul/internal/logger/logger.go:68.49,70.2 1 9
github.com/neogan74/konsul/internal/logger/logger.go:73.56,75.2 1 3
github.com/neogan74/konsul/internal/logger/logger.go:78.55,80.2 1 7
github.com/neogan74/konsul/internal/logger/logger.go:83.55,85.2 1 1
github.com/neogan74/konsul/internal/logger/logger.go:88.56,90.2 1 1
github.com/neogan74/konsul/internal/logger/logger.go:93.58,95.2 1 1
github.com/neogan74/konsul/internal/logger/logger.go:98.56,100.2 1 2
github.com/neogan74/konsul/internal/logger/logger.go:103.38,105.2 1 5
github.com/neogan74/konsul/internal/logger/logger.go:107.39,109.2 1 3
github.com/neogan74/konsul/internal/logger/logger.go:111.54,113.2 1 1
github.com/neogan74/konsul/internal/logger/logger.go:115.29,117.2 1 1
github.com/neogan74/konsul/internal/logger/logger.go:123.27,125.2 1 2
github.com/neogan74/konsul/internal/logger/logger.go:128.26,130.2 1 0
github.com/neogan74/konsul/internal/logger/logger.go:133.41,135.2 1 0
github.com/neogan74/konsul/internal/logger/logger.go:137.40,139.2 1 1
github.com/neogan74/konsul/internal/logger/logger.go:141.40,143.2 1 0
github.com/neogan74/konsul/internal/logger/logger.go:145.44,147.2 1 0
github.com/neogan74/konsul/internal/persistence/badger.go:28.97,30.51 1 6
github.com/neogan74/konsul/internal/persistence/badger.go:30.51,32.3 1 0
github.com/neogan74/konsul/internal/persistence/badger.go:34.2,49.16 10 6
github.com/neogan74/konsul/internal/persistence/badger.go:49.16,52.3 2 6
github.com/neogan74/konsul/internal/persistence/badger.go:52.8,55.3 2 0
github.com/neogan74/konsul/internal/persistence/badger.go:57.2,58.16 2 6
github.com/neogan74/konsul/internal/persistence/badger.go:58.16,60.3 1 0
github.com/neogan74/konsul/internal/persistence/badger.go:62.2,74.20 4 6
github.com/neogan74/konsul/internal/persistence/badger.go:77.47,81.21 3 6
github.com/neogan74/konsul/internal/persistence/badger.go:81.21,83.57 2 0
github.com/neogan74/konsul/internal/persistence/badger.go:83.57,85.4 1 0
github.com/neogan74/konsul/internal/persistence/badger.go:89.56,91.47 2 12
github.com/neogan74/konsul/internal/persistence/badger.go:91.47,93.17 2 12
github.com/neogan74/konsul/internal/persistence/badger.go:93.17,95.4 1 4
github.com/neogan74/konsul/internal/persistence/badger.go:96.3,97.13 2 8
github.com/neogan74/konsul/internal/persistence/badger.go:99.2,99.43 1 12
github.com/neogan74/konsul/internal/persistence/badger.go:99.43,101.3 1 4
github.com/neogan74/konsul/internal/persistence/badger.go:102.2,102.19 1 8
github.com/neogan74/konsul/internal/persistence/badger.go:105.60,106.49 1 3
github.com/neogan74/konsul/internal/persistence/badger.go:106.49,108.3 1 3
github.com/neogan74/konsul/internal/persistence/badger.go:111.49,112.49 1 1
github.com/neogan74/konsul/internal/persistence/badger.go:112.49,114.3 1 1
github.com/neogan74/konsul/internal/persistence/badger.go:117.62,121.47 3 1
github.com/neogan74/konsul/internal/persistence/badger.go:121.47,128.71 6 1
github.com/neogan74/konsul/internal/persistence/badger.go:128.71,133.4 3 1
github.com/neogan74/konsul/internal/persistence/badger.go:134.3,134.13 1 1
github.com/neogan74/konsul/internal/persistence/badger.go:136.2,136.18 1 1
github.com/neogan74/konsul/internal/persistence/badger.go:139.64,141.47 2 2
github.com/neogan74/konsul/internal/persistence/badger.go:141.47,143.17 2 2
github.com/neogan74/konsul/internal/persistence/badger.go:143.17,145.4 1 1
github.com/neogan74/konsul/internal/persistence/badger.go:148.3,148.75 1 1
github.com/neogan74/konsul/internal/persistence/badger.go:148.75,150.4 1 0
github.com/neogan74/konsul/internal/persistence/badger.go:152.3,153.13 2 1
github.com/neogan74/konsul/internal/persistence/badger.go:155.2,155.43 1 2
github.com/neogan74/konsul/internal/persistence/badger.go:155.43,157.3 1 1
github.com/neogan74/konsul/internal/persistence/badger.go:158.2,158.18 1 1
github.com/neogan74/konsul/internal/persistence/badger.go:161.86,162.49 1 1
github.com/neogan74/konsul/internal/persistence/badger.go:162.49,165.3 2 1
github.com/neogan74/konsul/internal/persistence/badger.go:168.57,169.49 1 0
github.com/neogan74/konsul/internal/persistence/badger.go:169.49,171.3 1 0
github.com/neogan74/konsul/internal/persistence/badger.go:174.57,176.47 2 2
github.com/neogan74/konsul/internal/persistence/badger.go:176.47,185.71 7 2
github.com/neogan74/konsul/internal/persistence/badger.go:185.71,188.62 2 1
github.com/neogan74/konsul/internal/persistence/badger.go:188.62,189.13 1 0
github.com/neogan74/konsul/internal/persistence/badger.go:191.4,192.65 2 1
github.com/neogan74/konsul/internal/persistence/badger.go:194.3,194.13 1 2
github.com/neogan74/konsul/internal/persistence/badger.go:196.2,196.19 1 2
github.com/neogan74/konsul/internal/persistence/badger.go:199.64,200.49 1 1
github.com/neogan74/konsul/internal/persistence/badger.go:200.49,201.33 1 1
github.com/neogan74/konsul/internal/persistence/badger.go:201.33,202.63 1 3
github.com/neogan74/konsul/internal/persistence/badger.go:202.63,204.5 1 0
github.com/neogan74/konsul/internal/persistence/badger.go:206.3,206.13 1 1
github.com/neogan74/konsul/internal/persistence/badger.go:210.57,211.49 1 1
github.com/neogan74/konsul/internal/persistence/badger.go:211.49,212.28 1 1
github.com/neogan74/konsul/internal/persistence/badger.go:212.28,213.61 1 2
github.com/neogan74/konsul/internal/persistence/badger.go:213.61,215.5 1 0
github.com/neogan74/konsul/internal/persistence/badger.go:217.3,217.13 1 1
github.com/neogan74/konsul/internal/persistence/badger.go:221.38,223.2 1 6
github.com/neogan74/konsul/internal/persistence/badger.go:225.50,228.47 2 1
github.com/neogan74/konsul/internal/persistence/badger.go:228.47,230.3 1 0
github.com/neogan74/konsul/internal/persistence/badger.go:232.2,233.16 2 1
github.com/neogan74/konsul/internal/persistence/badger.go:233.16,235.3 1 0
github.com/neogan74/konsul/internal/persistence/badger.go:236.2,239.16 3 1
github.com/neogan74/konsul/internal/persistence/badger.go:239.16,241.3 1 0
github.com/neogan74/konsul/internal/persistence/badger.go:243.2,244.12 2 1
github.com/neogan74/konsul/internal/persistence/badger.go:247.51,249.16 2 1
github.com/neogan74/konsul/internal/persistence/badger.go:249.16,251.3 1 0
github.com/neogan74/konsul/internal/persistence/badger.go:252.2,255.16 3 1
github.com/neogan74/konsul/internal/persistence/badger.go:255.16,257.3 1 0
github.com/neogan74/konsul/internal/persistence/badger.go:259.2,260.12 2 1
github.com/neogan74/konsul/internal/persistence/badger.go:263.55,266.2 2 2
github.com/neogan74/konsul/internal/persistence/badger.go:273.57,275.2 1 3
github.com/neogan74/konsul/internal/persistence/badger.go:277.46,279.2 1 0
github.com/neogan74/konsul/internal/persistence/badger.go:281.36,283.2 1 1
github.com/neogan74/konsul/internal/persistence/badger.go:285.38,288.2 2 1
github.com/neogan74/konsul/internal/persistence/badger.go:291.69,296.47 4 0
github.com/neogan74/konsul/internal/persistence/badger.go:296.47,301.42 4 0
github.com/neogan74/konsul/internal/persistence/badger.go:301.42,306.45 4 0
github.com/neogan74/konsul/internal/persistence/badger.go:306.45,309.5 2 0
github.com/neogan74/konsul/internal/persistence/badger.go:310.4,310.18 1 0
github.com/neogan74/konsul/internal/persistence/badger.go:310.18,312.5 1 0
github.com/neogan74/konsul/internal/persistence/badger.go:314.4,314.40 1 0
github.com/neogan74/konsul/internal/persistence/badger.go:314.40,316.5 1 0
github.com/neogan74/konsul/internal/persistence/badger.go:316.10,316.52 1 0
github.com/neogan74/konsul/internal/persistence/badger.go:316.52,318.59 2 0
github.com/neogan74/konsul/internal/persistence/badger.go:318.59,320.6 1 0
github.com/neogan74/konsul/internal/persistence/badger.go:323.3,323.13 1 0
github.com/neogan74/konsul/internal/persistence/badger.go:326.2,328.20 3 0
github.com/neogan74/konsul/internal/persistence/badger.go:332.70,333.49 1 0
github.com/neogan74/konsul/internal/persistence/badger.go:333.49,335.60 1 0
github.com/neogan74/konsul/internal/persistence/badger.go:335.60,336.35 1 0
github.com/neogan74/konsul/internal/persistence/badger.go:336.35,337.41 1 0
github.com/neogan74/konsul/internal/persistence/badger.go:337.41,338.74 1 0
github.com/neogan74/konsul/internal/persistence/badger.go:338.74,340.7 1 0
github.com/neogan74/konsul/internal/persistence/badger.go:346.3,346.67 1 0
github.com/neogan74/konsul/internal/persistence/badger.go:346.67,347.39 1 0
github.com/neogan74/konsul/internal/persistence/badger.go:347.39,349.19 2 0
github.com/neogan74/konsul/internal/persistence/badger.go:349.19,351.6 1 0
github.com/neogan74/konsul/internal/persistence/badger.go:352.5,352.73 1 0
github.com/neogan74/konsul/internal/persistence/badger.go:352.73,354.6 1 0
github.com/neogan74/konsul/internal/persistence/badger.go:358.3,358.13 1 0
github.com/neogan74/konsul/internal/persistence/factory.go:10.63,11.18 1 0
github.com/neogan74/konsul/internal/persistence/factory.go:11.18,14.3 2 0
github.com/neogan74/konsul/internal/persistence/factory.go:16.2,16.18 1 0
github.com/neogan74/konsul/internal/persistence/factory.go:17.16,19.32 2 0
github.com/neogan74/konsul/internal/persistence/factory.go:20.16,24.59 2 0
github.com/neogan74/konsul/internal/persistence/factory.go:25.10,26.71 1 0
github.com/neogan74/konsul/internal/persistence/memory.go:25.38,30.2 1 6
github.com/neogan74/konsul/internal/persistence/memory.go:32.56,36.34 3 10
github.com/neogan74/konsul/internal/persistence/memory.go:36.34,38.3 1 6
github.com/neogan74/konsul/internal/persistence/memory.go:39.2,39.41 1 4
github.com/neogan74/konsul/internal/persistence/memory.go:42.60,48.2 4 3
github.com/neogan74/konsul/internal/persistence/memory.go:50.49,56.2 4 1
github.com/neogan74/konsul/internal/persistence/memory.go:58.62,63.28 4 2
github.com/neogan74/konsul/internal/persistence/memory.go:63.28,64.37 1 3
github.com/neogan74/konsul/internal/persistence/memory.go:64.37,66.4 1 3
github.com/neogan74/konsul/internal/persistence/memory.go:68.2,68.18 1 2
github.com/neogan74/konsul/internal/persistence/memory.go:71.64,75.38 3 2
github.com/neogan74/konsul/internal/persistence/memory.go:75.38,76.41 1 2
github.com/neogan74/konsul/internal/persistence/memory.go:76.41,78.4 1 1
github.com/neogan74/konsul/internal/persistence/memory.go:80.2,80.45 1 1
github.com/neogan74/konsul/internal/persistence/memory.go:83.86,92.2 4 1
github.com/neogan74/konsul/internal/persistence/memory.go:94.57,100.2 4 0
github.com/neogan74/konsul/internal/persistence/memory.go:102.57,108.37 5 2
github.com/neogan74/konsul/internal/persistence/memory.go:108.37,109.34 1 2
github.com/neogan74/konsul/internal/persistence/memory.go:109.34,111.4 1 1
github.com/neogan74/konsul/internal/persistence/memory.go:113.2,113.19 1 2
github.com/neogan74/konsul/internal/persistence/memory.go:116.64,120.32 3 1
github.com/neogan74/konsul/internal/persistence/memory.go:120.32,122.3 1 3
github.com/neogan74/konsul/internal/persistence/memory.go:123.2,123.12 1 1
github.com/neogan74/konsul/internal/persistence/memory.go:126.57,130.27 3 1
github.com/neogan74/konsul/internal/persistence/memory.go:130.27,132.3 1 2
github.com/neogan74/konsul/internal/persistence/memory.go:133.2,133.12 1 1
github.com/neogan74/konsul/internal/persistence/memory.go:136.38,138.2 1 0
github.com/neogan74/konsul/internal/persistence/memory.go:140.50,150.16 5 1
github.com/neogan74/konsul/internal/persistence/memory.go:150.16,152.3 1 0
github.com/neogan74/konsul/internal/persistence/memory.go:154.2,154.43 1 1
github.com/neogan74/konsul/internal/persistence/memory.go:157.51,159.16 2 1
github.com/neogan74/konsul/internal/persistence/memory.go:159.16,161.3 1 0
github.com/neogan74/konsul/internal/persistence/memory.go:163.2,164.56 2 1
github.com/neogan74/konsul/internal/persistence/memory.go:164.56,166.3 1 0
github.com/neogan74/konsul/internal/persistence/memory.go:168.2,176.59 5 1
github.com/neogan74/konsul/internal/persistence/memory.go:176.59,177.34 1 1
github.com/neogan74/konsul/internal/persistence/memory.go:177.34,178.40 1 2
github.com/neogan74/konsul/internal/persistence/memory.go:178.40,180.5 1 2
github.com/neogan74/konsul/internal/persistence/memory.go:187.2,187.12 1 1
github.com/neogan74/konsul/internal/persistence/memory.go:190.55,192.2 1 2
github.com/neogan74/konsul/internal/persistence/memory.go:200.57,203.2 2 3
github.com/neogan74/konsul/internal/persistence/memory.go:205.46,208.2 2 0
github.com/neogan74/konsul/internal/persistence/memory.go:210.36,214.40 3 1
github.com/neogan74/konsul/internal/persistence/memory.go:214.40,215.19 1 2
github.com/neogan74/konsul/internal/persistence/memory.go:215.19,217.4 1 0
github.com/neogan74/konsul/internal/persistence/memory.go:217.9,219.4 1 2
github.com/neogan74/konsul/internal/persistence/memory.go:221.2,221.12 1 1
github.com/neogan74/konsul/internal/persistence/memory.go:224.38,227.2 2 1
github.com/neogan74/konsul/internal/ratelimit/limiter.go:18.51,25.2 1 28
github.com/neogan74/konsul/internal/ratelimit/limiter.go:28.32,37.33 6 46
github.com/neogan74/konsul/internal/ratelimit/limiter.go:37.33,39.3 1 24
github.com/neogan74/konsul/internal/ratelimit/limiter.go:41.2,44.21 2 46
github.com/neogan74/konsul/internal/ratelimit/limiter.go:44.21,47.3 2 38
github.com/neogan74/konsul/internal/ratelimit/limiter.go:49.2,49.14 1 8
github.com/neogan74/konsul/internal/ratelimit/limiter.go:53.36,57.2 3 2
github.com/neogan74/konsul/internal/ratelimit/limiter.go:60.27,65.2 4 1
github.com/neogan74/konsul/internal/ratelimit/limiter.go:77.78,89.2 3 11
github.com/neogan74/konsul/internal/ratelimit/limiter.go:92.49,97.12 4 37
github.com/neogan74/konsul/internal/ratelimit/limiter.go:97.12,99.3 1 12
github.com/neogan74/konsul/internal/ratelimit/limiter.go:102.2,106.48 3 25
github.com/neogan74/konsul/internal/ratelimit/limiter.go:106.48,108.3 1 0
github.com/neogan74/konsul/internal/ratelimit/limiter.go:110.2,112.16 3 25
github.com/neogan74/konsul/internal/ratelimit/limiter.go:116.40,119.2 2 31
github.com/neogan74/konsul/internal/ratelimit/limiter.go:122.35,126.2 3 3
github.com/neogan74/konsul/internal/ratelimit/limiter.go:129.28,133.2 3 1
github.com/neogan74/konsul/internal/ratelimit/limiter.go:136.29,140.2 3 6
github.com/neogan74/konsul/internal/ratelimit/limiter.go:143.31,144.20 1 11
github.com/neogan74/konsul/internal/ratelimit/limiter.go:144.20,146.3 1 11
github.com/neogan74/konsul/internal/ratelimit/limiter.go:148.2,151.21 3 0
github.com/neogan74/konsul/internal/ratelimit/limiter.go:151.21,153.3 1 0
github.com/neogan74/konsul/internal/ratelimit/limiter.go:157.34,164.39 5 0
github.com/neogan74/konsul/internal/ratelimit/limiter.go:164.39,169.23 4 0
github.com/neogan74/konsul/internal/ratelimit/limiter.go:169.23,171.4 1 0
github.com/neogan74/konsul/internal/ratelimit/limiter.go:176.60,181.39 4 0
github.com/neogan74/konsul/internal/ratelimit/limiter.go:181.39,193.3 4 0
github.com/neogan74/konsul/internal/ratelimit/limiter.go:195.2,195.16 1 0
github.com/neogan74/konsul/internal/ratelimit/limiter.go:199.83,204.13 4 0
github.com/neogan74/konsul/internal/ratelimit/limiter.go:204.13,206.3 1 0
github.com/neogan74/konsul/internal/ratelimit/limiter.go:208.2,218.3 3 0
github.com/neogan74/konsul/internal/ratelimit/limiter.go:239.41,242.17 2 5
github.com/neogan74/konsul/internal/ratelimit/limiter.go:242.17,244.3 1 3
github.com/neogan74/konsul/internal/ratelimit/limiter.go:246.2,246.21 1 5
github.com/neogan74/konsul/internal/ratelimit/limiter.go:246.21,248.3 1 3
github.com/neogan74/konsul/internal/ratelimit/limiter.go:250.2,254.3 1 5
github.com/neogan74/konsul/internal/ratelimit/limiter.go:258.43,259.40 1 19
github.com/neogan74/konsul/internal/ratelimit/limiter.go:259.40,261.3 1 10
github.com/neogan74/konsul/internal/ratelimit/limiter.go:262.2,262.28 1 9
github.com/neogan74/konsul/internal/ratelimit/limiter.go:266.51,267.45 1 20
github.com/neogan74/konsul/internal/ratelimit/limiter.go:267.45,269.3 1 10
github.com/neogan74/konsul/internal/ratelimit/limiter.go:270.2,270.33 1 10
github.com/neogan74/konsul/internal/ratelimit/limiter.go:274.38,275.22 1 1
github.com/neogan74/konsul/internal/ratelimit/limiter.go:275.22,277.3 1 1
github.com/neogan74/konsul/internal/ratelimit/limiter.go:281.46,282.23 1 1
github.com/neogan74/konsul/internal/ratelimit/limiter.go:282.23,284.3 1 1
github.com/neogan74/konsul/internal/ratelimit/limiter.go:288.50,291.22 2 1
github.com/neogan74/konsul/internal/ratelimit/limiter.go:291.22,293.3 1 1
github.com/neogan74/konsul/internal/ratelimit/limiter.go:295.2,295.23 1 1
github.com/neogan74/konsul/internal/ratelimit/limiter.go:295.23,297.3 1 1
github.com/neogan74/konsul/internal/ratelimit/limiter.go:299.2,299.14 1 1
github.com/neogan74/konsul/internal/ratelimit/limiter.go:303.38,305.2 1 0
github.com/neogan74/konsul/internal/ratelimit/limiter.go:308.32,309.22 1 0
github.com/neogan74/konsul/internal/ratelimit/limiter.go:309.22,311.3 1 0
github.com/neogan74/konsul/internal/ratelimit/limiter.go:315.36,316.23 1 0
github.com/neogan74/konsul/internal/ratelimit/limiter.go:316.23,318.3 1 0
github.com/neogan74/konsul/internal/ratelimit/limiter.go:332.68,335.47 2 0
github.com/neogan74/konsul/internal/ratelimit/limiter.go:335.47,336.23 1 0
github.com/neogan74/konsul/internal/ratelimit/limiter.go:336.23,338.4 1 0
github.com/neogan74/konsul/internal/ratelimit/limiter.go:341.2,341.51 1 0
github.com/neogan74/konsul/internal/ratelimit/limiter.go:341.51,342.24 1 0
github.com/neogan74/konsul/internal/ratelimit/limiter.go:342.24,344.4 1 0
github.com/neogan74/konsul/internal/ratelimit/limiter.go:347.2,347.16 1 0
github.com/neogan74/konsul/internal/ratelimit/limiter.go:351.66,353.22 1 0
github.com/neogan74/konsul/internal/ratelimit/limiter.go:353.22,354.71 1 0
github.com/neogan74/konsul/internal/ratelimit/limiter.go:354.71,356.4 1 0
github.com/neogan74/konsul/internal/ratelimit/limiter.go:360.2,360.23 1 0
github.com/neogan74/konsul/internal/ratelimit/limiter.go:360.23,361.76 1 0
github.com/neogan74/konsul/internal/ratelimit/limiter.go:361.76,363.4 1 0
github.com/neogan74/konsul/internal/ratelimit/limiter.go:366.2,366.12 1 0
github.com/neogan74/konsul/internal/ratelimit/limiter.go:371.74,374.73 2 0
github.com/neogan74/konsul/internal/ratelimit/limiter.go:374.73,377.3 2 0
github.com/neogan74/konsul/internal/ratelimit/limiter.go:379.2,379.46 1 0
github.com/neogan74/konsul/internal/ratelimit/limiter.go:379.46,382.3 2 0
github.com/neogan74/konsul/internal/ratelimit/limiter.go:388.2,388.16 1 0
github.com/neogan74/konsul/internal/store/kv.go:18.28,23.2 1 9
github.com/neogan74/konsul/internal/store/kv.go:26.96,34.19 2 0
github.com/neogan74/konsul/internal/store/kv.go:34.19,35.53 1 0
github.com/neogan74/konsul/internal/store/kv.go:35.53,37.4 1 0
github.com/neogan74/konsul/internal/store/kv.go:40.2,40.19 1 0
github.com/neogan74/konsul/internal/store/kv.go:43.48,44.22 1 0
github.com/neogan74/konsul/internal/store/kv.go:44.22,46.3 1 0
github.com/neogan74/konsul/internal/store/kv.go:48.2,49.16 2 0
github.com/neogan74/konsul/internal/store/kv.go:49.16,51.3 1 0
github.com/neogan74/konsul/internal/store/kv.go:53.2,53.27 1 0
github.com/neogan74/konsul/internal/store/kv.go:53.27,55.17 2 0
github.com/neogan74/konsul/internal/store/kv.go:55.17,59.12 2 0
github.com/neogan74/konsul/internal/store/kv.go:61.3,61.31 1 0
github.com/neogan74/konsul/internal/store/kv.go:64.2,66.12 2 0
github.com/neogan74/konsul/internal/store/kv.go:69.51,74.2 4 12024
github.com/neogan74/konsul/internal/store/kv.go:76.43,83.22 4 11018
github.com/neogan74/konsul/internal/store/kv.go:83.22,84.59 1 0
github.com/neogan74/konsul/internal/store/kv.go:84.59,88.4 1 0
github.com/neogan74/konsul/internal/store/kv.go:92.39,99.22 4 1003
github.com/neogan74/konsul/internal/store/kv.go:99.22,100.47 1 0
github.com/neogan74/konsul/internal/store/kv.go:100.47,104.4 1 0
github.com/neogan74/konsul/internal/store/kv.go:108.36,112.27 4 0
github.com/neogan74/konsul/internal/store/kv.go:112.27,114.3 1 0
github.com/neogan74/konsul/internal/store/kv.go:115.2,115.13 1 0
github.com/neogan74/konsul/internal/store/kv.go:119.60,124.32 3 0
github.com/neogan74/konsul/internal/store/kv.go:124.32,126.3 1 0
github.com/neogan74/konsul/internal/store/kv.go:129.2,129.22 1 0
github.com/neogan74/konsul/internal/store/kv.go:129.22,131.33 2 0
github.com/neogan74/konsul/internal/store/kv.go:131.33,133.4 1 0
github.com/neogan74/konsul/internal/store/kv.go:134.3,134.39 1 0
github.com/neogan74/konsul/internal/store/kv.go:137.2,137.12 1 0
github.com/neogan74/konsul/internal/store/kv.go:141.53,146.27 3 0
github.com/neogan74/konsul/internal/store/kv.go:146.27,148.3 1 0
github.com/neogan74/konsul/internal/store/kv.go:151.2,151.22 1 0
github.com/neogan74/konsul/internal/store/kv.go:151.22,153.3 1 0
github.com/neogan74/konsul/internal/store/kv.go:155.2,155.12 1 0
github.com/neogan74/konsul/internal/store/kv.go:159.34,160.22 1 0
github.com/neogan74/konsul/internal/store/kv.go:160.22,162.3 1 0
github.com/neogan74/konsul/internal/store/kv.go:163.2,163.12 1 0
github.com/neogan74/konsul/internal/store/service.go:35.38,42.2 1 7
github.com/neogan74/konsul/internal/store/service.go:44.62,51.2 1 0
github.com/neogan74/konsul/internal/store/service.go:54.125,64.19 2 0
github.com/neogan74/konsul/internal/store/service.go:64.19,65.53 1 0
github.com/neogan74/konsul/internal/store/service.go:65.53,67.4 1 0
github.com/neogan74/konsul/internal/store/service.go:70.2,70.19 1 0
github.com/neogan74/konsul/internal/store/service.go:73.52,74.21 1 0
github.com/neogan74/konsul/internal/store/service.go:74.21,76.3 1 0
github.com/neogan74/konsul/internal/store/service.go:78.2,79.16 2 0
github.com/neogan74/konsul/internal/store/service.go:79.16,81.3 1 0
github.com/neogan74/konsul/internal/store/service.go:83.2,84.32 2 0
github.com/neogan74/konsul/internal/store/service.go:84.32,86.17 2 0
github.com/neogan74/konsul/internal/store/service.go:86.17,90.12 2 0
github.com/neogan74/konsul/internal/store/service.go:93.3,94.54 2 0
github.com/neogan74/konsul/internal/store/service.go:94.54,98.12 2 0
github.com/neogan74/konsul/internal/store/service.go:102.3,102.40 1 0
github.com/neogan74/konsul/internal/store/service.go:102.40,105.4 2 0
github.com/neogan74/konsul/internal/store/service.go:108.2,110.12 2 0
github.com/neogan74/konsul/internal/store/service.go:113.50,124.42 5 9
github.com/neogan74/konsul/internal/store/service.go:124.42,126.31 1 0
github.com/neogan74/konsul/internal/store/service.go:126.31,128.4 1 0
github.com/neogan74/konsul/internal/store/service.go:131.3,131.26 1 0
github.com/neogan74/konsul/internal/store/service.go:131.26,133.4 1 0
github.com/neogan74/konsul/internal/store/service.go:135.3,136.17 2 0
github.com/neogan74/konsul/internal/store/service.go:136.17,141.4 1 0
github.com/neogan74/konsul/internal/store/service.go:145.2,145.21 1 9
github.com/neogan74/konsul/internal/store/service.go:145.21,147.17 2 0
github.com/neogan74/konsul/internal/store/service.go:147.17,152.4 2 0
github.com/neogan74/konsul/internal/store/service.go:154.3,154.72 1 0
github.com/neogan74/konsul/internal/store/service.go:154.72,158.4 1 0
github.com/neogan74/konsul/internal/store/service.go:162.41,168.31 5 3
github.com/neogan74/konsul/internal/store/service.go:168.31,169.33 1 4
github.com/neogan74/konsul/internal/store/service.go:169.33,171.4 1 3
github.com/neogan74/konsul/internal/store/service.go:173.2,173.17 1 3
github.com/neogan74/konsul/internal/store/service.go:176.49,181.31 4 0
github.com/neogan74/konsul/internal/store/service.go:181.31,183.3 1 0
github.com/neogan74/konsul/internal/store/service.go:184.2,184.16 1 0
github.com/neogan74/konsul/internal/store/service.go:187.57,192.47 4 6
github.com/neogan74/konsul/internal/store/service.go:192.47,194.3 1 3
github.com/neogan74/konsul/internal/store/service.go:195.2,195.28 1 3
github.com/neogan74/konsul/internal/store/service.go:198.52,203.9 4 3
github.com/neogan74/konsul/internal/store/service.go:203.9,205.3 1 1
github.com/neogan74/konsul/internal/store/service.go:207.2,211.21 3 2
github.com/neogan74/konsul/internal/store/service.go:211.21,213.17 2 0
github.com/neogan74/konsul/internal/store/service.go:213.17,218.4 2 0
github.com/neogan74/konsul/internal/store/service.go:220.3,220.64 1 0
github.com/neogan74/konsul/internal/store/service.go:220.64,224.4 1 0
github.com/neogan74/konsul/internal/store/service.go:227.2,227.13 1 2
github.com/neogan74/konsul/internal/store/service.go:230.48,237.21 4 1
github.com/neogan74/konsul/internal/store/service.go:237.21,238.54 1 0
github.com/neogan74/konsul/internal/store/service.go:238.54,242.4 1 0
github.com/neogan74/konsul/internal/store/service.go:246.45,254.34 6 1
github.com/neogan74/konsul/internal/store/service.go:254.34,255.34 1 2
github.com/neogan74/konsul/internal/store/service.go:255.34,259.4 3 1
github.com/neogan74/konsul/internal/store/service.go:263.2,263.49 1 1
github.com/neogan74/konsul/internal/store/service.go:263.49,264.40 1 0
github.com/neogan74/konsul/internal/store/service.go:264.40,265.55 1 0
github.com/neogan74/konsul/internal/store/service.go:265.55,269.5 1 0
github.com/neogan74/konsul/internal/store/service.go:273.2,273.14 1 1
github.com/neogan74/konsul/internal/store/service.go:277.81,280.31 3 0
github.com/neogan74/konsul/internal/store/service.go:280.31,281.37 1 0
github.com/neogan74/konsul/internal/store/service.go:281.37,283.4 1 0
github.com/neogan74/konsul/internal/store/service.go:285.2,285.22 1 0
github.com/neogan74/konsul/internal/store/service.go:289.66,291.2 1 0
github.com/neogan74/konsul/internal/store/service.go:294.61,296.2 1 0
github.com/neogan74/konsul/internal/store/service.go:299.38,301.21 2 0
github.com/neogan74/konsul/internal/store/service.go:301.21,303.3 1 0
github.com/neogan74/konsul/internal/store/service.go:304.2,304.12 1 0
github.com/neogan74/konsul/cmd/konsul-template/client.go:25.68,35.2 1 0
github.com/neogan74/konsul/cmd/konsul-template/client.go:38.57,42.2 2 0
github.com/neogan74/konsul/cmd/konsul-template/client.go:45.67,49.2 2 0
github.com/neogan74/konsul/cmd/konsul-template/client.go:52.42,55.16 3 0
github.com/neogan74/konsul/cmd/konsul-template/client.go:55.16,58.3 2 0
github.com/neogan74/konsul/cmd/konsul-template/client.go:59.2,61.38 2 0
github.com/neogan74/konsul/cmd/konsul-template/client.go:61.38,65.3 2 0
github.com/neogan74/konsul/cmd/konsul-template/client.go:67.2,68.16 2 0
github.com/neogan74/konsul/cmd/konsul-template/client.go:68.16,70.3 1 0
github.com/neogan74/konsul/cmd/konsul-template/client.go:72.2,73.54 2 0
github.com/neogan74/konsul/cmd/konsul-template/client.go:73.54,75.3 1 0
github.com/neogan74/konsul/cmd/konsul-template/client.go:77.2,78.12 2 0
github.com/neogan74/konsul/cmd/konsul-template/client.go:82.48,85.16 3 0
github.com/neogan74/konsul/cmd/konsul-template/client.go:85.16,88.3 2 0
github.com/neogan74/konsul/cmd/konsul-template/client.go:89.2,91.38 2 0
github.com/neogan74/konsul/cmd/konsul-template/client.go:91.38,95.3 2 0
github.com/neogan74/konsul/cmd/konsul-template/client.go:97.2,98.16 2 0
github.com/neogan74/konsul/cmd/konsul-template/client.go:98.16,100.3 1 0
github.com/neogan74/konsul/cmd/konsul-template/client.go:102.2,103.56 2 0
github.com/neogan74/konsul/cmd/konsul-template/client.go:103.56,105.3 1 0
github.com/neogan74/konsul/cmd/konsul-template/client.go:107.2,108.12 2 0
github.com/neogan74/konsul/cmd/konsul-template/client.go:118.28,122.2 1 0
github.com/neogan74/konsul/cmd/konsul-template/client.go:124.50,129.2 4 0
github.com/neogan74/konsul/cmd/konsul-template/client.go:131.35,135.24 4 0
github.com/neogan74/konsul/cmd/konsul-template/client.go:135.24,137.3 1 0
github.com/neogan74/konsul/cmd/konsul-template/client.go:138.2,138.13 1 0
github.com/neogan74/konsul/cmd/konsul-template/client.go:141.50,145.2 3 0
github.com/neogan74/konsul/cmd/konsul-template/client.go:154.38,158.2 1 0
github.com/neogan74/konsul/cmd/konsul-template/client.go:160.66,165.2 4 0
github.com/neogan74/konsul/cmd/konsul-template/client.go:167.50,171.33 4 0
github.com/neogan74/konsul/cmd/konsul-template/client.go:171.33,173.3 1 0
github.com/neogan74/konsul/cmd/konsul-template/client.go:174.2,174.17 1 0
github.com/neogan74/konsul/cmd/konsul-template/client.go:177.60,181.31 4 0
github.com/neogan74/konsul/cmd/konsul-template/client.go:181.31,183.3 1 0
github.com/neogan74/konsul/cmd/konsul-template/main.go:18.13,32.18 3 0
github.com/neogan74/konsul/cmd/konsul-template/main.go:32.18,35.3 2 0
github.com/neogan74/konsul/cmd/konsul-template/main.go:38.2,42.45 2 0
github.com/neogan74/konsul/cmd/konsul-template/main.go:42.45,46.3 3 0
github.com/neogan74/konsul/cmd/konsul-template/main.go:49.2,59.24 3 0
github.com/neogan74/konsul/cmd/konsul-template/main.go:59.24,60.18 1 0
github.com/neogan74/konsul/cmd/konsul-template/main.go:60.18,63.4 2 0
github.com/neogan74/konsul/cmd/konsul-template/main.go:65.3,71.4 1 0
github.com/neogan74/konsul/cmd/konsul-template/main.go:75.2,77.11 2 0
github.com/neogan74/konsul/cmd/konsul-template/main.go:77.11,80.42 2 0
github.com/neogan74/konsul/cmd/konsul-template/main.go:80.42,83.4 2 0
github.com/neogan74/konsul/cmd/konsul-template/main.go:84.3,85.9 2 0
github.com/neogan74/konsul/cmd/konsul-template/main.go:89.2,100.12 7 0
github.com/neogan74/konsul/cmd/konsul-template/main.go:100.12,102.3 1 0
github.com/neogan74/konsul/cmd/konsul-template/main.go:105.2,105.9 1 0
github.com/neogan74/konsul/cmd/konsul-template/main.go:106.15,110.30 3 0
github.com/neogan74/konsul/cmd/konsul-template/main.go:111.22,112.17 1 0
github.com/neogan74/konsul/cmd/konsul-template/main.go:112.17,115.4 2 0
github.com/neogan74/konsul/cmd/konsul-template/main.go:118.2,118.31 1 0
github.com/neogan74/konsul/cmd/konsulctl/backup_commands.go:13.50,15.2 1 0
github.com/neogan74/konsul/cmd/konsulctl/backup_commands.go:18.48,19.20 1 0
github.com/neogan74/konsul/cmd/konsulctl/backup_commands.go:19.20,24.3 4 0
github.com/neogan74/konsul/cmd/konsulctl/backup_commands.go:26.2,29.20 3 0
github.com/neogan74/konsul/cmd/konsulctl/backup_commands.go:30.16,31.20 1 0
github.com/neogan74/konsul/cmd/konsulctl/backup_commands.go:32.17,33.21 1 0
github.com/neogan74/konsul/cmd/konsulctl/backup_commands.go:34.14,35.18 1 0
github.com/neogan74/konsul/cmd/konsulctl/backup_commands.go:36.16,37.20 1 0
github.com/neogan74/konsul/cmd/konsulctl/backup_commands.go:38.10,41.16 3 0
github.com/neogan74/konsul/cmd/konsulctl/backup_commands.go:46.48,48.25 2 0
github.com/neogan74/konsul/cmd/konsulctl/backup_commands.go:48.25,51.3 2 0
github.com/neogan74/konsul/cmd/konsulctl/backup_commands.go:52.2,60.61 6 0
github.com/neogan74/konsul/cmd/konsulctl/backup_commands.go:64.49,66.25 2 0
github.com/neogan74/konsul/cmd/konsulctl/backup_commands.go:66.25,69.3 2 0
github.com/neogan74/konsul/cmd/konsulctl/backup_commands.go:70.2,79.69 7 0
github.com/neogan74/konsul/cmd/konsulctl/backup_commands.go:83.46,85.25 2 0
github.com/neogan74/konsul/cmd/konsulctl/backup_commands.go:85.25,88.3 2 0
github.com/neogan74/konsul/cmd/konsulctl/backup_commands.go:89.2,97.23 6 0
github.com/neogan74/konsul/cmd/konsulctl/backup_commands.go:97.23,100.3 2 0
github.com/neogan74/konsul/cmd/konsulctl/backup_commands.go:102.2,103.33 2 0
github.com/neogan74/konsul/cmd/konsulctl/backup_commands.go:103.33,105.3 1 0
[...]
github.com/neogan74/konsul/internal/template/renderer.go:115.92,117.3 1 0
github.com/neogan74/konsul/internal/template/renderer.go:120.2,120.64 1 2
github.com/neogan74/konsul/internal/template/renderer.go:120.64,123.3 2 0
github.com/neogan74/konsul/internal/template/renderer.go:125.2,125.12 1 2
github.com/neogan74/konsul/internal/template/renderer.go:130.69,134.16 2 2
github.com/neogan74/konsul/internal/template/renderer.go:134.16,136.3 1 0
github.com/neogan74/konsul/internal/template/renderer.go:138.2,141.16 2 2
github.com/neogan74/konsul/internal/template/renderer.go:141.16,143.3 1 0
github.com/neogan74/konsul/internal/template/renderer.go:145.2,146.48 2 2
github.com/neogan74/konsul/internal/template/renderer.go:146.48,148.3 1 0
github.com/neogan74/konsul/internal/template/renderer.go:150.2,150.21 1 2
github.com/neogan74/konsul/internal/template/renderer.go:154.74,156.18 2 0
github.com/neogan74/konsul/internal/template/renderer.go:156.18,158.3 1 0
github.com/neogan74/konsul/internal/template/renderer.go:160.2,160.52 1 0
github.com/neogan74/konsul/internal/template/renderer.go:164.38,166.16 2 1
github.com/neogan74/konsul/internal/template/renderer.go:166.16,168.3 1 0
github.com/neogan74/konsul/internal/template/renderer.go:170.2,171.16 2 1
github.com/neogan74/konsul/internal/template/renderer.go:171.16,173.3 1 0
github.com/neogan74/konsul/internal/template/renderer.go:175.2,175.45 1 1
github.com/neogan74/konsul/internal/template/watcher.go:24.67,29.26 3 0
github.com/neogan74/konsul/internal/template/watcher.go:29.26,32.3 2 0
github.com/neogan74/konsul/internal/template/watcher.go:32.8,32.38 1 0
github.com/neogan74/konsul/internal/template/watcher.go:32.38,36.3 2 0
github.com/neogan74/konsul/internal/template/watcher.go:38.2,43.3 1 0
github.com/neogan74/konsul/internal/template/watcher.go:47.46,54.6 5 0
github.com/neogan74/konsul/internal/template/watcher.go:54.6,55.10 1 0
github.com/neogan74/konsul/internal/template/watcher.go:56.21,57.10 1 0
github.com/neogan74/konsul/internal/template/watcher.go:59.19,61.22 1 0
github.com/neogan74/konsul/internal/template/watcher.go:61.22,62.25 1 0
github.com/neogan74/konsul/internal/template/watcher.go:62.25,66.6 2 0
github.com/neogan74/konsul/internal/template/watcher.go:69.25,71.23 1 0
github.com/neogan74/konsul/internal/template/watcher.go:71.23,74.5 2 0
github.com/neogan74/konsul/internal/template/watcher.go:75.4,75.33 1 0
github.com/neogan74/konsul/internal/template/watcher.go:81.37,84.16 2 0
github.com/neogan74/konsul/internal/template/watcher.go:84.16,87.3 1 0
github.com/neogan74/konsul/internal/template/watcher.go:90.2,93.24 2 0
github.com/neogan74/konsul/internal/template/watcher.go:93.24,96.3 2 0
github.com/neogan74/konsul/internal/template/watcher.go:98.2,98.14 1 0
github.com/neogan74/konsul/internal/template/watcher.go:102.28,104.42 1 0
github.com/neogan74/konsul/internal/template/watcher.go:104.42,106.3 1 0
github.com/neogan74/konsul/internal/template/watcher.go:108.2,109.16 2 0
github.com/neogan74/konsul/internal/template/watcher.go:109.16,114.3 2 0
github.com/neogan74/konsul/internal/template/watcher.go:116.2,117.27 2 0
github.com/neogan74/konsul/internal/template/watcher.go:121.41,125.2 3 0
github.com/neogan74/konsul/internal/tls/cert.go:18.61,21.16 2 0
github.com/neogan74/konsul/internal/tls/cert.go:21.16,23.3 1 0
github.com/neogan74/konsul/internal/tls/cert.go:26.2,28.16 3 0
github.com/neogan74/konsul/internal/tls/cert.go:28.16,30.3 1 0
github.com/neogan74/konsul/internal/tls/cert.go:32.2,52.16 5 0
github.com/neogan74/konsul/internal/tls/cert.go:52.16,54.3 1 0
github.com/neogan74/konsul/internal/tls/cert.go:57.2,58.16 2 0
github.com/neogan74/konsul/internal/tls/cert.go:58.16,60.3 1 0
github.com/neogan74/konsul/internal/tls/cert.go:61.2,63.94 2 0
github.com/neogan74/konsul/internal/tls/cert.go:63.94,65.3 1 0
github.com/neogan74/konsul/internal/tls/cert.go:68.2,69.16 2 0
github.com/neogan74/konsul/internal/tls/cert.go:69.16,71.3 1 0
github.com/neogan74/konsul/internal/tls/cert.go:72.2,75.16 3 0
github.com/neogan74/konsul/internal/tls/cert.go:75.16,77.3 1 0
github.com/neogan74/konsul/internal/tls/cert.go:79.2,79.97 1 0
github.com/neogan74/konsul/internal/tls/cert.go:79.97,81.3 1 0
github.com/neogan74/konsul/internal/tls/cert.go:83.2,83.12 1 0
github.com/neogan74/konsul/internal/telemetry/tracing.go:35.86,36.21 1 0
github.com/neogan74/konsul/internal/telemetry/tracing.go:36.21,42.3 1 0
github.com/neogan74/konsul/internal/telemetry/tracing.go:45.2,49.25 2 0
github.com/neogan74/konsul/internal/telemetry/tracing.go:49.25,51.3 1 0
github.com/neogan74/konsul/internal/telemetry/tracing.go:53.2,54.16 2 0
github.com/neogan74/konsul/internal/telemetry/tracing.go:54.16,56.3 1 0
github.com/neogan74/konsul/internal/telemetry/tracing.go:59.2,66.16 2 0
github.com/neogan74/konsul/internal/telemetry/tracing.go:66.16,68.3 1 0
github.com/neogan74/konsul/internal/telemetry/tracing.go:71.2,72.33 2 0
github.com/neogan74/konsul/internal/telemetry/tracing.go:72.33,74.3 1 0
github.com/neogan74/konsul/internal/telemetry/tracing.go:74.8,74.40 1 0
github.com/neogan74/konsul/internal/telemetry/tracing.go:74.40,76.3 1 0
github.com/neogan74/konsul/internal/telemetry/tracing.go:76.8,78.3 1 0
github.com/neogan74/konsul/internal/telemetry/tracing.go:81.2,106.8 5 0
github.com/neogan74/konsul/internal/telemetry/tracing.go:110.63,111.24 1 0
github.com/neogan74/konsul/internal/telemetry/tracing.go:111.24,113.3 1 0
github.com/neogan74/konsul/internal/telemetry/tracing.go:114.2,114.34 1 0
github.com/neogan74/konsul/internal/telemetry/tracing.go:118.49,120.2 1 0
github.com/neogan74/konsul/internal/telemetry/tracing.go:123.42,125.2 1 0
github.com/neogan74/konsul/internal/middleware/acl.go:11.118,12.34 1 0
github.com/neogan74/konsul/internal/middleware/acl.go:12.34,15.20 2 0
github.com/neogan74/konsul/internal/middleware/acl.go:15.20,19.4 1 0
github.com/neogan74/konsul/internal/middleware/acl.go:22.3,22.32 1 0
github.com/neogan74/konsul/internal/middleware/acl.go:22.32,27.4 1 0
github.com/neogan74/konsul/internal/middleware/acl.go:30.3,31.23 2 0
github.com/neogan74/konsul/internal/middleware/acl.go:32.27,34.17 2 0
github.com/neogan74/konsul/internal/middleware/acl.go:34.17,36.5 1 0
github.com/neogan74/konsul/internal/middleware/acl.go:37.4,37.37 1 0
github.com/neogan74/konsul/internal/middleware/acl.go:38.32,40.18 2 0
github.com/neogan74/konsul/internal/middleware/acl.go:40.18,42.5 1 0
github.com/neogan74/konsul/internal/middleware/acl.go:43.4,43.43 1 0
github.com/neogan74/konsul/internal/middleware/acl.go:44.31,45.38 1 0
github.com/neogan74/konsul/internal/middleware/acl.go:46.31,47.38 1 0
github.com/neogan74/konsul/internal/middleware/acl.go:48.30,49.37 1 0
github.com/neogan74/konsul/internal/middleware/acl.go:53.3,54.15 2 0
github.com/neogan74/konsul/internal/middleware/acl.go:54.15,61.4 1 0
github.com/neogan74/konsul/internal/middleware/acl.go:64.3,67.18 3 0
github.com/neogan74/konsul/internal/middleware/acl.go:72.67,73.34 1 0
github.com/neogan74/konsul/internal/middleware/acl.go:73.34,76.20 2 0
github.com/neogan74/konsul/internal/middleware/acl.go:76.20,80.4 1 0
github.com/neogan74/konsul/internal/middleware/acl.go:83.3,83.32 1 0
github.com/neogan74/konsul/internal/middleware/acl.go:83.32,88.4 1 0
github.com/neogan74/konsul/internal/middleware/acl.go:91.3,95.15 3 0
github.com/neogan74/konsul/internal/middleware/acl.go:95.15,103.4 1 0
github.com/neogan74/konsul/internal/middleware/acl.go:106.3,109.18 3 0
github.com/neogan74/konsul/internal/middleware/acl.go:114.78,119.54 3 0
github.com/neogan74/konsul/internal/middleware/acl.go:119.54,121.16 2 0
github.com/neogan74/konsul/internal/middleware/acl.go:121.16,123.4 1 0
github.com/neogan74/konsul/internal/middleware/acl.go:124.3,126.17 2 0
github.com/neogan74/konsul/internal/middleware/acl.go:127.14,128.53 1 0
github.com/neogan74/konsul/internal/middleware/acl.go:128.53,130.5 1 0
github.com/neogan74/konsul/internal/middleware/acl.go:131.4,131.39 1 0
github.com/neogan74/konsul/internal/middleware/acl.go:132.22,133.40 1 0
github.com/neogan74/konsul/internal/middleware/acl.go:134.17,135.41 1 0
github.com/neogan74/konsul/internal/middleware/acl.go:140.2,141.85 1 0
github.com/neogan74/konsul/internal/middleware/acl.go:141.85,144.24 2 0
github.com/neogan74/konsul/internal/middleware/acl.go:144.24,146.4 1 0
github.com/neogan74/konsul/internal/middleware/acl.go:147.3,149.10 2 0
github.com/neogan74/konsul/internal/middleware/acl.go:150.45,151.43 1 0
github.com/neogan74/konsul/internal/middleware/acl.go:152.48,153.45 1 0
github.com/neogan74/konsul/internal/middleware/acl.go:154.47,155.40 1 0
github.com/neogan74/konsul/internal/middleware/acl.go:156.24,157.50 1 0
github.com/neogan74/konsul/internal/middleware/acl.go:157.50,159.5 1 0
github.com/neogan74/konsul/internal/middleware/acl.go:160.4,160.39 1 0
github.com/neogan74/konsul/internal/middleware/acl.go:165.2,165.40 1 0
github.com/neogan74/konsul/internal/middleware/acl.go:165.40,167.17 2 0
github.com/neogan74/konsul/internal/middleware/acl.go:168.14,169.39 1 0
github.com/neogan74/konsul/internal/middleware/acl.go:170.22,171.40 1 0
github.com/neogan74/konsul/internal/middleware/acl.go:176.2,177.76 1 0
github.com/neogan74/konsul/internal/middleware/acl.go:177.76,180.10 2 0
github.com/neogan74/konsul/internal/middleware/acl.go:181.43,182.41 1 0
github.com/neogan74/konsul/internal/middleware/acl.go:183.44,184.42 1 0
github.com/neogan74/konsul/internal/middleware/acl.go:185.43,186.41 1 0
github.com/neogan74/konsul/internal/middleware/acl.go:187.43,188.41 1 0
github.com/neogan74/konsul/internal/middleware/acl.go:193.2,193.77 1 0
github.com/neogan74/konsul/internal/middleware/acl.go:193.77,195.17 2 0
github.com/neogan74/konsul/internal/middleware/acl.go:196.14,197.39 1 0
github.com/neogan74/konsul/internal/middleware/acl.go:198.32,199.40 1 0
github.com/neogan74/konsul/internal/middleware/acl.go:204.2,204.70 1 0
github.com/neogan74/konsul/internal/middleware/acl.go:208.49,209.65 1 0
github.com/neogan74/konsul/internal/middleware/acl.go:209.65,211.3 1 0
github.com/neogan74/konsul/internal/middleware/acl.go:212.2,212.12 1 0
github.com/neogan74/konsul/internal/middleware/acl.go:216.52,217.64 1 0
github.com/neogan74/konsul/internal/middleware/acl.go:217.64,219.3 1 0
github.com/neogan74/konsul/internal/middleware/acl.go:220.2,220.11 1 0
github.com/neogan74/konsul/internal/middleware/apikey.go:11.88,14.35 2 7
github.com/neogan74/konsul/internal/middleware/apikey.go:14.35,16.3 1 2
github.com/neogan74/konsul/internal/middleware/apikey.go:18.2,18.34 1 7
github.com/neogan74/konsul/internal/middleware/apikey.go:18.34,20.30 1 7
github.com/neogan74/konsul/internal/middleware/apikey.go:20.30,22.4 1 1
github.com/neogan74/konsul/internal/middleware/apikey.go:25.3,28.19 2 6
github.com/neogan74/konsul/internal/middleware/apikey.go:28.19,30.24 2 2
github.com/neogan74/konsul/internal/middleware/apikey.go:30.24,32.48 2 1
github.com/neogan74/konsul/internal/middleware/apikey.go:32.48,34.6 1 1
github.com/neogan74/konsul/internal/middleware/apikey.go:39.3,39.19 1 6
github.com/neogan74/konsul/internal/middleware/apikey.go:39.19,43.4 1 1
github.com/neogan74/konsul/internal/middleware/apikey.go:46.3,47.17 2 5
github.com/neogan74/konsul/internal/middleware/apikey.go:47.17,48.15 1 3
github.com/neogan74/konsul/internal/middleware/apikey.go:49.31,52.7 1 1
github.com/neogan74/konsul/internal/middleware/apikey.go:53.32,56.7 1 1
github.com/neogan74/konsul/internal/middleware/apikey.go:57.32,60.7 1 1
github.com/neogan74/konsul/internal/middleware/apikey.go:61.12,64.7 1 0
github.com/neogan74/konsul/internal/middleware/apikey.go:69.3,75.18 6 2
github.com/neogan74/konsul/internal/middleware/apikey.go:80.39,81.51 1 2
github.com/neogan74/konsul/internal/middleware/apikey.go:81.51,83.3 1 1
github.com/neogan74/konsul/internal/middleware/apikey.go:84.2,84.11 1 1
github.com/neogan74/konsul/internal/middleware/apikey.go:88.41,89.55 1 2
github.com/neogan74/konsul/internal/middleware/apikey.go:89.55,91.3 1 1
github.com/neogan74/konsul/internal/middleware/apikey.go:92.2,92.11 1 1
github.com/neogan74/konsul/internal/middleware/apikey.go:96.50,97.65 1 10
github.com/neogan74/konsul/internal/middleware/apikey.go:97.65,99.3 1 9
github.com/neogan74/konsul/internal/middleware/apikey.go:100.2,100.19 1 1
github.com/neogan74/konsul/internal/middleware/apikey.go:104.43,105.55 1 2
github.com/neogan74/konsul/internal/middleware/apikey.go:105.55,107.3 1 1
github.com/neogan74/konsul/internal/middleware/apikey.go:108.2,108.12 1 1
github.com/neogan74/konsul/internal/middleware/apikey.go:112.58,114.26 2 8
github.com/neogan74/konsul/internal/middleware/apikey.go:114.26,115.34 1 10
github.com/neogan74/konsul/internal/middleware/apikey.go:115.34,117.4 1 6
github.com/neogan74/konsul/internal/middleware/apikey.go:119.2,119.14 1 2
github.com/neogan74/konsul/internal/middleware/apikey.go:123.57,124.34 1 2
github.com/neogan74/konsul/internal/middleware/apikey.go:124.34,125.36 1 2
github.com/neogan74/konsul/internal/middleware/apikey.go:125.36,129.4 1 1
github.com/neogan74/konsul/internal/middleware/apikey.go:130.3,130.18 1 1
github.com/neogan74/konsul/internal/middleware/errors.go:20.53,22.2 1 3
github.com/neogan74/konsul/internal/middleware/errors.go:25.51,27.2 1 6
github.com/neogan74/konsul/internal/middleware/errors.go:30.62,32.2 1 3
github.com/neogan74/konsul/internal/middleware/errors.go:35.62,37.2 1 1
github.com/neogan74/konsul/internal/middleware/errors.go:40.51,42.2 1 2
github.com/neogan74/konsul/internal/middleware/errors.go:45.56,47.2 1 1
github.com/neogan74/konsul/internal/middleware/errors.go:50.82,71.2 4 15
github.com/neogan74/konsul/internal/middleware/jwt.go:11.79,14.35 2 8
github.com/neogan74/konsul/internal/middleware/jwt.go:14.35,16.3 1 3
github.com/neogan74/konsul/internal/middleware/jwt.go:18.2,18.34 1 8
github.com/neogan74/konsul/internal/middleware/jwt.go:18.34,20.30 1 8
github.com/neogan74/konsul/internal/middleware/jwt.go:20.30,22.4 1 1
github.com/neogan74/konsul/internal/middleware/jwt.go:25.3,26.23 2 7
github.com/neogan74/konsul/internal/middleware/jwt.go:26.23,30.4 1 1
github.com/neogan74/konsul/internal/middleware/jwt.go:33.3,34.46 2 6
github.com/neogan74/konsul/internal/middleware/jwt.go:34.46,38.4 1 4
github.com/neogan74/konsul/internal/middleware/jwt.go:40.3,44.17 3 2
github.com/neogan74/konsul/internal/middleware/jwt.go:44.17,45.15 1 1
github.com/neogan74/konsul/internal/middleware/jwt.go:46.30,49.7 1 0
github.com/neogan74/konsul/internal/middleware/jwt.go:50.30,53.7 1 0
github.com/neogan74/konsul/internal/middleware/jwt.go:54.12,57.7 1 1
github.com/neogan74/konsul/internal/middleware/jwt.go:62.3,67.18 5 1
github.com/neogan74/konsul/internal/middleware/jwt.go:72.37,73.52 1 2
github.com/neogan74/konsul/internal/middleware/jwt.go:73.52,75.3 1 1
github.com/neogan74/konsul/internal/middleware/jwt.go:76.2,76.11 1 1
github.com/neogan74/konsul/internal/middleware/jwt.go:80.39,81.55 1 2
github.com/neogan74/konsul/internal/middleware/jwt.go:81.55,83.3 1 1
github.com/neogan74/konsul/internal/middleware/jwt.go:84.2,84.11 1 1
github.com/neogan74/konsul/internal/middleware/jwt.go:88.38,89.51 1 7
github.com/neogan74/konsul/internal/middleware/jwt.go:89.51,91.3 1 6
github.com/neogan74/konsul/internal/middleware/jwt.go:92.2,92.19 1 1
github.com/neogan74/konsul/internal/middleware/jwt.go:96.43,97.57 1 2
github.com/neogan74/konsul/internal/middleware/jwt.go:97.57,99.3 1 1
github.com/neogan74/konsul/internal/middleware/jwt.go:100.2,100.12 1 1
github.com/neogan74/konsul/internal/middleware/jwt.go:104.46,106.26 2 5
github.com/neogan74/konsul/internal/middleware/jwt.go:106.26,107.16 1 7
github.com/neogan74/konsul/internal/middleware/jwt.go:107.16,109.4 1 3
github.com/neogan74/konsul/internal/middleware/jwt.go:111.2,111.14 1 2
github.com/neogan74/konsul/internal/middleware/jwt.go:115.45,116.34 1 2
github.com/neogan74/konsul/internal/middleware/jwt.go:116.34,117.24 1 2
github.com/neogan74/konsul/internal/middleware/jwt.go:117.24,121.4 1 1
github.com/neogan74/konsul/internal/middleware/jwt.go:122.3,122.18 1 1
github.com/neogan74/konsul/internal/middleware/logging.go:18.54,19.34 1 29
github.com/neogan74/konsul/internal/middleware/logging.go:19.34,56.10 11 29
github.com/neogan74/konsul/internal/middleware/logging.go:57.22,58.58 1 4
github.com/neogan74/konsul/internal/middleware/logging.go:59.22,60.57 1 13
github.com/neogan74/konsul/internal/middleware/logging.go:61.11,62.57 1 12
github.com/neogan74/konsul/internal/middleware/logging.go:66.3,66.17 1 29
github.com/neogan74/konsul/internal/middleware/logging.go:66.17,72.4 1 1
github.com/neogan74/konsul/internal/middleware/logging.go:74.3,74.13 1 29
github.com/neogan74/konsul/internal/middleware/logging.go:79.40,80.58 1 17
github.com/neogan74/konsul/internal/middleware/logging.go:80.58,82.3 1 15
github.com/neogan74/konsul/internal/middleware/logging.go:83.2,83.11 1 2
github.com/neogan74/konsul/internal/middleware/logging.go:87.44,88.56 1 17
github.com/neogan74/konsul/internal/middleware/logging.go:88.56,90.3 1 15
github.com/neogan74/konsul/internal/middleware/logging.go:92.2,92.45 1 2
github.com/neogan74/konsul/internal/middleware/metrics.go:12.40,13.34 1 21
github.com/neogan74/konsul/internal/middleware/metrics.go:13.34,15.29 1 34
github.com/neogan74/konsul/internal/middleware/metrics.go:15.29,17.4 1 1
github.com/neogan74/konsul/internal/middleware/metrics.go:20.3,48.13 9 33
github.com/neogan74/konsul/internal/middleware/ratelimit.go:13.68,14.34 1 7
github.com/neogan74/konsul/internal/middleware/ratelimit.go:14.34,20.64 3 11
github.com/neogan74/konsul/internal/middleware/ratelimit.go:20.64,22.4 1 5
github.com/neogan74/konsul/internal/middleware/ratelimit.go:24.3,29.21 4 11
github.com/neogan74/konsul/internal/middleware/ratelimit.go:29.21,33.4 3 5
github.com/neogan74/konsul/internal/middleware/ratelimit.go:33.9,38.4 3 6
github.com/neogan74/konsul/internal/middleware/ratelimit.go:40.3,40.15 1 11
github.com/neogan74/konsul/internal/middleware/ratelimit.go:40.15,54.4 5 4
github.com/neogan74/konsul/internal/middleware/ratelimit.go:57.3,62.18 3 7
github.com/neogan74/konsul/internal/middleware/ratelimit.go:67.75,70.34 2 5
github.com/neogan74/konsul/internal/middleware/ratelimit.go:70.34,75.64 3 19
github.com/neogan74/konsul/internal/middleware/ratelimit.go:75.64,77.4 1 2
github.com/neogan74/konsul/internal/middleware/ratelimit.go:79.3,80.21 2 19
github.com/neogan74/konsul/internal/middleware/ratelimit.go:80.21,82.4 1 2
github.com/neogan74/konsul/internal/middleware/ratelimit.go:84.3,84.33 1 19
github.com/neogan74/konsul/internal/middleware/ratelimit.go:84.33,92.4 3 3
github.com/neogan74/konsul/internal/middleware/ratelimit.go:94.3,95.18 2 16
github.com/neogan74/konsul/internal/middleware/tracing.go:13.58,16.34 2 0
github.com/neogan74/konsul/internal/middleware/tracing.go:16.34,22.22 3 0
github.com/neogan74/konsul/internal/middleware/tracing.go:22.22,24.4 1 0
github.com/neogan74/konsul/internal/middleware/tracing.go:26.3,45.38 4 0
github.com/neogan74/konsul/internal/middleware/tracing.go:45.38,48.4 2 0
github.com/neogan74/konsul/internal/middleware/tracing.go:51.3,57.17 4 0
github.com/neogan74/konsul/internal/middleware/tracing.go:57.17,61.4 3 0
github.com/neogan74/konsul/internal/middleware/tracing.go:64.3,64.24 1 0
github.com/neogan74/konsul/internal/middleware/tracing.go:64.24,66.4 1 0
github.com/neogan74/konsul/internal/middleware/tracing.go:66.9,66.31 1 0
github.com/neogan74/konsul/internal/middleware/tracing.go:66.31,68.4 1 0
github.com/neogan74/konsul/internal/middleware/tracing.go:68.9,70.4 1 0
github.com/neogan74/konsul/internal/middleware/tracing.go:72.3,72.13 1 0
github.com/neogan74/konsul/internal/middleware/tracing.go:81.48,83.2 1 0
github.com/neogan74/konsul/internal/middleware/tracing.go:85.48,87.2 1 0
github.com/neogan74/konsul/internal/middleware/tracing.go:89.41,91.53 2 0
github.com/neogan74/konsul/internal/middleware/tracing.go:91.53,93.3 1 0
github.com/neogan74/konsul/internal/middleware/tracing.go:94.2,94.13 1 0
