mode: atomic
github.com/neogan74/konsul/internal/auth/apikey.go:39.53,40.18 1 10
github.com/neogan74/konsul/internal/auth/apikey.go:40.18,42.3 1 1
github.com/neogan74/konsul/internal/auth/apikey.go:43.2,46.3 1 10
github.com/neogan74/konsul/internal/auth/apikey.go:49.150,50.16 1 15
github.com/neogan74/konsul/internal/auth/apikey.go:50.16,52.3 1 1
github.com/neogan74/konsul/internal/auth/apikey.go:55.2,56.47 2 14
github.com/neogan74/konsul/internal/auth/apikey.go:56.47,58.3 1 0
github.com/neogan74/konsul/internal/auth/apikey.go:61.2,83.31 9 14
github.com/neogan74/konsul/internal/auth/apikey.go:86.75,87.21 1 7
github.com/neogan74/konsul/internal/auth/apikey.go:87.21,89.3 1 1
github.com/neogan74/konsul/internal/auth/apikey.go:92.2,100.13 7 6
github.com/neogan74/konsul/internal/auth/apikey.go:100.13,102.3 1 2
github.com/neogan74/konsul/internal/auth/apikey.go:104.2,104.21 1 4
github.com/neogan74/konsul/internal/auth/apikey.go:104.21,106.3 1 2
github.com/neogan74/konsul/internal/auth/apikey.go:108.2,108.68 1 2
github.com/neogan74/konsul/internal/auth/apikey.go:108.68,110.3 1 1
github.com/neogan74/konsul/internal/auth/apikey.go:113.2,118.20 5 1
github.com/neogan74/konsul/internal/auth/apikey.go:121.58,125.32 3 3
github.com/neogan74/konsul/internal/auth/apikey.go:125.32,126.25 1 5
github.com/neogan74/konsul/internal/auth/apikey.go:126.25,129.4 2 2
github.com/neogan74/konsul/internal/auth/apikey.go:132.2,132.26 1 1
github.com/neogan74/konsul/internal/auth/apikey.go:135.58,139.38 3 2
github.com/neogan74/konsul/internal/auth/apikey.go:139.38,140.25 1 1
github.com/neogan74/konsul/internal/auth/apikey.go:140.25,143.4 2 1
github.com/neogan74/konsul/internal/auth/apikey.go:146.2,146.26 1 1
github.com/neogan74/konsul/internal/auth/apikey.go:149.49,154.32 4 3
github.com/neogan74/konsul/internal/auth/apikey.go:154.32,167.3 2 5
github.com/neogan74/konsul/internal/auth/apikey.go:169.2,169.13 1 3
github.com/neogan74/konsul/internal/auth/apikey.go:172.66,176.32 3 2
github.com/neogan74/konsul/internal/auth/apikey.go:176.32,177.25 1 2
github.com/neogan74/konsul/internal/auth/apikey.go:177.25,190.4 2 1
github.com/neogan74/konsul/internal/auth/apikey.go:193.2,193.31 1 1
github.com/neogan74/konsul/internal/auth/apikey.go:196.136,200.32 3 4
github.com/neogan74/konsul/internal/auth/apikey.go:200.32,201.25 1 4
github.com/neogan74/konsul/internal/auth/apikey.go:201.25,202.18 1 3
github.com/neogan74/konsul/internal/auth/apikey.go:202.18,204.5 1 1
github.com/neogan74/konsul/internal/auth/apikey.go:205.4,205.26 1 3
github.com/neogan74/konsul/internal/auth/apikey.go:205.26,207.5 1 1
github.com/neogan74/konsul/internal/auth/apikey.go:208.4,208.23 1 3
github.com/neogan74/konsul/internal/auth/apikey.go:208.23,210.5 1 0
github.com/neogan74/konsul/internal/auth/apikey.go:211.4,211.22 1 3
github.com/neogan74/konsul/internal/auth/apikey.go:211.22,213.5 1 1
github.com/neogan74/konsul/internal/auth/apikey.go:214.4,214.14 1 3
github.com/neogan74/konsul/internal/auth/apikey.go:218.2,218.26 1 1
github.com/neogan74/konsul/internal/auth/apikey.go:221.79,222.19 1 4
github.com/neogan74/konsul/internal/auth/apikey.go:222.19,224.3 1 1
github.com/neogan74/konsul/internal/auth/apikey.go:226.2,226.42 1 3
github.com/neogan74/konsul/internal/auth/apikey.go:226.42,227.40 1 3
github.com/neogan74/konsul/internal/auth/apikey.go:227.40,229.4 1 2
github.com/neogan74/konsul/internal/auth/apikey.go:232.2,232.14 1 1
github.com/neogan74/konsul/internal/auth/jwt.go:31.107,38.2 1 8
github.com/neogan74/konsul/internal/auth/jwt.go:40.93,42.2 1 6
github.com/neogan74/konsul/internal/auth/jwt.go:45.115,62.2 3 7
github.com/neogan74/konsul/internal/auth/jwt.go:64.74,75.2 3 5
github.com/neogan74/konsul/internal/auth/jwt.go:77.73,78.23 1 7
github.com/neogan74/konsul/internal/auth/jwt.go:78.23,80.3 1 1
github.com/neogan74/konsul/internal/auth/jwt.go:82.2,82.104 1 6
github.com/neogan74/konsul/internal/auth/jwt.go:82.104,83.58 1 4
github.com/neogan74/konsul/internal/auth/jwt.go:83.58,85.4 1 0
github.com/neogan74/konsul/internal/auth/jwt.go:86.3,86.26 1 4
github.com/neogan74/konsul/internal/auth/jwt.go:89.2,89.16 1 6
github.com/neogan74/konsul/internal/auth/jwt.go:89.16,90.42 1 4
github.com/neogan74/konsul/internal/auth/jwt.go:90.42,92.4 1 1
github.com/neogan74/konsul/internal/auth/jwt.go:93.3,93.30 1 3
github.com/neogan74/konsul/internal/auth/jwt.go:96.2,96.61 1 2
github.com/neogan74/konsul/internal/auth/jwt.go:96.61,98.3 1 2
github.com/neogan74/konsul/internal/auth/jwt.go:100.2,100.29 1 0
github.com/neogan74/konsul/internal/auth/jwt.go:103.79,104.23 1 7
github.com/neogan74/konsul/internal/auth/jwt.go:104.23,106.3 1 2
github.com/neogan74/konsul/internal/auth/jwt.go:108.2,108.118 1 5
github.com/neogan74/konsul/internal/auth/jwt.go:108.118,109.58 1 3
github.com/neogan74/konsul/internal/auth/jwt.go:109.58,111.4 1 0
github.com/neogan74/konsul/internal/auth/jwt.go:112.3,112.26 1 3
github.com/neogan74/konsul/internal/auth/jwt.go:115.2,115.16 1 5
github.com/neogan74/konsul/internal/auth/jwt.go:115.16,116.42 1 2
github.com/neogan74/konsul/internal/auth/jwt.go:116.42,118.4 1 0
github.com/neogan74/konsul/internal/auth/jwt.go:119.3,119.29 1 2
github.com/neogan74/konsul/internal/auth/jwt.go:122.2,122.75 1 3
github.com/neogan74/konsul/internal/auth/jwt.go:122.75,124.3 1 3
github.com/neogan74/konsul/internal/auth/jwt.go:126.2,126.28 1 0
github.com/neogan74/konsul/internal/auth/jwt.go:129.119,131.2 1 3
github.com/neogan74/konsul/internal/auth/jwt.go:134.141,136.16 2 3
github.com/neogan74/konsul/internal/auth/jwt.go:136.16,138.3 1 2
github.com/neogan74/konsul/internal/auth/jwt.go:140.2,141.16 2 1
github.com/neogan74/konsul/internal/auth/jwt.go:141.16,143.3 1 0
github.com/neogan74/konsul/internal/auth/jwt.go:145.2,146.16 2 1
github.com/neogan74/konsul/internal/auth/jwt.go:146.16,148.3 1 0
github.com/neogan74/konsul/internal/auth/jwt.go:150.2,150.39 1 1
github.com/neogan74/konsul/internal/dns/server.go:27.89,51.2 7 14
github.com/neogan74/konsul/internal/dns/server.go:53.32,60.12 2 5
github.com/neogan74/konsul/internal/dns/server.go:60.12,61.54 1 5
github.com/neogan74/konsul/internal/dns/server.go:61.54,63.4 1 0
github.com/neogan74/konsul/internal/dns/server.go:67.2,67.12 1 5
github.com/neogan74/konsul/internal/dns/server.go:67.12,68.54 1 5
github.com/neogan74/konsul/internal/dns/server.go:68.54,70.4 1 0
github.com/neogan74/konsul/internal/dns/server.go:73.2,73.12 1 5
github.com/neogan74/konsul/internal/dns/server.go:76.31,79.24 2 5
github.com/neogan74/konsul/internal/dns/server.go:79.24,81.3 1 5
github.com/neogan74/konsul/internal/dns/server.go:83.2,83.24 1 5
github.com/neogan74/konsul/internal/dns/server.go:83.24,85.3 1 5
github.com/neogan74/konsul/internal/dns/server.go:87.2,87.19 1 5
github.com/neogan74/konsul/internal/dns/server.go:87.19,89.3 1 0
github.com/neogan74/konsul/internal/dns/server.go:90.2,90.15 1 5
github.com/neogan74/konsul/internal/dns/server.go:93.69,98.38 4 27
github.com/neogan74/konsul/internal/dns/server.go:98.38,103.25 2 27
github.com/neogan74/konsul/internal/dns/server.go:104.20,105.35 1 23
github.com/neogan74/konsul/internal/dns/server.go:106.18,107.33 1 2
github.com/neogan74/konsul/internal/dns/server.go:108.20,110.33 2 1
github.com/neogan74/konsul/internal/dns/server.go:111.11,113.61 1 1
github.com/neogan74/konsul/internal/dns/server.go:117.2,117.26 1 27
github.com/neogan74/konsul/internal/dns/server.go:117.26,119.3 1 6
github.com/neogan74/konsul/internal/dns/server.go:121.2,121.17 1 27
github.com/neogan74/konsul/internal/dns/server.go:124.70,129.20 3 24
github.com/neogan74/konsul/internal/dns/server.go:129.20,131.3 1 1
github.com/neogan74/konsul/internal/dns/server.go:133.2,143.35 6 23
github.com/neogan74/konsul/internal/dns/server.go:143.35,144.34 1 29
github.com/neogan74/konsul/internal/dns/server.go:144.34,146.4 1 19
github.com/neogan74/konsul/internal/dns/server.go:150.2,150.43 1 23
github.com/neogan74/konsul/internal/dns/server.go:150.43,178.3 5 19
github.com/neogan74/konsul/internal/dns/server.go:180.2,182.48 1 23
github.com/neogan74/konsul/internal/dns/server.go:185.68,190.20 3 3
github.com/neogan74/konsul/internal/dns/server.go:190.20,192.3 1 0
github.com/neogan74/konsul/internal/dns/server.go:194.2,197.43 2 3
github.com/neogan74/konsul/internal/dns/server.go:197.43,199.3 1 1
github.com/neogan74/konsul/internal/dns/server.go:199.8,199.53 1 2
github.com/neogan74/konsul/internal/dns/server.go:199.53,202.3 1 1
github.com/neogan74/konsul/internal/dns/server.go:202.8,204.3 1 1
github.com/neogan74/konsul/internal/dns/server.go:207.2,209.35 2 2
github.com/neogan74/konsul/internal/dns/server.go:209.35,210.34 1 2
github.com/neogan74/konsul/internal/dns/server.go:210.34,221.4 2 2
github.com/neogan74/konsul/internal/dns/server.go:224.2,226.42 1 2
github.com/neogan74/konsul/internal/acl/evaluator.go:19.49,24.2 1 5
github.com/neogan74/konsul/internal/acl/evaluator.go:27.53,28.42 1 6
github.com/neogan74/konsul/internal/acl/evaluator.go:28.42,30.3 1 0
github.com/neogan74/konsul/internal/acl/evaluator.go:32.2,35.50 3 6
github.com/neogan74/konsul/internal/acl/evaluator.go:35.50,37.3 1 1
github.com/neogan74/konsul/internal/acl/evaluator.go:39.2,41.12 3 5
github.com/neogan74/konsul/internal/acl/evaluator.go:45.56,46.42 1 1
github.com/neogan74/konsul/internal/acl/evaluator.go:46.42,48.3 1 0
github.com/neogan74/konsul/internal/acl/evaluator.go:50.2,53.51 3 1
github.com/neogan74/konsul/internal/acl/evaluator.go:53.51,55.3 1 0
github.com/neogan74/konsul/internal/acl/evaluator.go:57.2,59.12 3 1
github.com/neogan74/konsul/internal/acl/evaluator.go:63.53,67.44 3 1
github.com/neogan74/konsul/internal/acl/evaluator.go:67.44,69.3 1 0
github.com/neogan74/konsul/internal/acl/evaluator.go:71.2,73.12 3 1
github.com/neogan74/konsul/internal/acl/evaluator.go:77.61,82.13 4 2
github.com/neogan74/konsul/internal/acl/evaluator.go:82.13,84.3 1 1
github.com/neogan74/konsul/internal/acl/evaluator.go:86.2,86.20 1 1
github.com/neogan74/konsul/internal/acl/evaluator.go:90.45,95.31 4 1
github.com/neogan74/konsul/internal/acl/evaluator.go:95.31,97.3 1 1
github.com/neogan74/konsul/internal/acl/evaluator.go:98.2,98.14 1 1
github.com/neogan74/konsul/internal/acl/evaluator.go:103.99,109.15 5 17
github.com/neogan74/konsul/internal/acl/evaluator.go:109.15,113.14 3 17
github.com/neogan74/konsul/internal/acl/evaluator.go:113.14,115.4 1 9
github.com/neogan74/konsul/internal/acl/evaluator.go:116.3,117.89 2 17
github.com/neogan74/konsul/internal/acl/evaluator.go:120.2,120.27 1 17
github.com/neogan74/konsul/internal/acl/evaluator.go:120.27,123.3 2 1
github.com/neogan74/konsul/internal/acl/evaluator.go:126.2,127.35 2 16
github.com/neogan74/konsul/internal/acl/evaluator.go:127.35,128.49 1 18
github.com/neogan74/konsul/internal/acl/evaluator.go:128.49,130.4 1 17
github.com/neogan74/konsul/internal/acl/evaluator.go:130.9,132.4 1 1
github.com/neogan74/konsul/internal/acl/evaluator.go:135.2,135.24 1 16
github.com/neogan74/konsul/internal/acl/evaluator.go:135.24,138.3 2 1
github.com/neogan74/konsul/internal/acl/evaluator.go:141.2,141.23 1 15
github.com/neogan74/konsul/internal/acl/evaluator.go:142.22,143.62 1 10
github.com/neogan74/konsul/internal/acl/evaluator.go:144.27,145.67 1 5
github.com/neogan74/konsul/internal/acl/evaluator.go:146.26,147.51 1 0
github.com/neogan74/konsul/internal/acl/evaluator.go:148.26,149.51 1 0
github.com/neogan74/konsul/internal/acl/evaluator.go:150.25,151.50 1 0
github.com/neogan74/konsul/internal/acl/evaluator.go:152.10,154.18 2 0
github.com/neogan74/konsul/internal/acl/evaluator.go:157.2,157.16 1 15
github.com/neogan74/konsul/internal/acl/evaluator.go:161.95,167.34 2 10
github.com/neogan74/konsul/internal/acl/evaluator.go:167.34,168.34 1 11
github.com/neogan74/konsul/internal/acl/evaluator.go:168.34,169.28 1 20
github.com/neogan74/konsul/internal/acl/evaluator.go:169.28,171.43 1 10
github.com/neogan74/konsul/internal/acl/evaluator.go:171.43,177.6 2 1
github.com/neogan74/konsul/internal/acl/evaluator.go:180.5,180.39 1 9
github.com/neogan74/konsul/internal/acl/evaluator.go:180.39,186.6 2 6
github.com/neogan74/konsul/internal/acl/evaluator.go:191.2,194.14 2 3
github.com/neogan74/konsul/internal/acl/evaluator.go:198.105,204.34 2 5
github.com/neogan74/konsul/internal/acl/evaluator.go:204.34,205.39 1 5
github.com/neogan74/konsul/internal/acl/evaluator.go:205.39,206.33 1 8
github.com/neogan74/konsul/internal/acl/evaluator.go:206.33,208.43 1 5
github.com/neogan74/konsul/internal/acl/evaluator.go:208.43,213.6 2 0
github.com/neogan74/konsul/internal/acl/evaluator.go:216.5,216.39 1 5
github.com/neogan74/konsul/internal/acl/evaluator.go:216.39,222.6 2 3
github.com/neogan74/konsul/internal/acl/evaluator.go:227.2,230.14 2 2
github.com/neogan74/konsul/internal/acl/evaluator.go:234.84,239.34 2 0
github.com/neogan74/konsul/internal/acl/evaluator.go:239.34,240.38 1 0
github.com/neogan74/konsul/internal/acl/evaluator.go:240.38,242.42 1 0
github.com/neogan74/konsul/internal/acl/evaluator.go:242.42,245.5 2 0
github.com/neogan74/konsul/internal/acl/evaluator.go:248.4,248.38 1 0
github.com/neogan74/konsul/internal/acl/evaluator.go:248.38,253.5 2 0
github.com/neogan74/konsul/internal/acl/evaluator.go:257.2,258.14 2 0
github.com/neogan74/konsul/internal/acl/evaluator.go:262.84,267.34 2 0
github.com/neogan74/konsul/internal/acl/evaluator.go:267.34,268.38 1 0
github.com/neogan74/konsul/internal/acl/evaluator.go:268.38,270.42 1 0
github.com/neogan74/konsul/internal/acl/evaluator.go:270.42,273.5 2 0
github.com/neogan74/konsul/internal/acl/evaluator.go:276.4,276.38 1 0
github.com/neogan74/konsul/internal/acl/evaluator.go:276.38,281.5 2 0
github.com/neogan74/konsul/internal/acl/evaluator.go:285.2,286.14 2 0
github.com/neogan74/konsul/internal/acl/evaluator.go:290.83,295.34 2 0
github.com/neogan74/konsul/internal/acl/evaluator.go:295.34,296.37 1 0
github.com/neogan74/konsul/internal/acl/evaluator.go:296.37,298.42 1 0
github.com/neogan74/konsul/internal/acl/evaluator.go:298.42,301.5 2 0
github.com/neogan74/konsul/internal/acl/evaluator.go:304.4,304.38 1 0
github.com/neogan74/konsul/internal/acl/evaluator.go:304.38,309.5 2 0
github.com/neogan74/konsul/internal/acl/evaluator.go:313.2,314.14 2 0
github.com/neogan74/konsul/internal/acl/evaluator.go:318.60,322.34 3 0
github.com/neogan74/konsul/internal/acl/evaluator.go:322.34,323.43 1 0
github.com/neogan74/konsul/internal/acl/evaluator.go:323.43,328.4 2 0
github.com/neogan74/konsul/internal/acl/evaluator.go:329.3,329.35 1 0
github.com/neogan74/konsul/internal/acl/evaluator.go:332.2,333.12 2 0
github.com/neogan74/konsul/internal/acl/evaluator.go:337.33,341.2 3 0
github.com/neogan74/konsul/internal/acl/types.go:87.46,88.23 1 26
github.com/neogan74/konsul/internal/acl/types.go:88.23,90.3 1 0
github.com/neogan74/konsul/internal/acl/types.go:91.2,91.39 1 26
github.com/neogan74/konsul/internal/acl/types.go:95.28,117.38 14 12
github.com/neogan74/konsul/internal/acl/types.go:117.38,119.3 1 12
github.com/neogan74/konsul/internal/acl/types.go:120.2,120.38 1 12
github.com/neogan74/konsul/internal/acl/types.go:120.38,122.3 1 12
github.com/neogan74/konsul/internal/acl/types.go:124.2,124.42 1 12
github.com/neogan74/konsul/internal/acl/types.go:128.53,129.35 1 19
github.com/neogan74/konsul/internal/acl/types.go:129.35,130.15 1 27
github.com/neogan74/konsul/internal/acl/types.go:130.15,132.4 1 7
github.com/neogan74/konsul/internal/acl/types.go:134.2,134.14 1 12
github.com/neogan74/konsul/internal/acl/types.go:138.56,139.23 1 8
github.com/neogan74/konsul/internal/acl/types.go:139.23,141.3 1 0
github.com/neogan74/konsul/internal/acl/types.go:142.2,142.44 1 8
github.com/neogan74/konsul/internal/acl/types.go:146.33,164.38 12 2
github.com/neogan74/konsul/internal/acl/types.go:164.38,166.3 1 2
github.com/neogan74/konsul/internal/acl/types.go:167.2,167.38 1 2
github.com/neogan74/konsul/internal/acl/types.go:167.38,169.3 1 2
github.com/neogan74/konsul/internal/acl/types.go:171.2,171.42 1 2
github.com/neogan74/konsul/internal/acl/types.go:175.58,176.35 1 10
github.com/neogan74/konsul/internal/acl/types.go:176.35,177.15 1 15
github.com/neogan74/konsul/internal/acl/types.go:177.15,179.4 1 3
github.com/neogan74/konsul/internal/acl/types.go:181.2,181.14 1 7
github.com/neogan74/konsul/internal/acl/types.go:185.57,186.35 1 0
github.com/neogan74/konsul/internal/acl/types.go:186.35,187.15 1 0
github.com/neogan74/konsul/internal/acl/types.go:187.15,189.4 1 0
github.com/neogan74/konsul/internal/acl/types.go:191.2,191.14 1 0
github.com/neogan74/konsul/internal/acl/types.go:195.57,196.35 1 0
github.com/neogan74/konsul/internal/acl/types.go:196.35,197.15 1 0
github.com/neogan74/konsul/internal/acl/types.go:197.15,199.4 1 0
github.com/neogan74/konsul/internal/acl/types.go:201.2,201.14 1 0
github.com/neogan74/konsul/internal/acl/types.go:205.56,206.35 1 0
github.com/neogan74/konsul/internal/acl/types.go:206.35,207.15 1 0
github.com/neogan74/konsul/internal/acl/types.go:207.15,209.4 1 0
github.com/neogan74/konsul/internal/acl/types.go:211.2,211.14 1 0
github.com/neogan74/konsul/internal/acl/types.go:221.45,226.2 1 9
github.com/neogan74/konsul/internal/acl/types.go:229.54,234.2 1 5
github.com/neogan74/konsul/internal/acl/types.go:237.35,241.2 1 0
github.com/neogan74/konsul/internal/acl/types.go:244.35,248.2 1 0
github.com/neogan74/konsul/internal/acl/types.go:251.34,255.2 1 0
github.com/neogan74/konsul/internal/acl/types.go:258.35,259.18 1 10
github.com/neogan74/konsul/internal/acl/types.go:259.18,261.3 1 1
github.com/neogan74/konsul/internal/acl/types.go:264.2,264.22 1 9
github.com/neogan74/konsul/internal/acl/types.go:264.22,266.3 1 6
github.com/neogan74/konsul/internal/acl/types.go:267.2,267.27 1 9
github.com/neogan74/konsul/internal/acl/types.go:267.27,269.3 1 2
github.com/neogan74/konsul/internal/acl/types.go:271.2,271.12 1 9
github.com/neogan74/konsul/internal/acl/types.go:275.43,277.2 1 0
github.com/neogan74/konsul/internal/acl/types.go:280.45,282.54 2 0
github.com/neogan74/konsul/internal/acl/types.go:282.54,284.3 1 0
github.com/neogan74/konsul/internal/acl/types.go:285.2,285.42 1 0
github.com/neogan74/konsul/internal/acl/types.go:285.42,287.3 1 0
github.com/neogan74/konsul/internal/acl/types.go:288.2,288.21 1 0
github.com/neogan74/konsul/cmd/konsul/main.go:40.13,43.16 2 0
github.com/neogan74/konsul/cmd/konsul/main.go:43.16,45.3 1 0
github.com/neogan74/konsul/cmd/konsul/main.go:48.2,76.16 9 0
github.com/neogan74/konsul/cmd/konsul/main.go:76.16,78.3 1 0
github.com/neogan74/konsul/cmd/konsul/main.go:78.8,78.32 1 0
github.com/neogan74/konsul/cmd/konsul/main.go:78.32,84.16 2 0
github.com/neogan74/konsul/cmd/konsul/main.go:84.16,87.63 3 0
github.com/neogan74/konsul/cmd/konsul/main.go:87.63,89.5 1 0
github.com/neogan74/konsul/cmd/konsul/main.go:93.2,100.25 4 0
github.com/neogan74/konsul/cmd/konsul/main.go:100.25,102.3 1 0
github.com/neogan74/konsul/cmd/konsul/main.go:105.2,106.27 2 0
github.com/neogan74/konsul/cmd/konsul/main.go:106.27,126.13 4 0
github.com/neogan74/konsul/cmd/konsul/main.go:126.13,129.23 3 0
github.com/neogan74/konsul/cmd/konsul/main.go:129.23,131.54 2 0
github.com/neogan74/konsul/cmd/konsul/main.go:131.54,133.6 1 0
github.com/neogan74/konsul/cmd/konsul/main.go:134.5,134.59 1 0
github.com/neogan74/konsul/cmd/konsul/main.go:134.59,136.6 1 0
github.com/neogan74/konsul/cmd/konsul/main.go:142.2,143.29 2 0
github.com/neogan74/konsul/cmd/konsul/main.go:143.29,152.17 2 0
github.com/neogan74/konsul/cmd/konsul/main.go:152.17,154.4 1 0
github.com/neogan74/konsul/cmd/konsul/main.go:157.3,157.16 1 0
github.com/neogan74/konsul/cmd/konsul/main.go:157.16,158.41 1 0
github.com/neogan74/konsul/cmd/konsul/main.go:158.41,160.5 1 0
github.com/neogan74/konsul/cmd/konsul/main.go:165.2,168.29 3 0
github.com/neogan74/konsul/cmd/konsul/main.go:168.29,170.17 2 0
github.com/neogan74/konsul/cmd/konsul/main.go:170.17,172.4 1 0
github.com/neogan74/konsul/cmd/konsul/main.go:174.3,175.17 2 0
github.com/neogan74/konsul/cmd/konsul/main.go:175.17,177.4 1 0
github.com/neogan74/konsul/cmd/konsul/main.go:178.8,181.3 2 0
github.com/neogan74/konsul/cmd/konsul/main.go:184.2,184.15 1 0
github.com/neogan74/konsul/cmd/konsul/main.go:184.15,185.36 1 0
github.com/neogan74/konsul/cmd/konsul/main.go:185.36,187.4 1 0
github.com/neogan74/konsul/cmd/konsul/main.go:188.3,188.42 1 0
github.com/neogan74/konsul/cmd/konsul/main.go:188.42,190.4 1 0
github.com/neogan74/konsul/cmd/konsul/main.go:194.2,207.22 10 0
github.com/neogan74/konsul/cmd/konsul/main.go:207.22,216.3 3 0
github.com/neogan74/konsul/cmd/konsul/main.go:219.2,221.21 3 0
github.com/neogan74/konsul/cmd/konsul/main.go:221.21,226.51 3 0
github.com/neogan74/konsul/cmd/konsul/main.go:226.51,228.4 1 0
github.com/neogan74/konsul/cmd/konsul/main.go:228.9,234.4 3 0
github.com/neogan74/konsul/cmd/konsul/main.go:238.2,238.22 1 0
github.com/neogan74/konsul/cmd/konsul/main.go:238.22,250.3 9 0
github.com/neogan74/konsul/cmd/konsul/main.go:253.2,253.46 1 0
github.com/neogan74/konsul/cmd/konsul/main.go:253.46,255.3 1 0
github.com/neogan74/konsul/cmd/konsul/main.go:258.2,258.21 1 0
github.com/neogan74/konsul/cmd/konsul/main.go:258.21,260.23 2 0
github.com/neogan74/konsul/cmd/konsul/main.go:260.23,263.4 2 0
github.com/neogan74/konsul/cmd/konsul/main.go:264.3,269.49 6 0
github.com/neogan74/konsul/cmd/konsul/main.go:273.2,273.27 1 0
github.com/neogan74/konsul/cmd/konsul/main.go:273.27,278.23 3 0
github.com/neogan74/konsul/cmd/konsul/main.go:278.23,280.23 2 0
github.com/neogan74/konsul/cmd/konsul/main.go:280.23,282.5 1 0
github.com/neogan74/konsul/cmd/konsul/main.go:286.3,297.58 9 0
github.com/neogan74/konsul/cmd/konsul/main.go:301.2,301.21 1 0
github.com/neogan74/konsul/cmd/konsul/main.go:301.21,306.3 4 0
github.com/neogan74/konsul/cmd/konsul/main.go:306.8,311.3 4 0
github.com/neogan74/konsul/cmd/konsul/main.go:314.2,342.16 19 0
github.com/neogan74/konsul/cmd/konsul/main.go:342.16,344.3 1 0
github.com/neogan74/konsul/cmd/konsul/main.go:344.8,353.41 2 0
github.com/neogan74/konsul/cmd/konsul/main.go:353.41,355.4 1 0
github.com/neogan74/konsul/cmd/konsul/main.go:357.3,357.46 1 0
github.com/neogan74/konsul/cmd/konsul/main.go:361.2,361.25 1 0
github.com/neogan74/konsul/cmd/konsul/main.go:361.25,377.36 4 0
github.com/neogan74/konsul/cmd/konsul/main.go:377.36,380.4 2 0
github.com/neogan74/konsul/cmd/konsul/main.go:382.3,382.52 1 0
github.com/neogan74/konsul/cmd/konsul/main.go:386.2,386.12 1 0
github.com/neogan74/konsul/cmd/konsul/main.go:386.12,389.22 3 0
github.com/neogan74/konsul/cmd/konsul/main.go:389.22,391.17 2 0
github.com/neogan74/konsul/cmd/konsul/main.go:391.17,395.5 3 0
github.com/neogan74/konsul/cmd/konsul/main.go:400.2,401.21 2 0
github.com/neogan74/konsul/cmd/konsul/main.go:401.21,408.43 3 0
github.com/neogan74/konsul/cmd/konsul/main.go:408.43,410.4 1 0
github.com/neogan74/konsul/cmd/konsul/main.go:410.9,414.4 1 0
github.com/neogan74/konsul/cmd/konsul/main.go:418.2,418.28 1 0
github.com/neogan74/konsul/cmd/konsul/main.go:418.28,419.30 1 0
github.com/neogan74/konsul/cmd/konsul/main.go:419.30,424.55 3 0
github.com/neogan74/konsul/cmd/konsul/main.go:424.55,427.5 2 0
github.com/neogan74/konsul/cmd/konsul/main.go:430.4,430.55 1 0
github.com/neogan74/konsul/cmd/konsul/main.go:430.55,432.79 2 0
github.com/neogan74/konsul/cmd/konsul/main.go:432.79,435.6 2 0
github.com/neogan74/konsul/cmd/konsul/main.go:436.5,438.36 1 0
github.com/neogan74/konsul/cmd/konsul/main.go:441.4,442.36 2 0
github.com/neogan74/konsul/cmd/konsul/main.go:445.3,448.49 1 0
github.com/neogan74/konsul/cmd/konsul/main.go:449.8,451.3 1 0
github.com/neogan74/konsul/cmd/konsul/main.go:454.2,456.12 3 0
github.com/neogan74/konsul/cmd/konsul/main.go:456.12,457.29 1 0
github.com/neogan74/konsul/cmd/konsul/main.go:457.29,458.104 1 0
github.com/neogan74/konsul/cmd/konsul/main.go:458.104,461.5 2 0
github.com/neogan74/konsul/cmd/konsul/main.go:462.9,463.52 1 0
github.com/neogan74/konsul/cmd/konsul/main.go:463.52,466.5 2 0
github.com/neogan74/konsul/cmd/konsul/main.go:469.2,473.22 3 0
github.com/neogan74/konsul/cmd/konsul/main.go:473.22,474.42 1 0
github.com/neogan74/konsul/cmd/konsul/main.go:474.42,476.4 1 0
github.com/neogan74/konsul/cmd/konsul/main.go:476.9,478.4 1 0
github.com/neogan74/konsul/cmd/konsul/main.go:481.2,481.39 1 0
github.com/neogan74/konsul/cmd/konsul/main.go:481.39,484.3 2 0
github.com/neogan74/konsul/cmd/konsul/main.go:485.2,485.44 1 0
github.com/neogan74/konsul/cmd/konsul-template/client.go:25.68,35.2 1 0
github.com/neogan74/konsul/cmd/konsul-template/client.go:38.57,42.2 2 0
github.com/neogan74/konsul/cmd/konsul-template/client.go:45.67,49.2 2 0
github.com/neogan74/konsul/cmd/konsul-template/client.go:52.42,55.16 3 0
github.com/neogan74/konsul/cmd/konsul-template/client.go:55.16,58.3 2 0
github.com/neogan74/konsul/cmd/konsul-template/client.go:59.2,61.38 2 0
github.com/neogan74/konsul/cmd/konsul-template/client.go:61.38,65.3 2 0
github.com/neogan74/konsul/cmd/konsul-template/client.go:67.2,68.16 2 0
github.com/neogan74/konsul/cmd/konsul-template/client.go:68.16,70.3 1 0
github.com/neogan74/konsul/cmd/konsul-template/client.go:72.2,73.54 2 0
github.com/neogan74/konsul/cmd/konsul-template/client.go:73.54,75.3 1 0
github.com/neogan74/konsul/cmd/konsul-template/client.go:77.2,78.12 2 0
github.com/neogan74/konsul/cmd/konsul-template/client.go:82.48,85.16 3 0
github.com/neogan74/konsul/cmd/konsul-template/client.go:85.16,88.3 2 0
github.com/neogan74/konsul/cmd/konsul-template/client.go:89.2,91.38 2 0
github.com/neogan74/konsul/cmd/konsul-template/client.go:91.38,95.3 2 0
github.com/neogan74/konsul/cmd/konsul-template/client.go:97.2,98.16 2 0
github.com/neogan74/konsul/cmd/konsul-template/client.go:98.16,100.3 1 0
github.com/neogan74/konsul/cmd/konsul-template/client.go:102.2,103.56 2 0
github.com/neogan74/konsul/cmd/konsul-template/client.go:103.56,105.3 1 0
github.com/neogan74/konsul/cmd/konsul-template/client.go:107.2,108.12 2 0
github.com/neogan74/konsul/cmd/konsul-template/client.go:118.28,122.2 1 0
github.com/neogan74/konsul/cmd/konsul-template/client.go:124.50,129.2 4 0
github.com/neogan74/konsul/cmd/konsul-template/client.go:131.35,135.24 4 0
github.com/neogan74/konsul/cmd/konsul-template/client.go:135.24,137.3 1 0
github.com/neogan74/konsul/cmd/konsul-template/client.go:138.2,138.13 1 0
github.com/neogan74/konsul/cmd/konsul-template/client.go:141.50,145.2 3 0
github.com/neogan74/konsul/cmd/konsul-template/client.go:154.38,158.2 1 0
github.com/neogan74/konsul/cmd/konsul-template/client.go:160.66,165.2 4 0
github.com/neogan74/konsul/cmd/konsul-template/client.go:167.50,171.33 4 0
github.com/neogan74/konsul/cmd/konsul-template/client.go:171.33,173.3 1 0
github.com/neogan74/konsul/cmd/konsul-template/client.go:174.2,174.17 1 0
github.com/neogan74/konsul/cmd/konsul-template/client.go:177.60,181.31 4 0
github.com/neogan74/konsul/cmd/konsul-template/client.go:181.31,183.3 1 0
github.com/neogan74/konsul/cmd/konsul-template/main.go:18.13,32.18 3 0
github.com/neogan74/konsul/cmd/konsul-template/main.go:32.18,35.3 2 0
github.com/neogan74/konsul/cmd/konsul-template/main.go:38.2,42.45 2 0
github.com/neogan74/konsul/cmd/konsul-template/main.go:42.45,46.3 3 0
github.com/neogan74/konsul/cmd/konsul-template/main.go:49.2,59.24 3 0
github.com/neogan74/konsul/cmd/konsul-template/main.go:59.24,60.18 1 0
github.com/neogan74/konsul/cmd/konsul-template/main.go:60.18,63.4 2 0
github.com/neogan74/konsul/cmd/konsul-template/main.go:65.3,71.4 1 0
github.com/neogan74/konsul/cmd/konsul-template/main.go:75.2,77.11 2 0
github.com/neogan74/konsul/cmd/konsul-template/main.go:77.11,80.42 2 0
github.com/neogan74/konsul/cmd/konsul-template/main.go:80.42,83.4 2 0
github.com/neogan74/konsul/cmd/konsul-template/main.go:84.3,85.9 2 0
github.com/neogan74/konsul/cmd/konsul-template/main.go:89.2,100.12 7 0
github.com/neogan74/konsul/cmd/konsul-template/main.go:100.12,102.3 1 0
github.com/neogan74/konsul/cmd/konsul-template/main.go:105.2,105.9 1 0
github.com/neogan74/konsul/cmd/konsul-template/main.go:106.15,110.30 3 0
github.com/neogan74/konsul/cmd/konsul-template/main.go:111.22,112.17 1 0
github.com/neogan74/konsul/cmd/konsul-template/main.go:112.17,115.4 2 0
github.com/neogan74/konsul/cmd/konsul-template/main.go:118.2,118.31 1 0
github.com/neogan74/konsul/cmd/konsulctl/backup_commands.go:13.50,15.2 1 0
github.com/neogan74/konsul/cmd/konsulctl/backup_commands.go:18.48,19.20 1 0
github.com/neogan74/konsul/cmd/konsulctl/backup_commands.go:19.20,24.3 4 0
github.com/neogan74/konsul/cmd/konsulctl/backup_commands.go:26.2,29.20 3 0
github.com/neogan74/konsul/cmd/konsulctl/backup_commands.go:30.16,31.20 1 0
github.com/neogan74/konsul/cmd/konsulctl/backup_commands.go:32.17,33.21 1 0
github.com/neogan74/konsul/cmd/konsulctl/backup_commands.go:34.14,35.18 1 0
github.com/neogan74/konsul/cmd/konsulctl/backup_commands.go:36.16,37.20 1 0
github.com/neogan74/konsul/cmd/konsulctl/backup_commands.go:38.10,41.16 3 0
github.com/neogan74/konsul/cmd/konsulctl/backup_commands.go:46.48,48.25 2 0
github.com/neogan74/konsul/cmd/konsulctl/backup_commands.go:48.25,51.3 2 0
github.com/neogan74/konsul/cmd/konsulctl/backup_commands.go:52.2,60.61 6 0
github.com/neogan74/konsul/cmd/konsulctl/backup_commands.go:64.49,66.25 2 0
github.com/neogan74/konsul/cmd/konsulctl/backup_commands.go:66.25,69.3 2 0
github.com/neogan74/konsul/cmd/konsulctl/backup_commands.go:70.2,79.69 7 0
github.com/neogan74/konsul/cmd/konsulctl/backup_commands.go:83.46,85.25 2 0
github.com/neogan74/konsul/cmd/konsulctl/backup_commands.go:85.25,88.3 2 0
github.com/neogan74/konsul/cmd/konsulctl/backup_commands.go:89.2,97.23 6 0
github.com/neogan74/konsul/cmd/konsulctl/backup_commands.go:97.23,100.3 2 0
github.com/neogan74/konsul/cmd/konsulctl/backup_commands.go:102.2,103.33 2 0
github.com/neogan74/konsul/cmd/konsulctl/backup_commands.go:103.33,105.3 1 0
github.com/neogan74/konsul/cmd/konsulctl/backup_commands.go:109.48,111.25 2 0
github.com/neogan74/konsul/cmd/konsulctl/backup_commands.go:111.25,114.3 2 0
github.com/neogan74/konsul/cmd/konsulctl/backup_commands.go:115.2,123.28 6 0
github.com/neogan74/konsul/cmd/konsulctl/cli.go:19.20,25.2 1 0
github.com/neogan74/konsul/cmd/konsulctl/cli.go:37.102,48.63 9 0
github.com/neogan74/konsul/cmd/konsulctl/cli.go:48.63,50.3 1 0
github.com/neogan74/konsul/cmd/konsulctl/cli.go:52.2,53.16 2 0
github.com/neogan74/konsul/cmd/konsulctl/cli.go:53.16,55.3 1 0
github.com/neogan74/konsul/cmd/konsulctl/cli.go:57.2,57.36 1 0
github.com/neogan74/konsul/cmd/konsulctl/cli.go:61.66,71.2 2 0
github.com/neogan74/konsul/cmd/konsulctl/cli.go:74.60,76.2 1 0
github.com/neogan74/konsul/cmd/konsulctl/cli.go:79.46,81.2 1 0
github.com/neogan74/konsul/cmd/konsulctl/cli.go:84.60,86.2 1 0
github.com/neogan74/konsul/cmd/konsulctl/cli.go:89.46,91.2 1 0
github.com/neogan74/konsul/cmd/konsulctl/cli.go:94.63,97.2 2 0
github.com/neogan74/konsul/cmd/konsulctl/cli.go:100.56,101.16 1 0
github.com/neogan74/konsul/cmd/konsulctl/cli.go:101.16,103.3 1 0
github.com/neogan74/konsul/cmd/konsulctl/cli.go:107.73,108.40 1 0
github.com/neogan74/konsul/cmd/konsulctl/cli.go:108.40,111.3 2 0
github.com/neogan74/konsul/cmd/konsulctl/cli.go:115.71,117.2 1 0
github.com/neogan74/konsul/cmd/konsulctl/cli.go:120.69,121.19 1 0
github.com/neogan74/konsul/cmd/konsulctl/cli.go:121.19,124.3 2 0
github.com/neogan74/konsul/cmd/konsulctl/cli.go:128.69,129.19 1 0
github.com/neogan74/konsul/cmd/konsulctl/cli.go:129.19,132.3 2 0
github.com/neogan74/konsul/cmd/konsulctl/client.go:144.52,146.2 1 0
github.com/neogan74/konsul/cmd/konsulctl/client.go:148.81,152.87 2 0
github.com/neogan74/konsul/cmd/konsulctl/client.go:152.87,158.33 2 0
github.com/neogan74/konsul/cmd/konsulctl/client.go:158.33,160.18 2 0
github.com/neogan74/konsul/cmd/konsulctl/client.go:160.18,164.5 3 0
github.com/neogan74/konsul/cmd/konsulctl/client.go:168.3,168.70 1 0
github.com/neogan74/konsul/cmd/konsulctl/client.go:168.70,170.18 2 0
github.com/neogan74/konsul/cmd/konsulctl/client.go:170.18,172.5 1 0
github.com/neogan74/konsul/cmd/konsulctl/client.go:175.3,175.46 1 0
github.com/neogan74/konsul/cmd/konsulctl/client.go:178.2,184.3 1 0
github.com/neogan74/konsul/cmd/konsulctl/client.go:187.58,191.16 3 0
github.com/neogan74/konsul/cmd/konsulctl/client.go:191.16,193.3 1 0
github.com/neogan74/konsul/cmd/konsulctl/client.go:194.2,197.16 3 0
github.com/neogan74/konsul/cmd/konsulctl/client.go:197.16,199.3 1 0
github.com/neogan74/konsul/cmd/konsulctl/client.go:201.2,201.28 1 0
github.com/neogan74/konsul/cmd/konsulctl/client.go:201.28,203.3 1 0
github.com/neogan74/konsul/cmd/konsulctl/client.go:205.2,205.28 1 0
github.com/neogan74/konsul/cmd/konsulctl/client.go:205.28,207.56 2 0
github.com/neogan74/konsul/cmd/konsulctl/client.go:207.56,209.4 1 0
github.com/neogan74/konsul/cmd/konsulctl/client.go:210.3,210.71 1 0
github.com/neogan74/konsul/cmd/konsulctl/client.go:213.2,214.54 2 0
github.com/neogan74/konsul/cmd/konsulctl/client.go:214.54,216.3 1 0
github.com/neogan74/konsul/cmd/konsulctl/client.go:218.2,218.26 1 0
github.com/neogan74/konsul/cmd/konsulctl/client.go:221.55,226.16 4 0
github.com/neogan74/konsul/cmd/konsulctl/client.go:226.16,228.3 1 0
github.com/neogan74/konsul/cmd/konsulctl/client.go:230.2,231.16 2 0
github.com/neogan74/konsul/cmd/konsulctl/client.go:231.16,233.3 1 0
github.com/neogan74/konsul/cmd/konsulctl/client.go:234.2,237.16 3 0
github.com/neogan74/konsul/cmd/konsulctl/client.go:237.16,239.3 1 0
github.com/neogan74/konsul/cmd/konsulctl/client.go:240.2,242.28 2 0
github.com/neogan74/konsul/cmd/konsulctl/client.go:242.28,245.56 3 0
github.com/neogan74/konsul/cmd/konsulctl/client.go:245.56,247.4 1 0
github.com/neogan74/konsul/cmd/konsulctl/client.go:248.3,248.67 1 0
github.com/neogan74/konsul/cmd/konsulctl/client.go:251.2,251.12 1 0
github.com/neogan74/konsul/cmd/konsulctl/client.go:254.51,258.16 3 0
github.com/neogan74/konsul/cmd/konsulctl/client.go:258.16,260.3 1 0
github.com/neogan74/konsul/cmd/konsulctl/client.go:262.2,263.16 2 0
github.com/neogan74/konsul/cmd/konsulctl/client.go:263.16,265.3 1 0
github.com/neogan74/konsul/cmd/konsulctl/client.go:266.2,268.28 2 0
github.com/neogan74/konsul/cmd/konsulctl/client.go:268.28,270.3 1 0
github.com/neogan74/konsul/cmd/konsulctl/client.go:272.2,272.28 1 0
github.com/neogan74/konsul/cmd/konsulctl/client.go:272.28,275.56 3 0
github.com/neogan74/konsul/cmd/konsulctl/client.go:275.56,277.4 1 0
github.com/neogan74/konsul/cmd/konsulctl/client.go:278.3,278.67 1 0
github.com/neogan74/konsul/cmd/konsulctl/client.go:281.2,281.12 1 0
github.com/neogan74/konsul/cmd/konsulctl/client.go:284.51,288.16 3 0
github.com/neogan74/konsul/cmd/konsulctl/client.go:288.16,290.3 1 0
github.com/neogan74/konsul/cmd/konsulctl/client.go:291.2,294.16 3 0
github.com/neogan74/konsul/cmd/konsulctl/client.go:294.16,296.3 1 0
github.com/neogan74/konsul/cmd/konsulctl/client.go:298.2,298.28 1 0
github.com/neogan74/konsul/cmd/konsulctl/client.go:298.28,300.56 2 0
github.com/neogan74/konsul/cmd/konsulctl/client.go:300.56,302.4 1 0
github.com/neogan74/konsul/cmd/konsulctl/client.go:303.3,303.72 1 0
github.com/neogan74/konsul/cmd/konsulctl/client.go:306.2,307.52 2 0
github.com/neogan74/konsul/cmd/konsulctl/client.go:307.52,309.3 1 0
github.com/neogan74/konsul/cmd/konsulctl/client.go:311.2,311.18 1 0
github.com/neogan74/konsul/cmd/konsulctl/client.go:314.74,319.60 3 0
github.com/neogan74/konsul/cmd/konsulctl/client.go:319.60,321.3 1 0
github.com/neogan74/konsul/cmd/konsulctl/client.go:323.2,330.16 3 0
github.com/neogan74/konsul/cmd/konsulctl/client.go:330.16,332.3 1 0
github.com/neogan74/konsul/cmd/konsulctl/client.go:334.2,335.16 2 0
github.com/neogan74/konsul/cmd/konsulctl/client.go:335.16,337.3 1 0
github.com/neogan74/konsul/cmd/konsulctl/client.go:338.2,341.16 3 0
github.com/neogan74/konsul/cmd/konsulctl/client.go:341.16,343.3 1 0
github.com/neogan74/konsul/cmd/konsulctl/client.go:344.2,346.28 2 0
github.com/neogan74/konsul/cmd/konsulctl/client.go:346.28,349.56 3 0
github.com/neogan74/konsul/cmd/konsulctl/client.go:349.56,351.4 1 0
github.com/neogan74/konsul/cmd/konsulctl/client.go:352.3,352.67 1 0
github.com/neogan74/konsul/cmd/konsulctl/client.go:355.2,355.12 1 0
github.com/neogan74/konsul/cmd/konsulctl/client.go:358.111,363.60 3 0
github.com/neogan74/konsul/cmd/konsulctl/client.go:363.60,365.3 1 0
github.com/neogan74/konsul/cmd/konsulctl/client.go:367.2,375.16 3 0
github.com/neogan74/konsul/cmd/konsulctl/client.go:375.16,377.3 1 0
github.com/neogan74/konsul/cmd/konsulctl/client.go:379.2,380.16 2 0
github.com/neogan74/konsul/cmd/konsulctl/client.go:380.16,382.3 1 0
github.com/neogan74/konsul/cmd/konsulctl/client.go:383.2,386.16 3 0
github.com/neogan74/konsul/cmd/konsulctl/client.go:386.16,388.3 1 0
github.com/neogan74/konsul/cmd/konsulctl/client.go:389.2,391.28 2 0
github.com/neogan74/konsul/cmd/konsulctl/client.go:391.28,394.56 3 0
github.com/neogan74/konsul/cmd/konsulctl/client.go:394.56,396.4 1 0
github.com/neogan74/konsul/cmd/konsulctl/client.go:397.3,397.67 1 0
github.com/neogan74/konsul/cmd/konsulctl/client.go:400.2,400.12 1 0
github.com/neogan74/konsul/cmd/konsulctl/client.go:403.58,407.16 3 0
github.com/neogan74/konsul/cmd/konsulctl/client.go:407.16,409.3 1 0
github.com/neogan74/konsul/cmd/konsulctl/client.go:410.2,413.16 3 0
github.com/neogan74/konsul/cmd/konsulctl/client.go:413.16,415.3 1 0
github.com/neogan74/konsul/cmd/konsulctl/client.go:417.2,417.28 1 0
github.com/neogan74/konsul/cmd/konsulctl/client.go:417.28,419.56 2 0
github.com/neogan74/konsul/cmd/konsulctl/client.go:419.56,421.4 1 0
github.com/neogan74/konsul/cmd/konsulctl/client.go:422.3,422.72 1 0
github.com/neogan74/konsul/cmd/konsulctl/client.go:425.2,426.56 2 0
github.com/neogan74/konsul/cmd/konsulctl/client.go:426.56,428.3 1 0
github.com/neogan74/konsul/cmd/konsulctl/client.go:430.2,430.22 1 0
github.com/neogan74/konsul/cmd/konsulctl/client.go:433.61,437.16 3 0
github.com/neogan74/konsul/cmd/konsulctl/client.go:437.16,439.3 1 0
github.com/neogan74/konsul/cmd/konsulctl/client.go:441.2,442.16 2 0
github.com/neogan74/konsul/cmd/konsulctl/client.go:442.16,444.3 1 0
github.com/neogan74/konsul/cmd/konsulctl/client.go:445.2,447.28 2 0
github.com/neogan74/konsul/cmd/konsulctl/client.go:447.28,449.3 1 0
github.com/neogan74/konsul/cmd/konsulctl/client.go:451.2,451.28 1 0
github.com/neogan74/konsul/cmd/konsulctl/client.go:451.28,454.56 3 0
github.com/neogan74/konsul/cmd/konsulctl/client.go:454.56,456.4 1 0
github.com/neogan74/konsul/cmd/konsulctl/client.go:457.3,457.67 1 0
github.com/neogan74/konsul/cmd/konsulctl/client.go:460.2,460.12 1 0
github.com/neogan74/konsul/cmd/konsulctl/client.go:463.60,467.16 3 0
github.com/neogan74/konsul/cmd/konsulctl/client.go:467.16,469.3 1 0
github.com/neogan74/konsul/cmd/konsulctl/client.go:471.2,472.16 2 0
github.com/neogan74/konsul/cmd/konsulctl/client.go:472.16,474.3 1 0
github.com/neogan74/konsul/cmd/konsulctl/client.go:475.2,477.28 2 0
github.com/neogan74/konsul/cmd/konsulctl/client.go:477.28,479.3 1 0
github.com/neogan74/konsul/cmd/konsulctl/client.go:481.2,481.28 1 0
github.com/neogan74/konsul/cmd/konsulctl/client.go:481.28,484.56 3 0
github.com/neogan74/konsul/cmd/konsulctl/client.go:484.56,486.4 1 0
github.com/neogan74/konsul/cmd/konsulctl/client.go:487.3,487.67 1 0
github.com/neogan74/konsul/cmd/konsulctl/client.go:490.2,490.12 1 0
github.com/neogan74/konsul/cmd/konsulctl/client.go:493.55,497.16 3 0
github.com/neogan74/konsul/cmd/konsulctl/client.go:497.16,499.3 1 0
github.com/neogan74/konsul/cmd/konsulctl/client.go:501.2,502.16 2 0
github.com/neogan74/konsul/cmd/konsulctl/client.go:502.16,504.3 1 0
github.com/neogan74/konsul/cmd/konsulctl/client.go:505.2,508.16 3 0
github.com/neogan74/konsul/cmd/konsulctl/client.go:508.16,510.3 1 0
github.com/neogan74/konsul/cmd/konsulctl/client.go:512.2,512.28 1 0
github.com/neogan74/konsul/cmd/konsulctl/client.go:512.28,514.56 2 0
github.com/neogan74/konsul/cmd/konsulctl/client.go:514.56,516.4 1 0
github.com/neogan74/konsul/cmd/konsulctl/client.go:517.3,517.71 1 0
github.com/neogan74/konsul/cmd/konsulctl/client.go:520.2,521.58 2 0
github.com/neogan74/konsul/cmd/konsulctl/client.go:521.58,523.3 1 0
github.com/neogan74/konsul/cmd/konsulctl/client.go:525.2,525.35 1 0
github.com/neogan74/konsul/cmd/konsulctl/client.go:528.63,533.16 4 0
github.com/neogan74/konsul/cmd/konsulctl/client.go:533.16,535.3 1 0
github.com/neogan74/konsul/cmd/konsulctl/client.go:537.2,538.16 2 0
github.com/neogan74/konsul/cmd/konsulctl/client.go:538.16,540.3 1 0
github.com/neogan74/konsul/cmd/konsulctl/client.go:541.2,544.16 3 0
github.com/neogan74/konsul/cmd/konsulctl/client.go:544.16,546.3 1 0
github.com/neogan74/konsul/cmd/konsulctl/client.go:547.2,549.28 2 0
github.com/neogan74/konsul/cmd/konsulctl/client.go:549.28,552.56 3 0
github.com/neogan74/konsul/cmd/konsulctl/client.go:552.56,554.4 1 0
github.com/neogan74/konsul/cmd/konsulctl/client.go:555.3,555.67 1 0
github.com/neogan74/konsul/cmd/konsulctl/client.go:558.2,558.12 1 0
github.com/neogan74/konsul/cmd/konsulctl/client.go:561.56,565.16 3 0
github.com/neogan74/konsul/cmd/konsulctl/client.go:565.16,567.3 1 0
github.com/neogan74/konsul/cmd/konsulctl/client.go:568.2,571.16 3 0
github.com/neogan74/konsul/cmd/konsulctl/client.go:571.16,573.3 1 0
github.com/neogan74/konsul/cmd/konsulctl/client.go:575.2,575.28 1 0
github.com/neogan74/konsul/cmd/konsulctl/client.go:575.28,577.56 2 0
github.com/neogan74/konsul/cmd/konsulctl/client.go:577.56,579.4 1 0
github.com/neogan74/konsul/cmd/konsulctl/client.go:580.3,580.72 1 0
github.com/neogan74/konsul/cmd/konsulctl/client.go:583.2,584.55 2 0
github.com/neogan74/konsul/cmd/konsulctl/client.go:584.55,586.3 1 0
github.com/neogan74/konsul/cmd/konsulctl/client.go:588.2,588.21 1 0
github.com/neogan74/konsul/cmd/konsulctl/client.go:591.53,595.16 3 0
github.com/neogan74/konsul/cmd/konsulctl/client.go:595.16,597.3 1 0
github.com/neogan74/konsul/cmd/konsulctl/client.go:598.2,601.16 3 0
github.com/neogan74/konsul/cmd/konsulctl/client.go:601.16,603.3 1 0
github.com/neogan74/konsul/cmd/konsulctl/client.go:605.2,605.28 1 0
github.com/neogan74/konsul/cmd/konsulctl/client.go:605.28,607.56 2 0
github.com/neogan74/konsul/cmd/konsulctl/client.go:607.56,609.4 1 0
github.com/neogan74/konsul/cmd/konsulctl/client.go:610.3,610.71 1 0
github.com/neogan74/konsul/cmd/konsulctl/client.go:613.2,613.26 1 0
github.com/neogan74/konsul/cmd/konsulctl/client.go:618.69,622.16 3 0
github.com/neogan74/konsul/cmd/konsulctl/client.go:622.16,624.3 1 0
github.com/neogan74/konsul/cmd/konsulctl/client.go:625.2,628.16 3 0
github.com/neogan74/konsul/cmd/konsulctl/client.go:628.16,630.3 1 0
github.com/neogan74/konsul/cmd/konsulctl/client.go:632.2,632.28 1 0
github.com/neogan74/konsul/cmd/konsulctl/client.go:632.28,634.56 2 0
github.com/neogan74/konsul/cmd/konsulctl/client.go:634.56,636.4 1 0
github.com/neogan74/konsul/cmd/konsulctl/client.go:637.3,637.72 1 0
github.com/neogan74/konsul/cmd/konsulctl/client.go:640.2,641.53 2 0
github.com/neogan74/konsul/cmd/konsulctl/client.go:641.53,643.3 1 0
github.com/neogan74/konsul/cmd/konsulctl/client.go:645.2,645.20 1 0
github.com/neogan74/konsul/cmd/konsulctl/client.go:648.71,652.16 3 0
github.com/neogan74/konsul/cmd/konsulctl/client.go:652.16,654.3 1 0
github.com/neogan74/konsul/cmd/konsulctl/client.go:655.2,658.16 3 0
github.com/neogan74/konsul/cmd/konsulctl/client.go:658.16,660.3 1 0
github.com/neogan74/konsul/cmd/konsulctl/client.go:662.2,662.28 1 0
github.com/neogan74/konsul/cmd/konsulctl/client.go:662.28,664.56 2 0
github.com/neogan74/konsul/cmd/konsulctl/client.go:664.56,666.4 1 0
github.com/neogan74/konsul/cmd/konsulctl/client.go:667.3,667.72 1 0
github.com/neogan74/konsul/cmd/konsulctl/client.go:670.2,671.54 2 0
github.com/neogan74/konsul/cmd/konsulctl/client.go:671.54,673.3 1 0
github.com/neogan74/konsul/cmd/konsulctl/client.go:675.2,675.21 1 0
github.com/neogan74/konsul/cmd/konsulctl/client.go:678.99,682.16 3 0
github.com/neogan74/konsul/cmd/konsulctl/client.go:682.16,684.3 1 0
github.com/neogan74/konsul/cmd/konsulctl/client.go:685.2,688.16 3 0
github.com/neogan74/konsul/cmd/konsulctl/client.go:688.16,690.3 1 0
github.com/neogan74/konsul/cmd/konsulctl/client.go:692.2,692.28 1 0
github.com/neogan74/konsul/cmd/konsulctl/client.go:692.28,694.56 2 0
github.com/neogan74/konsul/cmd/konsulctl/client.go:694.56,696.4 1 0
github.com/neogan74/konsul/cmd/konsulctl/client.go:697.3,697.72 1 0
github.com/neogan74/konsul/cmd/konsulctl/client.go:700.2,701.55 2 0
github.com/neogan74/konsul/cmd/konsulctl/client.go:701.55,703.3 1 0
github.com/neogan74/konsul/cmd/konsulctl/client.go:705.2,705.22 1 0
github.com/neogan74/konsul/cmd/konsulctl/client.go:708.94,712.16 3 0
github.com/neogan74/konsul/cmd/konsulctl/client.go:712.16,714.3 1 0
github.com/neogan74/konsul/cmd/konsulctl/client.go:715.2,718.16 3 0
github.com/neogan74/konsul/cmd/konsulctl/client.go:718.16,720.3 1 0
github.com/neogan74/konsul/cmd/konsulctl/client.go:722.2,722.28 1 0
github.com/neogan74/konsul/cmd/konsulctl/client.go:722.28,724.3 1 0
github.com/neogan74/konsul/cmd/konsulctl/client.go:726.2,726.28 1 0
github.com/neogan74/konsul/cmd/konsulctl/client.go:726.28,728.56 2 0
github.com/neogan74/konsul/cmd/konsulctl/client.go:728.56,730.4 1 0
github.com/neogan74/konsul/cmd/konsulctl/client.go:731.3,731.72 1 0
github.com/neogan74/konsul/cmd/konsulctl/client.go:734.2,735.54 2 0
github.com/neogan74/konsul/cmd/konsulctl/client.go:735.54,737.3 1 0
github.com/neogan74/konsul/cmd/konsulctl/client.go:739.2,739.27 1 0
github.com/neogan74/konsul/cmd/konsulctl/client.go:742.58,746.16 3 0
github.com/neogan74/konsul/cmd/konsulctl/client.go:746.16,748.3 1 0
github.com/neogan74/konsul/cmd/konsulctl/client.go:750.2,751.16 2 0
github.com/neogan74/konsul/cmd/konsulctl/client.go:751.16,753.3 1 0
github.com/neogan74/konsul/cmd/konsulctl/client.go:754.2,756.28 2 0
github.com/neogan74/konsul/cmd/konsulctl/client.go:756.28,759.56 3 0
github.com/neogan74/konsul/cmd/konsulctl/client.go:759.56,761.4 1 0
github.com/neogan74/konsul/cmd/konsulctl/client.go:762.3,762.67 1 0
github.com/neogan74/konsul/cmd/konsulctl/client.go:765.2,765.12 1 0
github.com/neogan74/konsul/cmd/konsulctl/client.go:768.65,772.16 3 0
github.com/neogan74/konsul/cmd/konsulctl/client.go:772.16,774.3 1 0
github.com/neogan74/konsul/cmd/konsulctl/client.go:776.2,777.16 2 0
github.com/neogan74/konsul/cmd/konsulctl/client.go:777.16,779.3 1 0
github.com/neogan74/konsul/cmd/konsulctl/client.go:780.2,782.28 2 0
github.com/neogan74/konsul/cmd/konsulctl/client.go:782.28,785.56 3 0
github.com/neogan74/konsul/cmd/konsulctl/client.go:785.56,787.4 1 0
github.com/neogan74/konsul/cmd/konsulctl/client.go:788.3,788.67 1 0
github.com/neogan74/konsul/cmd/konsulctl/client.go:791.2,791.12 1 0
github.com/neogan74/konsul/cmd/konsulctl/client.go:794.68,798.16 3 0
github.com/neogan74/konsul/cmd/konsulctl/client.go:798.16,800.3 1 0
github.com/neogan74/konsul/cmd/konsulctl/client.go:802.2,803.16 2 0
github.com/neogan74/konsul/cmd/konsulctl/client.go:803.16,805.3 1 0
github.com/neogan74/konsul/cmd/konsulctl/client.go:806.2,808.28 2 0
github.com/neogan74/konsul/cmd/konsulctl/client.go:808.28,811.56 3 0
github.com/neogan74/konsul/cmd/konsulctl/client.go:811.56,813.4 1 0
github.com/neogan74/konsul/cmd/konsulctl/client.go:814.3,814.67 1 0
github.com/neogan74/konsul/cmd/konsulctl/client.go:817.2,817.12 1 0
github.com/neogan74/konsul/cmd/konsulctl/client.go:820.123,829.16 4 0
github.com/neogan74/konsul/cmd/konsulctl/client.go:829.16,831.3 1 0
github.com/neogan74/konsul/cmd/konsulctl/client.go:833.2,834.16 2 0
github.com/neogan74/konsul/cmd/konsulctl/client.go:834.16,836.3 1 0
github.com/neogan74/konsul/cmd/konsulctl/client.go:837.2,840.16 3 0
github.com/neogan74/konsul/cmd/konsulctl/client.go:840.16,842.3 1 0
github.com/neogan74/konsul/cmd/konsulctl/client.go:843.2,846.16 3 0
github.com/neogan74/konsul/cmd/konsulctl/client.go:846.16,848.3 1 0
github.com/neogan74/konsul/cmd/konsulctl/client.go:850.2,850.28 1 0
github.com/neogan74/konsul/cmd/konsulctl/client.go:850.28,852.56 2 0
github.com/neogan74/konsul/cmd/konsulctl/client.go:852.56,854.4 1 0
github.com/neogan74/konsul/cmd/konsulctl/client.go:855.3,855.72 1 0
github.com/neogan74/konsul/cmd/konsulctl/client.go:858.2,859.58 2 0
github.com/neogan74/konsul/cmd/konsulctl/client.go:859.58,861.3 1 0
github.com/neogan74/konsul/cmd/konsulctl/client.go:863.2,863.25 1 0
github.com/neogan74/konsul/cmd/konsulctl/dns_commands.go:13.44,15.2 1 0
github.com/neogan74/konsul/cmd/konsulctl/dns_commands.go:18.45,19.20 1 0
github.com/neogan74/konsul/cmd/konsulctl/dns_commands.go:19.20,25.3 5 0
github.com/neogan74/konsul/cmd/konsulctl/dns_commands.go:27.2,27.19 1 0
github.com/neogan74/konsul/cmd/konsulctl/dns_commands.go:27.19,31.3 3 0
github.com/neogan74/konsul/cmd/konsulctl/dns_commands.go:33.2,37.19 4 0
github.com/neogan74/konsul/cmd/konsulctl/dns_commands.go:38.13,39.32 1 0
github.com/neogan74/konsul/cmd/konsulctl/dns_commands.go:40.11,41.30 1 0
github.com/neogan74/konsul/cmd/konsulctl/dns_commands.go:42.10,45.16 3 0
github.com/neogan74/konsul/cmd/konsulctl/dns_commands.go:50.62,60.25 8 0
github.com/neogan74/konsul/cmd/konsulctl/dns_commands.go:60.25,63.3 2 0
github.com/neogan74/konsul/cmd/konsulctl/dns_commands.go:64.2,68.99 4 0
github.com/neogan74/konsul/cmd/konsulctl/dns_commands.go:72.60,82.25 8 0
github.com/neogan74/konsul/cmd/konsulctl/dns_commands.go:82.25,85.3 2 0
github.com/neogan74/konsul/cmd/konsulctl/dns_commands.go:86.2,90.91 4 0
github.com/neogan74/konsul/cmd/konsulctl/kv_commands.go:13.42,15.2 1 0
github.com/neogan74/konsul/cmd/konsulctl/kv_commands.go:18.44,19.20 1 0
github.com/neogan74/konsul/cmd/konsulctl/kv_commands.go:19.20,24.3 4 0
github.com/neogan74/konsul/cmd/konsulctl/kv_commands.go:26.2,29.20 3 0
github.com/neogan74/konsul/cmd/konsulctl/kv_commands.go:30.13,31.17 1 0
github.com/neogan74/konsul/cmd/konsulctl/kv_commands.go:32.13,33.17 1 0
github.com/neogan74/konsul/cmd/konsulctl/kv_commands.go:34.16,35.20 1 0
github.com/neogan74/konsul/cmd/konsulctl/kv_commands.go:36.14,37.18 1 0
github.com/neogan74/konsul/cmd/konsulctl/kv_commands.go:38.10,41.16 3 0
github.com/neogan74/konsul/cmd/konsulctl/kv_commands.go:46.41,48.25 2 0
github.com/neogan74/konsul/cmd/konsulctl/kv_commands.go:48.25,51.3 2 0
github.com/neogan74/konsul/cmd/konsulctl/kv_commands.go:52.2,61.29 7 0
github.com/neogan74/konsul/cmd/konsulctl/kv_commands.go:65.41,67.25 2 0
github.com/neogan74/konsul/cmd/konsulctl/kv_commands.go:67.25,70.3 2 0
github.com/neogan74/konsul/cmd/konsulctl/kv_commands.go:71.2,81.56 8 0
github.com/neogan74/konsul/cmd/konsulctl/kv_commands.go:85.44,87.25 2 0
github.com/neogan74/konsul/cmd/konsulctl/kv_commands.go:87.25,90.3 2 0
github.com/neogan74/konsul/cmd/konsulctl/kv_commands.go:91.2,100.53 7 0
github.com/neogan74/konsul/cmd/konsulctl/kv_commands.go:104.42,106.25 2 0
github.com/neogan74/konsul/cmd/konsulctl/kv_commands.go:106.25,109.3 2 0
github.com/neogan74/konsul/cmd/konsulctl/kv_commands.go:110.2,118.20 6 0
github.com/neogan74/konsul/cmd/konsulctl/kv_commands.go:118.20,121.3 2 0
github.com/neogan74/konsul/cmd/konsulctl/kv_commands.go:123.2,124.27 2 0
github.com/neogan74/konsul/cmd/konsulctl/kv_commands.go:124.27,126.3 1 0
github.com/neogan74/konsul/cmd/konsulctl/main.go:10.13,13.22 2 0
github.com/neogan74/konsul/cmd/konsulctl/main.go:13.22,16.3 2 0
github.com/neogan74/konsul/cmd/konsulctl/main.go:18.2,21.17 3 0
github.com/neogan74/konsul/cmd/konsulctl/main.go:22.12,24.21 2 0
github.com/neogan74/konsul/cmd/konsulctl/main.go:25.17,27.26 2 0
github.com/neogan74/konsul/cmd/konsulctl/main.go:28.16,30.25 2 0
github.com/neogan74/konsul/cmd/konsulctl/main.go:31.13,33.22 2 0
github.com/neogan74/konsul/cmd/konsulctl/main.go:34.19,36.28 2 0
github.com/neogan74/konsul/cmd/konsulctl/main.go:37.17,38.48 1 0
github.com/neogan74/konsul/cmd/konsulctl/main.go:39.30,40.15 1 0
github.com/neogan74/konsul/cmd/konsulctl/main.go:41.10,44.14 3 0
github.com/neogan74/konsul/cmd/konsulctl/main.go:48.19,91.2 42 0
github.com/neogan74/konsul/cmd/konsulctl/ratelimit_commands.go:13.56,15.2 1 0
github.com/neogan74/konsul/cmd/konsulctl/ratelimit_commands.go:18.51,19.20 1 0
github.com/neogan74/konsul/cmd/konsulctl/ratelimit_commands.go:19.20,24.3 4 0
github.com/neogan74/konsul/cmd/konsulctl/ratelimit_commands.go:26.2,29.20 3 0
github.com/neogan74/konsul/cmd/konsulctl/ratelimit_commands.go:30.15,31.19 1 0
github.com/neogan74/konsul/cmd/konsulctl/ratelimit_commands.go:32.16,33.20 1 0
github.com/neogan74/konsul/cmd/konsulctl/ratelimit_commands.go:34.17,35.21 1 0
github.com/neogan74/konsul/cmd/konsulctl/ratelimit_commands.go:36.16,37.26 1 0
github.com/neogan74/konsul/cmd/konsulctl/ratelimit_commands.go:38.15,39.19 1 0
github.com/neogan74/konsul/cmd/konsulctl/ratelimit_commands.go:40.16,41.20 1 0
github.com/neogan74/konsul/cmd/konsulctl/ratelimit_commands.go:42.10,45.16 3 0
github.com/neogan74/konsul/cmd/konsulctl/ratelimit_commands.go:50.50,52.25 2 0
github.com/neogan74/konsul/cmd/konsulctl/ratelimit_commands.go:52.25,55.3 2 0
github.com/neogan74/konsul/cmd/konsulctl/ratelimit_commands.go:56.2,65.73 8 0
github.com/neogan74/konsul/cmd/konsulctl/ratelimit_commands.go:69.51,71.25 2 0
github.com/neogan74/konsul/cmd/konsulctl/ratelimit_commands.go:71.25,74.3 2 0
github.com/neogan74/konsul/cmd/konsulctl/ratelimit_commands.go:75.2,88.75 12 0
github.com/neogan74/konsul/cmd/konsulctl/ratelimit_commands.go:92.52,99.25 6 0
github.com/neogan74/konsul/cmd/konsulctl/ratelimit_commands.go:99.25,102.3 2 0
github.com/neogan74/konsul/cmd/konsulctl/ratelimit_commands.go:103.2,112.24 7 0
github.com/neogan74/konsul/cmd/konsulctl/ratelimit_commands.go:112.24,115.3 2 0
github.com/neogan74/konsul/cmd/konsulctl/ratelimit_commands.go:117.2,119.36 3 0
github.com/neogan74/konsul/cmd/konsulctl/ratelimit_commands.go:119.36,126.3 6 0
github.com/neogan74/konsul/cmd/konsulctl/ratelimit_commands.go:130.57,132.25 2 0
github.com/neogan74/konsul/cmd/konsulctl/ratelimit_commands.go:132.25,135.3 2 0
github.com/neogan74/konsul/cmd/konsulctl/ratelimit_commands.go:136.2,152.50 13 0
github.com/neogan74/konsul/cmd/konsulctl/ratelimit_commands.go:156.50,158.25 2 0
github.com/neogan74/konsul/cmd/konsulctl/ratelimit_commands.go:158.25,161.3 2 0
github.com/neogan74/konsul/cmd/konsulctl/ratelimit_commands.go:162.2,168.19 5 0
github.com/neogan74/konsul/cmd/konsulctl/ratelimit_commands.go:169.12,174.65 5 0
github.com/neogan74/konsul/cmd/konsulctl/ratelimit_commands.go:176.16,181.73 5 0
github.com/neogan74/konsul/cmd/konsulctl/ratelimit_commands.go:183.13,193.73 9 0
github.com/neogan74/konsul/cmd/konsulctl/ratelimit_commands.go:195.10,198.16 3 0
github.com/neogan74/konsul/cmd/konsulctl/ratelimit_commands.go:203.51,213.25 8 0
github.com/neogan74/konsul/cmd/konsulctl/ratelimit_commands.go:213.25,216.3 2 0
github.com/neogan74/konsul/cmd/konsulctl/ratelimit_commands.go:217.2,222.29 4 0
github.com/neogan74/konsul/cmd/konsulctl/ratelimit_commands.go:222.29,227.3 4 0
github.com/neogan74/konsul/cmd/konsulctl/ratelimit_commands.go:229.2,233.14 4 0
github.com/neogan74/konsul/cmd/konsulctl/ratelimit_commands.go:233.14,235.3 1 0
github.com/neogan74/konsul/cmd/konsulctl/ratelimit_commands.go:236.2,236.15 1 0
github.com/neogan74/konsul/cmd/konsulctl/ratelimit_commands.go:236.15,238.3 1 0
github.com/neogan74/konsul/cmd/konsulctl/ratelimit_commands.go:240.2,244.61 4 0
github.com/neogan74/konsul/cmd/konsulctl/ratelimit_commands.go:244.61,246.37 2 0
github.com/neogan74/konsul/cmd/konsulctl/ratelimit_commands.go:246.37,248.4 1 0
github.com/neogan74/konsul/cmd/konsulctl/ratelimit_commands.go:249.3,249.28 1 0
github.com/neogan74/konsul/cmd/konsulctl/ratelimit_commands.go:249.28,251.4 1 0
github.com/neogan74/konsul/cmd/konsulctl/ratelimit_commands.go:252.3,254.84 3 0
github.com/neogan74/konsul/cmd/konsulctl/service_commands.go:14.52,16.2 1 0
github.com/neogan74/konsul/cmd/konsulctl/service_commands.go:19.49,20.20 1 0
github.com/neogan74/konsul/cmd/konsulctl/service_commands.go:20.20,25.3 4 0
github.com/neogan74/konsul/cmd/konsulctl/service_commands.go:27.2,30.20 3 0
github.com/neogan74/konsul/cmd/konsulctl/service_commands.go:31.18,32.22 1 0
github.com/neogan74/konsul/cmd/konsulctl/service_commands.go:33.14,34.18 1 0
github.com/neogan74/konsul/cmd/konsulctl/service_commands.go:35.20,36.24 1 0
github.com/neogan74/konsul/cmd/konsulctl/service_commands.go:37.19,38.23 1 0
github.com/neogan74/konsul/cmd/konsulctl/service_commands.go:39.10,42.16 3 0
github.com/neogan74/konsul/cmd/konsulctl/service_commands.go:47.51,49.25 2 0
github.com/neogan74/konsul/cmd/konsulctl/service_commands.go:49.25,52.3 2 0
github.com/neogan74/konsul/cmd/konsulctl/service_commands.go:53.2,69.21 12 0
github.com/neogan74/konsul/cmd/konsulctl/service_commands.go:69.21,71.3 1 0
github.com/neogan74/konsul/cmd/konsulctl/service_commands.go:73.2,73.98 1 0
github.com/neogan74/konsul/cmd/konsulctl/service_commands.go:77.108,80.33 2 0
github.com/neogan74/konsul/cmd/konsulctl/service_commands.go:80.33,81.18 1 0
github.com/neogan74/konsul/cmd/konsulctl/service_commands.go:82.23,83.24 1 0
github.com/neogan74/konsul/cmd/konsulctl/service_commands.go:83.24,85.5 1 0
github.com/neogan74/konsul/cmd/konsulctl/service_commands.go:86.4,92.7 2 0
github.com/neogan74/konsul/cmd/konsulctl/service_commands.go:94.22,95.24 1 0
github.com/neogan74/konsul/cmd/konsulctl/service_commands.go:95.24,97.5 1 0
github.com/neogan74/konsul/cmd/konsulctl/service_commands.go:98.4,104.7 2 0
github.com/neogan74/konsul/cmd/konsulctl/service_commands.go:106.22,107.24 1 0
github.com/neogan74/konsul/cmd/konsulctl/service_commands.go:107.24,109.5 1 0
github.com/neogan74/konsul/cmd/konsulctl/service_commands.go:110.4,114.7 2 0
github.com/neogan74/konsul/cmd/konsulctl/service_commands.go:116.11,118.25 1 0
github.com/neogan74/konsul/cmd/konsulctl/service_commands.go:118.25,120.47 1 0
github.com/neogan74/konsul/cmd/konsulctl/service_commands.go:120.47,122.6 1 0
github.com/neogan74/konsul/cmd/konsulctl/service_commands.go:127.2,127.20 1 0
github.com/neogan74/konsul/cmd/konsulctl/service_commands.go:131.47,133.25 2 0
github.com/neogan74/konsul/cmd/konsulctl/service_commands.go:133.25,136.3 2 0
github.com/neogan74/konsul/cmd/konsulctl/service_commands.go:137.2,145.24 6 0
github.com/neogan74/konsul/cmd/konsulctl/service_commands.go:145.24,148.3 2 0
github.com/neogan74/konsul/cmd/konsulctl/service_commands.go:150.2,151.35 2 0
github.com/neogan74/konsul/cmd/konsulctl/service_commands.go:151.35,153.3 1 0
github.com/neogan74/konsul/cmd/konsulctl/service_commands.go:157.53,159.25 2 0
github.com/neogan74/konsul/cmd/konsulctl/service_commands.go:159.25,162.3 2 0
github.com/neogan74/konsul/cmd/konsulctl/service_commands.go:163.2,172.63 7 0
github.com/neogan74/konsul/cmd/konsulctl/service_commands.go:176.52,178.25 2 0
github.com/neogan74/konsul/cmd/konsulctl/service_commands.go:178.25,181.3 2 0
github.com/neogan74/konsul/cmd/konsulctl/service_commands.go:182.2,191.69 7 0
github.com/neogan74/konsul/internal/handlers/acl.go:22.95,28.2 1 0
github.com/neogan74/konsul/internal/handlers/acl.go:31.55,35.46 3 0
github.com/neogan74/konsul/internal/handlers/acl.go:35.46,38.3 2 0
github.com/neogan74/konsul/internal/handlers/acl.go:41.2,41.42 1 0
github.com/neogan74/konsul/internal/handlers/acl.go:41.42,44.3 2 0
github.com/neogan74/konsul/internal/handlers/acl.go:47.2,47.55 1 0
github.com/neogan74/konsul/internal/handlers/acl.go:47.55,48.33 1 0
github.com/neogan74/konsul/internal/handlers/acl.go:48.33,50.4 1 0
github.com/neogan74/konsul/internal/handlers/acl.go:51.3,52.61 2 0
github.com/neogan74/konsul/internal/handlers/acl.go:56.2,56.23 1 0
github.com/neogan74/konsul/internal/handlers/acl.go:56.23,57.53 1 0
github.com/neogan74/konsul/internal/handlers/acl.go:57.53,60.4 1 0
github.com/neogan74/konsul/internal/handlers/acl.go:63.2,67.4 2 0
github.com/neogan74/konsul/internal/handlers/acl.go:71.52,76.16 4 0
github.com/neogan74/konsul/internal/handlers/acl.go:76.16,77.35 1 0
github.com/neogan74/konsul/internal/handlers/acl.go:77.35,79.4 1 0
github.com/neogan74/konsul/internal/handlers/acl.go:80.3,81.61 2 0
github.com/neogan74/konsul/internal/handlers/acl.go:84.2,84.23 1 0
github.com/neogan74/konsul/internal/handlers/acl.go:88.55,94.2 2 0
github.com/neogan74/konsul/internal/handlers/acl.go:97.55,102.46 4 0
github.com/neogan74/konsul/internal/handlers/acl.go:102.46,105.3 2 0
github.com/neogan74/konsul/internal/handlers/acl.go:108.2,108.25 1 0
github.com/neogan74/konsul/internal/handlers/acl.go:108.25,110.3 1 0
github.com/neogan74/konsul/internal/handlers/acl.go:113.2,113.42 1 0
github.com/neogan74/konsul/internal/handlers/acl.go:113.42,116.3 2 0
github.com/neogan74/konsul/internal/handlers/acl.go:119.2,119.58 1 0
github.com/neogan74/konsul/internal/handlers/acl.go:119.58,120.35 1 0
github.com/neogan74/konsul/internal/handlers/acl.go:120.35,122.4 1 0
github.com/neogan74/konsul/internal/handlers/acl.go:123.3,124.64 2 0
github.com/neogan74/konsul/internal/handlers/acl.go:128.2,128.23 1 0
github.com/neogan74/konsul/internal/handlers/acl.go:128.23,129.53 1 0
github.com/neogan74/konsul/internal/handlers/acl.go:129.53,131.4 1 0
github.com/neogan74/konsul/internal/handlers/acl.go:134.2,138.4 2 0
github.com/neogan74/konsul/internal/handlers/acl.go:142.55,146.55 3 0
github.com/neogan74/konsul/internal/handlers/acl.go:146.55,147.35 1 0
github.com/neogan74/konsul/internal/handlers/acl.go:147.35,149.4 1 0
github.com/neogan74/konsul/internal/handlers/acl.go:150.3,151.64 2 0
github.com/neogan74/konsul/internal/handlers/acl.go:155.2,155.23 1 0
github.com/neogan74/konsul/internal/handlers/acl.go:155.23,157.70 2 0
github.com/neogan74/konsul/internal/handlers/acl.go:157.70,159.4 1 0
github.com/neogan74/konsul/internal/handlers/acl.go:162.2,166.4 2 0
github.com/neogan74/konsul/internal/handlers/acl.go:170.53,180.43 3 0
github.com/neogan74/konsul/internal/handlers/acl.go:180.43,183.3 2 0
github.com/neogan74/konsul/internal/handlers/acl.go:186.2,187.22 2 0
github.com/neogan74/konsul/internal/handlers/acl.go:188.12,189.41 1 0
github.com/neogan74/konsul/internal/handlers/acl.go:190.17,191.46 1 0
github.com/neogan74/konsul/internal/handlers/acl.go:192.16,193.37 1 0
github.com/neogan74/konsul/internal/handlers/acl.go:194.16,195.37 1 0
github.com/neogan74/konsul/internal/handlers/acl.go:196.15,197.36 1 0
github.com/neogan74/konsul/internal/handlers/acl.go:198.10,199.59 1 0
github.com/neogan74/konsul/internal/handlers/acl.go:203.2,211.4 2 0
github.com/neogan74/konsul/internal/handlers/acl.go:215.43,216.23 1 0
github.com/neogan74/konsul/internal/handlers/acl.go:216.23,218.3 1 0
github.com/neogan74/konsul/internal/handlers/acl.go:221.2,221.55 1 0
github.com/neogan74/konsul/internal/handlers/acl.go:221.55,223.3 1 0
github.com/neogan74/konsul/internal/handlers/acl.go:226.2,227.16 2 0
github.com/neogan74/konsul/internal/handlers/acl.go:227.16,229.3 1 0
github.com/neogan74/konsul/internal/handlers/acl.go:231.2,231.29 1 0
github.com/neogan74/konsul/internal/handlers/acl.go:231.29,233.17 2 0
github.com/neogan74/konsul/internal/handlers/acl.go:233.17,235.12 2 0
github.com/neogan74/konsul/internal/handlers/acl.go:238.3,239.17 2 0
github.com/neogan74/konsul/internal/handlers/acl.go:239.17,241.12 2 0
github.com/neogan74/konsul/internal/handlers/acl.go:244.3,244.85 1 0
github.com/neogan74/konsul/internal/handlers/acl.go:244.85,246.12 2 0
github.com/neogan74/konsul/internal/handlers/acl.go:249.3,249.111 1 0
github.com/neogan74/konsul/internal/handlers/acl.go:252.2,252.12 1 0
github.com/neogan74/konsul/internal/handlers/acl.go:256.65,258.55 1 0
github.com/neogan74/konsul/internal/handlers/acl.go:258.55,260.3 1 0
github.com/neogan74/konsul/internal/handlers/acl.go:262.2,264.16 3 0
github.com/neogan74/konsul/internal/handlers/acl.go:264.16,266.3 1 0
github.com/neogan74/konsul/internal/handlers/acl.go:268.2,268.45 1 0
github.com/neogan74/konsul/internal/handlers/auth.go:16.98,21.2 1 0
github.com/neogan74/konsul/internal/handlers/auth.go:46.49,48.43 2 0
github.com/neogan74/konsul/internal/handlers/auth.go:48.43,52.3 1 0
github.com/neogan74/konsul/internal/handlers/auth.go:55.2,55.44 1 0
github.com/neogan74/konsul/internal/handlers/auth.go:55.44,59.3 1 0
github.com/neogan74/konsul/internal/handlers/auth.go:65.2,66.16 2 0
github.com/neogan74/konsul/internal/handlers/auth.go:66.16,70.3 1 0
github.com/neogan74/konsul/internal/handlers/auth.go:73.2,74.16 2 0
github.com/neogan74/konsul/internal/handlers/auth.go:74.16,78.3 1 0
github.com/neogan74/konsul/internal/handlers/auth.go:80.2,84.4 1 0
github.com/neogan74/konsul/internal/handlers/auth.go:88.51,90.43 2 0
github.com/neogan74/konsul/internal/handlers/auth.go:90.43,94.3 1 0
github.com/neogan74/konsul/internal/handlers/auth.go:97.2,97.50 1 0
github.com/neogan74/konsul/internal/handlers/auth.go:97.50,101.3 1 0
github.com/neogan74/konsul/internal/handlers/auth.go:104.2,105.16 2 0
github.com/neogan74/konsul/internal/handlers/auth.go:105.16,106.14 1 0
github.com/neogan74/konsul/internal/handlers/auth.go:107.29,110.6 1 0
github.com/neogan74/konsul/internal/handlers/auth.go:111.29,114.6 1 0
github.com/neogan74/konsul/internal/handlers/auth.go:115.11,118.6 1 0
github.com/neogan74/konsul/internal/handlers/auth.go:122.2,126.4 1 0
github.com/neogan74/konsul/internal/handlers/auth.go:130.50,132.19 2 0
github.com/neogan74/konsul/internal/handlers/auth.go:132.19,136.3 1 0
github.com/neogan74/konsul/internal/handlers/auth.go:138.2,144.4 1 0
github.com/neogan74/konsul/internal/handlers/auth.go:162.56,164.43 2 0
github.com/neogan74/konsul/internal/handlers/auth.go:164.43,168.3 1 0
github.com/neogan74/konsul/internal/handlers/auth.go:171.2,171.20 1 0
github.com/neogan74/konsul/internal/handlers/auth.go:171.20,175.3 1 0
github.com/neogan74/konsul/internal/handlers/auth.go:178.2,179.26 2 0
github.com/neogan74/konsul/internal/handlers/auth.go:179.26,182.3 2 0
github.com/neogan74/konsul/internal/handlers/auth.go:185.2,186.16 2 0
github.com/neogan74/konsul/internal/handlers/auth.go:186.16,190.3 1 0
github.com/neogan74/konsul/internal/handlers/auth.go:192.2,195.4 1 0
github.com/neogan74/konsul/internal/handlers/auth.go:199.55,205.2 2 0
github.com/neogan74/konsul/internal/handlers/auth.go:208.53,210.17 2 0
github.com/neogan74/konsul/internal/handlers/auth.go:210.17,214.3 1 0
github.com/neogan74/konsul/internal/handlers/auth.go:216.2,217.16 2 0
github.com/neogan74/konsul/internal/handlers/auth.go:217.16,218.36 1 0
github.com/neogan74/konsul/internal/handlers/auth.go:218.36,222.4 1 0
github.com/neogan74/konsul/internal/handlers/auth.go:223.3,225.5 1 0
github.com/neogan74/konsul/internal/handlers/auth.go:228.2,228.23 1 0
github.com/neogan74/konsul/internal/handlers/auth.go:232.56,234.17 2 0
github.com/neogan74/konsul/internal/handlers/auth.go:234.17,238.3 1 0
github.com/neogan74/konsul/internal/handlers/auth.go:240.2,240.60 1 0
github.com/neogan74/konsul/internal/handlers/auth.go:240.60,241.36 1 0
github.com/neogan74/konsul/internal/handlers/auth.go:241.36,245.4 1 0
github.com/neogan74/konsul/internal/handlers/auth.go:246.3,248.5 1 0
github.com/neogan74/konsul/internal/handlers/auth.go:251.2,253.4 1 0
github.com/neogan74/konsul/internal/handlers/auth.go:257.56,259.17 2 0
github.com/neogan74/konsul/internal/handlers/auth.go:259.17,263.3 1 0
github.com/neogan74/konsul/internal/handlers/auth.go:265.2,265.60 1 0
github.com/neogan74/konsul/internal/handlers/auth.go:265.60,266.36 1 0
github.com/neogan74/konsul/internal/handlers/auth.go:266.36,270.4 1 0
github.com/neogan74/konsul/internal/handlers/auth.go:271.3,273.5 1 0
github.com/neogan74/konsul/internal/handlers/auth.go:276.2,278.4 1 0
github.com/neogan74/konsul/internal/handlers/auth.go:290.56,292.17 2 0
github.com/neogan74/konsul/internal/handlers/auth.go:292.17,296.3 1 0
github.com/neogan74/konsul/internal/handlers/auth.go:298.2,299.43 2 0
github.com/neogan74/konsul/internal/handlers/auth.go:299.43,303.3 1 0
github.com/neogan74/konsul/internal/handlers/auth.go:305.2,305.114 1 0
github.com/neogan74/konsul/internal/handlers/auth.go:305.114,306.36 1 0
github.com/neogan74/konsul/internal/handlers/auth.go:306.36,310.4 1 0
github.com/neogan74/konsul/internal/handlers/auth.go:311.3,313.5 1 0
github.com/neogan74/konsul/internal/handlers/auth.go:316.2,318.4 1 0
github.com/neogan74/konsul/internal/handlers/backup.go:21.84,26.2 1 0
github.com/neogan74/konsul/internal/handlers/backup.go:29.58,32.21 2 0
github.com/neogan74/konsul/internal/handlers/backup.go:32.21,34.3 1 0
github.com/neogan74/konsul/internal/handlers/backup.go:37.2,40.52 3 0
github.com/neogan74/konsul/internal/handlers/backup.go:40.52,43.3 2 0
github.com/neogan74/konsul/internal/handlers/backup.go:45.2,51.4 2 0
github.com/neogan74/konsul/internal/handlers/backup.go:55.59,58.21 2 0
github.com/neogan74/konsul/internal/handlers/backup.go:58.21,60.3 1 0
github.com/neogan74/konsul/internal/handlers/backup.go:62.2,66.44 2 0
github.com/neogan74/konsul/internal/handlers/backup.go:66.44,68.3 1 0
github.com/neogan74/konsul/internal/handlers/backup.go:70.2,70.27 1 0
github.com/neogan74/konsul/internal/handlers/backup.go:70.27,72.3 1 0
github.com/neogan74/konsul/internal/handlers/backup.go:74.2,74.58 1 0
github.com/neogan74/konsul/internal/handlers/backup.go:74.58,79.3 2 0
github.com/neogan74/konsul/internal/handlers/backup.go:81.2,86.4 2 0
github.com/neogan74/konsul/internal/handlers/backup.go:90.56,93.21 2 0
github.com/neogan74/konsul/internal/handlers/backup.go:93.21,95.3 1 0
github.com/neogan74/konsul/internal/handlers/backup.go:98.2,98.66 1 0
github.com/neogan74/konsul/internal/handlers/backup.go:98.66,100.17 2 0
github.com/neogan74/konsul/internal/handlers/backup.go:100.17,103.4 2 0
github.com/neogan74/konsul/internal/handlers/backup.go:105.3,106.22 2 0
github.com/neogan74/konsul/internal/handlers/backup.go:109.2,109.83 1 0
github.com/neogan74/konsul/internal/handlers/backup.go:113.56,116.21 2 0
github.com/neogan74/konsul/internal/handlers/backup.go:116.21,118.3 1 0
github.com/neogan74/konsul/internal/handlers/backup.go:120.2,121.44 2 0
github.com/neogan74/konsul/internal/handlers/backup.go:121.44,123.3 1 0
github.com/neogan74/konsul/internal/handlers/backup.go:126.2,126.66 1 0
github.com/neogan74/konsul/internal/handlers/backup.go:126.66,127.55 1 0
github.com/neogan74/konsul/internal/handlers/backup.go:127.55,130.4 2 0
github.com/neogan74/konsul/internal/handlers/backup.go:132.3,133.68 2 0
github.com/neogan74/konsul/internal/handlers/backup.go:136.2,136.83 1 0
github.com/neogan74/konsul/internal/handlers/backup.go:140.57,141.21 1 0
github.com/neogan74/konsul/internal/handlers/backup.go:141.21,143.3 1 0
github.com/neogan74/konsul/internal/handlers/backup.go:147.2,150.4 1 0
github.com/neogan74/konsul/internal/handlers/health.go:48.112,55.2 1 3
github.com/neogan74/konsul/internal/handlers/health.go:58.51,68.39 7 1
github.com/neogan74/konsul/internal/handlers/health.go:68.39,69.33 1 1
github.com/neogan74/konsul/internal/handlers/health.go:69.33,71.4 1 1
github.com/neogan74/konsul/internal/handlers/health.go:71.9,73.4 1 0
github.com/neogan74/konsul/internal/handlers/health.go:77.2,100.23 3 1
github.com/neogan74/konsul/internal/handlers/health.go:104.54,109.2 1 1
github.com/neogan74/konsul/internal/handlers/health.go:112.55,126.2 3 1
github.com/neogan74/konsul/internal/handlers/healthcheck.go:15.82,19.2 1 0
github.com/neogan74/konsul/internal/handlers/healthcheck.go:21.61,29.2 5 0
github.com/neogan74/konsul/internal/handlers/healthcheck.go:31.67,44.2 6 0
github.com/neogan74/konsul/internal/handlers/healthcheck.go:46.65,53.16 5 0
github.com/neogan74/konsul/internal/handlers/healthcheck.go:53.16,58.3 2 0
github.com/neogan74/konsul/internal/handlers/healthcheck.go:60.2,61.79 2 0
github.com/neogan74/konsul/internal/handlers/healthcheck.go:64.59,68.48 3 0
github.com/neogan74/konsul/internal/handlers/healthcheck.go:68.48,71.3 2 0
github.com/neogan74/konsul/internal/handlers/healthcheck.go:73.2,79.85 2 0
github.com/neogan74/konsul/internal/handlers/kv.go:17.54,19.2 1 4
github.com/neogan74/konsul/internal/handlers/kv.go:21.45,28.9 5 2
github.com/neogan74/konsul/internal/handlers/kv.go:28.9,32.3 3 1
github.com/neogan74/konsul/internal/handlers/kv.go:34.2,36.54 3 1
github.com/neogan74/konsul/internal/handlers/kv.go:39.45,47.44 4 2
github.com/neogan74/konsul/internal/handlers/kv.go:47.44,52.3 2 1
github.com/neogan74/konsul/internal/handlers/kv.go:54.2,63.60 6 1
github.com/neogan74/konsul/internal/handlers/kv.go:66.48,78.2 8 1
github.com/neogan74/konsul/internal/handlers/kv.go:80.46,90.2 6 0
github.com/neogan74/konsul/internal/handlers/ratelimit.go:16.91,21.2 1 14
github.com/neogan74/konsul/internal/handlers/ratelimit.go:25.57,36.2 3 1
github.com/neogan74/konsul/internal/handlers/ratelimit.go:40.58,54.2 2 1
github.com/neogan74/konsul/internal/handlers/ratelimit.go:58.56,60.14 2 1
github.com/neogan74/konsul/internal/handlers/ratelimit.go:60.14,65.3 1 0
github.com/neogan74/konsul/internal/handlers/ratelimit.go:67.2,77.4 3 1
github.com/neogan74/konsul/internal/handlers/ratelimit.go:82.60,84.17 2 1
github.com/neogan74/konsul/internal/handlers/ratelimit.go:84.17,89.3 1 0
github.com/neogan74/konsul/internal/handlers/ratelimit.go:91.2,101.4 3 1
github.com/neogan74/konsul/internal/handlers/ratelimit.go:106.57,110.21 3 4
github.com/neogan74/konsul/internal/handlers/ratelimit.go:111.12,113.41 2 1
github.com/neogan74/konsul/internal/handlers/ratelimit.go:114.16,116.46 2 1
github.com/neogan74/konsul/internal/handlers/ratelimit.go:117.13,120.38 3 1
github.com/neogan74/konsul/internal/handlers/ratelimit.go:121.10,125.5 1 1
github.com/neogan74/konsul/internal/handlers/ratelimit.go:128.2,136.4 2 3
github.com/neogan74/konsul/internal/handlers/ratelimit.go:141.65,151.2 3 3
github.com/neogan74/konsul/internal/handlers/ratelimit.go:155.64,157.22 2 2
github.com/neogan74/konsul/internal/handlers/ratelimit.go:157.22,162.3 1 0
github.com/neogan74/konsul/internal/handlers/ratelimit.go:164.2,165.19 2 2
github.com/neogan74/konsul/internal/handlers/ratelimit.go:165.19,170.3 1 1
github.com/neogan74/konsul/internal/handlers/ratelimit.go:172.2,175.4 1 1
github.com/neogan74/konsul/internal/handlers/ratelimit.go:180.61,187.46 3 6
github.com/neogan74/konsul/internal/handlers/ratelimit.go:187.46,193.3 1 1
github.com/neogan74/konsul/internal/handlers/ratelimit.go:196.2,196.65 1 5
github.com/neogan74/konsul/internal/handlers/ratelimit.go:196.65,201.3 1 1
github.com/neogan74/konsul/internal/handlers/ratelimit.go:203.2,203.47 1 4
github.com/neogan74/konsul/internal/handlers/ratelimit.go:203.47,208.3 1 2
github.com/neogan74/konsul/internal/handlers/ratelimit.go:211.2,212.14 2 2
github.com/neogan74/konsul/internal/handlers/ratelimit.go:212.14,217.3 1 1
github.com/neogan74/konsul/internal/handlers/ratelimit.go:219.2,232.4 3 1
github.com/neogan74/konsul/internal/handlers/ratelimit.go:237.63,238.37 1 2
github.com/neogan74/konsul/internal/handlers/ratelimit.go:238.37,240.3 1 2
github.com/neogan74/konsul/internal/handlers/ratelimit.go:241.2,241.10 1 0
github.com/neogan74/konsul/internal/handlers/ratelimit.go:244.40,245.55 1 6
github.com/neogan74/konsul/internal/handlers/ratelimit.go:245.55,247.3 1 0
github.com/neogan74/konsul/internal/handlers/ratelimit.go:248.2,248.52 1 6
github.com/neogan74/konsul/internal/handlers/ratelimit.go:248.52,250.3 1 0
github.com/neogan74/konsul/internal/handlers/ratelimit.go:251.2,251.18 1 6
github.com/neogan74/konsul/internal/handlers/service.go:15.74,17.2 1 6
github.com/neogan74/konsul/internal/handlers/service.go:19.55,23.43 3 3
github.com/neogan74/konsul/internal/handlers/service.go:23.43,26.3 2 1
github.com/neogan74/konsul/internal/handlers/service.go:28.2,28.58 1 2
github.com/neogan74/konsul/internal/handlers/service.go:28.58,34.3 2 1
github.com/neogan74/konsul/internal/handlers/service.go:36.2,49.75 6 1
github.com/neogan74/konsul/internal/handlers/service.go:52.51,58.2 4 1
github.com/neogan74/konsul/internal/handlers/service.go:60.50,67.9 5 2
github.com/neogan74/konsul/internal/handlers/service.go:67.9,71.3 3 1
github.com/neogan74/konsul/internal/handlers/service.go:73.2,75.20 3 1
github.com/neogan74/konsul/internal/handlers/service.go:78.57,90.2 8 1
github.com/neogan74/konsul/internal/handlers/service.go:92.56,98.29 4 2
github.com/neogan74/konsul/internal/handlers/service.go:98.29,102.3 3 1
github.com/neogan74/konsul/internal/handlers/service.go:104.2,106.52 3 1
github.com/neogan74/konsul/internal/logger/logger.go:12.41,13.28 1 19
github.com/neogan74/konsul/internal/logger/logger.go:14.15,15.28 1 4
github.com/neogan74/konsul/internal/logger/logger.go:16.14,17.27 1 8
github.com/neogan74/konsul/internal/logger/logger.go:18.14,19.27 1 3
github.com/neogan74/konsul/internal/logger/logger.go:20.15,21.28 1 2
github.com/neogan74/konsul/internal/logger/logger.go:22.10,23.27 1 2
github.com/neogan74/konsul/internal/logger/logger.go:46.53,49.22 2 9
github.com/neogan74/konsul/internal/logger/logger.go:49.22,51.3 1 7
github.com/neogan74/konsul/internal/logger/logger.go:51.8,54.3 2 2
github.com/neogan74/konsul/internal/logger/logger.go:56.2,59.16 3 9
github.com/neogan74/konsul/internal/logger/logger.go:59.16,62.3 1 0
github.com/neogan74/konsul/internal/logger/logger.go:64.2,64.35 1 9
github.com/neogan74/konsul/internal/logger/logger.go:68.49,70.2 1 9
github.com/neogan74/konsul/internal/logger/logger.go:73.56,75.2 1 3
github.com/neogan74/konsul/internal/logger/logger.go:78.55,80.2 1 7
github.com/neogan74/konsul/internal/logger/logger.go:83.55,85.2 1 1
github.com/neogan74/konsul/internal/logger/logger.go:88.56,90.2 1 1
github.com/neogan74/konsul/internal/logger/logger.go:93.58,95.2 1 1
github.com/neogan74/konsul/internal/logger/logger.go:98.56,100.2 1 2
github.com/neogan74/konsul/internal/logger/logger.go:103.38,105.2 1 5
github.com/neogan74/konsul/internal/logger/logger.go:107.39,109.2 1 3
github.com/neogan74/konsul/internal/logger/logger.go:111.54,113.2 1 1
github.com/neogan74/konsul/internal/logger/logger.go:115.29,117.2 1 1
github.com/neogan74/konsul/internal/logger/logger.go:123.27,125.2 1 2
github.com/neogan74/konsul/internal/logger/logger.go:128.26,130.2 1 0
github.com/neogan74/konsul/internal/logger/logger.go:133.41,135.2 1 0
github.com/neogan74/konsul/internal/logger/logger.go:137.40,139.2 1 1
github.com/neogan74/konsul/internal/logger/logger.go:141.40,143.2 1 0
github.com/neogan74/konsul/internal/logger/logger.go:145.44,147.2 1 0
github.com/neogan74/konsul/internal/config/config.go:116.30,188.42 2 29
github.com/neogan74/konsul/internal/config/config.go:188.42,190.3 1 2
github.com/neogan74/konsul/internal/config/config.go:192.2,192.20 1 27
github.com/neogan74/konsul/internal/config/config.go:196.35,197.49 1 52
github.com/neogan74/konsul/internal/config/config.go:197.49,199.3 1 5
github.com/neogan74/konsul/internal/config/config.go:202.2,202.26 1 47
github.com/neogan74/konsul/internal/config/config.go:202.26,203.29 1 4
github.com/neogan74/konsul/internal/config/config.go:203.29,204.35 1 3
github.com/neogan74/konsul/internal/config/config.go:204.35,206.5 1 1
github.com/neogan74/konsul/internal/config/config.go:207.4,207.34 1 2
github.com/neogan74/konsul/internal/config/config.go:207.34,209.5 1 1
github.com/neogan74/konsul/internal/config/config.go:213.2,213.24 1 45
github.com/neogan74/konsul/internal/config/config.go:213.24,215.3 1 1
github.com/neogan74/konsul/internal/config/config.go:217.2,217.36 1 44
github.com/neogan74/konsul/internal/config/config.go:217.36,219.3 1 1
github.com/neogan74/konsul/internal/config/config.go:221.2,227.34 2 43
github.com/neogan74/konsul/internal/config/config.go:227.34,229.3 1 1
github.com/neogan74/konsul/internal/config/config.go:231.2,235.36 2 42
github.com/neogan74/konsul/internal/config/config.go:235.36,237.3 1 1
github.com/neogan74/konsul/internal/config/config.go:240.2,240.27 1 41
github.com/neogan74/konsul/internal/config/config.go:240.27,245.49 2 3
github.com/neogan74/konsul/internal/config/config.go:245.49,247.4 1 1
github.com/neogan74/konsul/internal/config/config.go:249.3,249.34 1 2
github.com/neogan74/konsul/internal/config/config.go:249.34,251.4 1 1
github.com/neogan74/konsul/internal/config/config.go:255.2,255.19 1 39
github.com/neogan74/konsul/internal/config/config.go:255.19,256.44 1 27
github.com/neogan74/konsul/internal/config/config.go:256.44,258.4 1 1
github.com/neogan74/konsul/internal/config/config.go:260.3,260.25 1 26
[...]
github.com/neogan74/konsul/internal/healthcheck/manager.go:122.54,127.13 4 0
github.com/neogan74/konsul/internal/healthcheck/manager.go:127.13,129.3 1 0
github.com/neogan74/konsul/internal/healthcheck/manager.go:132.2,132.99 1 0
github.com/neogan74/konsul/internal/healthcheck/manager.go:132.99,135.3 2 0
github.com/neogan74/konsul/internal/healthcheck/manager.go:137.2,137.20 1 0
github.com/neogan74/konsul/internal/healthcheck/manager.go:140.41,147.33 5 0
github.com/neogan74/konsul/internal/healthcheck/manager.go:147.33,149.93 1 0
github.com/neogan74/konsul/internal/healthcheck/manager.go:149.93,152.4 2 0
github.com/neogan74/konsul/internal/healthcheck/manager.go:153.3,153.33 1 0
github.com/neogan74/konsul/internal/healthcheck/manager.go:156.2,156.15 1 0
github.com/neogan74/konsul/internal/healthcheck/manager.go:159.51,164.13 4 0
github.com/neogan74/konsul/internal/healthcheck/manager.go:164.13,166.3 1 0
github.com/neogan74/konsul/internal/healthcheck/manager.go:168.2,168.32 1 0
github.com/neogan74/konsul/internal/healthcheck/manager.go:168.32,170.3 1 0
github.com/neogan74/konsul/internal/healthcheck/manager.go:172.2,175.19 4 0
github.com/neogan74/konsul/internal/healthcheck/manager.go:175.19,177.3 1 0
github.com/neogan74/konsul/internal/healthcheck/manager.go:179.2,183.12 2 0
github.com/neogan74/konsul/internal/healthcheck/manager.go:186.48,190.40 3 0
github.com/neogan74/konsul/internal/healthcheck/manager.go:190.40,192.3 1 0
github.com/neogan74/konsul/internal/healthcheck/manager.go:194.2,197.12 3 0
github.com/neogan74/konsul/internal/healthcheck/manager.go:200.42,207.6 4 0
github.com/neogan74/konsul/internal/healthcheck/manager.go:207.6,208.10 1 0
github.com/neogan74/konsul/internal/healthcheck/manager.go:209.19,210.25 1 0
github.com/neogan74/konsul/internal/healthcheck/manager.go:211.23,212.10 1 0
github.com/neogan74/konsul/internal/healthcheck/manager.go:217.46,222.46 3 0
github.com/neogan74/konsul/internal/healthcheck/manager.go:222.46,224.3 1 0
github.com/neogan74/konsul/internal/healthcheck/manager.go:226.2,233.20 6 0
github.com/neogan74/konsul/internal/healthcheck/manager.go:234.21,235.56 1 0
github.com/neogan74/konsul/internal/healthcheck/manager.go:236.20,237.55 1 0
github.com/neogan74/konsul/internal/healthcheck/manager.go:238.21,239.56 1 0
github.com/neogan74/konsul/internal/healthcheck/manager.go:240.10,243.41 3 0
github.com/neogan74/konsul/internal/healthcheck/manager.go:246.2,250.16 4 0
github.com/neogan74/konsul/internal/healthcheck/manager.go:250.16,257.3 1 0
github.com/neogan74/konsul/internal/healthcheck/manager.go:257.8,263.3 1 0
github.com/neogan74/konsul/internal/healthcheck/manager.go:266.26,269.2 2 0
github.com/neogan74/konsul/internal/healthcheck/tcp.go:12.34,14.2 1 0
github.com/neogan74/konsul/internal/healthcheck/tcp.go:16.87,17.21 1 0
github.com/neogan74/konsul/internal/healthcheck/tcp.go:17.21,19.3 1 0
github.com/neogan74/konsul/internal/healthcheck/tcp.go:21.2,22.18 2 0
github.com/neogan74/konsul/internal/healthcheck/tcp.go:22.18,24.3 1 0
github.com/neogan74/konsul/internal/healthcheck/tcp.go:27.2,35.16 5 0
github.com/neogan74/konsul/internal/healthcheck/tcp.go:35.16,38.3 2 0
github.com/neogan74/konsul/internal/healthcheck/tcp.go:41.2,44.35 3 0
github.com/neogan74/konsul/internal/middleware/acl.go:11.118,12.34 1 0
github.com/neogan74/konsul/internal/middleware/acl.go:12.34,15.20 2 0
github.com/neogan74/konsul/internal/middleware/acl.go:15.20,19.4 1 0
github.com/neogan74/konsul/internal/middleware/acl.go:22.3,22.32 1 0
github.com/neogan74/konsul/internal/middleware/acl.go:22.32,27.4 1 0
github.com/neogan74/konsul/internal/middleware/acl.go:30.3,31.23 2 0
github.com/neogan74/konsul/internal/middleware/acl.go:32.27,34.17 2 0
github.com/neogan74/konsul/internal/middleware/acl.go:34.17,36.5 1 0
github.com/neogan74/konsul/internal/middleware/acl.go:37.4,37.37 1 0
github.com/neogan74/konsul/internal/middleware/acl.go:38.32,40.18 2 0
github.com/neogan74/konsul/internal/middleware/acl.go:40.18,42.5 1 0
github.com/neogan74/konsul/internal/middleware/acl.go:43.4,43.43 1 0
github.com/neogan74/konsul/internal/middleware/acl.go:44.31,45.38 1 0
github.com/neogan74/konsul/internal/middleware/acl.go:46.31,47.38 1 0
github.com/neogan74/konsul/internal/middleware/acl.go:48.30,49.37 1 0
github.com/neogan74/konsul/internal/middleware/acl.go:53.3,54.15 2 0
github.com/neogan74/konsul/internal/middleware/acl.go:54.15,61.4 1 0
github.com/neogan74/konsul/internal/middleware/acl.go:64.3,67.18 3 0
github.com/neogan74/konsul/internal/middleware/acl.go:72.67,73.34 1 0
github.com/neogan74/konsul/internal/middleware/acl.go:73.34,76.20 2 0
github.com/neogan74/konsul/internal/middleware/acl.go:76.20,80.4 1 0
github.com/neogan74/konsul/internal/middleware/acl.go:83.3,83.32 1 0
github.com/neogan74/konsul/internal/middleware/acl.go:83.32,88.4 1 0
github.com/neogan74/konsul/internal/middleware/acl.go:91.3,95.15 3 0
github.com/neogan74/konsul/internal/middleware/acl.go:95.15,103.4 1 0
github.com/neogan74/konsul/internal/middleware/acl.go:106.3,109.18 3 0
github.com/neogan74/konsul/internal/middleware/acl.go:114.78,119.54 3 0
github.com/neogan74/konsul/internal/middleware/acl.go:119.54,121.16 2 0
github.com/neogan74/konsul/internal/middleware/acl.go:121.16,123.4 1 0
github.com/neogan74/konsul/internal/middleware/acl.go:124.3,126.17 2 0
github.com/neogan74/konsul/internal/middleware/acl.go:127.14,128.53 1 0
github.com/neogan74/konsul/internal/middleware/acl.go:128.53,130.5 1 0
github.com/neogan74/konsul/internal/middleware/acl.go:131.4,131.39 1 0
github.com/neogan74/konsul/internal/middleware/acl.go:132.22,133.40 1 0
github.com/neogan74/konsul/internal/middleware/acl.go:134.17,135.41 1 0
github.com/neogan74/konsul/internal/middleware/acl.go:140.2,141.85 1 0
github.com/neogan74/konsul/internal/middleware/acl.go:141.85,144.24 2 0
github.com/neogan74/konsul/internal/middleware/acl.go:144.24,146.4 1 0
github.com/neogan74/konsul/internal/middleware/acl.go:147.3,149.10 2 0
github.com/neogan74/konsul/internal/middleware/acl.go:150.45,151.43 1 0
github.com/neogan74/konsul/internal/middleware/acl.go:152.48,153.45 1 0
github.com/neogan74/konsul/internal/middleware/acl.go:154.47,155.40 1 0
github.com/neogan74/konsul/internal/middleware/acl.go:156.24,157.50 1 0
github.com/neogan74/konsul/internal/middleware/acl.go:157.50,159.5 1 0
github.com/neogan74/konsul/internal/middleware/acl.go:160.4,160.39 1 0
github.com/neogan74/konsul/internal/middleware/acl.go:165.2,165.40 1 0
github.com/neogan74/konsul/internal/middleware/acl.go:165.40,167.17 2 0
github.com/neogan74/konsul/internal/middleware/acl.go:168.14,169.39 1 0
github.com/neogan74/konsul/internal/middleware/acl.go:170.22,171.40 1 0
github.com/neogan74/konsul/internal/middleware/acl.go:176.2,177.76 1 0
github.com/neogan74/konsul/internal/middleware/acl.go:177.76,180.10 2 0
github.com/neogan74/konsul/internal/middleware/acl.go:181.43,182.41 1 0
github.com/neogan74/konsul/internal/middleware/acl.go:183.44,184.42 1 0
github.com/neogan74/konsul/internal/middleware/acl.go:185.43,186.41 1 0
github.com/neogan74/konsul/internal/middleware/acl.go:187.43,188.41 1 0
github.com/neogan74/konsul/internal/middleware/acl.go:193.2,193.77 1 0
github.com/neogan74/konsul/internal/middleware/acl.go:193.77,195.17 2 0
github.com/neogan74/konsul/internal/middleware/acl.go:196.14,197.39 1 0
github.com/neogan74/konsul/internal/middleware/acl.go:198.32,199.40 1 0
github.com/neogan74/konsul/internal/middleware/acl.go:204.2,204.70 1 0
github.com/neogan74/konsul/internal/middleware/acl.go:208.49,209.65 1 0
github.com/neogan74/konsul/internal/middleware/acl.go:209.65,211.3 1 0
github.com/neogan74/konsul/internal/middleware/acl.go:212.2,212.12 1 0
github.com/neogan74/konsul/internal/middleware/acl.go:216.52,217.64 1 0
github.com/neogan74/konsul/internal/middleware/acl.go:217.64,219.3 1 0
github.com/neogan74/konsul/internal/middleware/acl.go:220.2,220.11 1 0
github.com/neogan74/konsul/internal/middleware/apikey.go:11.88,14.35 2 0
github.com/neogan74/konsul/internal/middleware/apikey.go:14.35,16.3 1 0
github.com/neogan74/konsul/internal/middleware/apikey.go:18.2,18.34 1 0
github.com/neogan74/konsul/internal/middleware/apikey.go:18.34,20.30 1 0
github.com/neogan74/konsul/internal/middleware/apikey.go:20.30,22.4 1 0
github.com/neogan74/konsul/internal/middleware/apikey.go:25.3,28.19 2 0
github.com/neogan74/konsul/internal/middleware/apikey.go:28.19,30.24 2 0
github.com/neogan74/konsul/internal/middleware/apikey.go:30.24,32.48 2 0
github.com/neogan74/konsul/internal/middleware/apikey.go:32.48,34.6 1 0
github.com/neogan74/konsul/internal/middleware/apikey.go:39.3,39.19 1 0
github.com/neogan74/konsul/internal/middleware/apikey.go:39.19,43.4 1 0
github.com/neogan74/konsul/internal/middleware/apikey.go:46.3,47.17 2 0
github.com/neogan74/konsul/internal/middleware/apikey.go:47.17,48.15 1 0
github.com/neogan74/konsul/internal/middleware/apikey.go:49.31,52.7 1 0
github.com/neogan74/konsul/internal/middleware/apikey.go:53.32,56.7 1 0
github.com/neogan74/konsul/internal/middleware/apikey.go:57.32,60.7 1 0
github.com/neogan74/konsul/internal/middleware/apikey.go:61.12,64.7 1 0
github.com/neogan74/konsul/internal/middleware/apikey.go:69.3,75.18 6 0
github.com/neogan74/konsul/internal/middleware/apikey.go:80.39,81.51 1 0
github.com/neogan74/konsul/internal/middleware/apikey.go:81.51,83.3 1 0
github.com/neogan74/konsul/internal/middleware/apikey.go:84.2,84.11 1 0
github.com/neogan74/konsul/internal/middleware/apikey.go:88.41,89.55 1 0
github.com/neogan74/konsul/internal/middleware/apikey.go:89.55,91.3 1 0
github.com/neogan74/konsul/internal/middleware/apikey.go:92.2,92.11 1 0
github.com/neogan74/konsul/internal/middleware/apikey.go:96.50,97.65 1 0
github.com/neogan74/konsul/internal/middleware/apikey.go:97.65,99.3 1 0
github.com/neogan74/konsul/internal/middleware/apikey.go:100.2,100.19 1 0
github.com/neogan74/konsul/internal/middleware/apikey.go:104.43,105.55 1 0
github.com/neogan74/konsul/internal/middleware/apikey.go:105.55,107.3 1 0
github.com/neogan74/konsul/internal/middleware/apikey.go:108.2,108.12 1 0
github.com/neogan74/konsul/internal/middleware/apikey.go:112.58,114.26 2 0
github.com/neogan74/konsul/internal/middleware/apikey.go:114.26,115.34 1 0
github.com/neogan74/konsul/internal/middleware/apikey.go:115.34,117.4 1 0
github.com/neogan74/konsul/internal/middleware/apikey.go:119.2,119.14 1 0
github.com/neogan74/konsul/internal/middleware/apikey.go:123.57,124.34 1 0
github.com/neogan74/konsul/internal/middleware/apikey.go:124.34,125.36 1 0
github.com/neogan74/konsul/internal/middleware/apikey.go:125.36,129.4 1 0
github.com/neogan74/konsul/internal/middleware/apikey.go:130.3,130.18 1 0
github.com/neogan74/konsul/internal/middleware/errors.go:20.53,22.2 1 0
github.com/neogan74/konsul/internal/middleware/errors.go:25.51,27.2 1 0
github.com/neogan74/konsul/internal/middleware/errors.go:30.62,32.2 1 0
github.com/neogan74/konsul/internal/middleware/errors.go:35.62,37.2 1 0
github.com/neogan74/konsul/internal/middleware/errors.go:40.51,42.2 1 0
github.com/neogan74/konsul/internal/middleware/errors.go:45.56,47.2 1 0
github.com/neogan74/konsul/internal/middleware/errors.go:50.82,71.2 4 0
github.com/neogan74/konsul/internal/middleware/jwt.go:11.79,14.35 2 0
github.com/neogan74/konsul/internal/middleware/jwt.go:14.35,16.3 1 0
github.com/neogan74/konsul/internal/middleware/jwt.go:18.2,18.34 1 0
github.com/neogan74/konsul/internal/middleware/jwt.go:18.34,20.30 1 0
github.com/neogan74/konsul/internal/middleware/jwt.go:20.30,22.4 1 0
github.com/neogan74/konsul/internal/middleware/jwt.go:25.3,26.23 2 0
github.com/neogan74/konsul/internal/middleware/jwt.go:26.23,30.4 1 0
github.com/neogan74/konsul/internal/middleware/jwt.go:33.3,34.46 2 0
github.com/neogan74/konsul/internal/middleware/jwt.go:34.46,38.4 1 0
github.com/neogan74/konsul/internal/middleware/jwt.go:40.3,44.17 3 0
github.com/neogan74/konsul/internal/middleware/jwt.go:44.17,45.15 1 0
github.com/neogan74/konsul/internal/middleware/jwt.go:46.30,49.7 1 0
github.com/neogan74/konsul/internal/middleware/jwt.go:50.30,53.7 1 0
github.com/neogan74/konsul/internal/middleware/jwt.go:54.12,57.7 1 0
github.com/neogan74/konsul/internal/middleware/jwt.go:62.3,67.18 5 0
github.com/neogan74/konsul/internal/middleware/jwt.go:72.37,73.52 1 0
github.com/neogan74/konsul/internal/middleware/jwt.go:73.52,75.3 1 0
github.com/neogan74/konsul/internal/middleware/jwt.go:76.2,76.11 1 0
github.com/neogan74/konsul/internal/middleware/jwt.go:80.39,81.55 1 0
github.com/neogan74/konsul/internal/middleware/jwt.go:81.55,83.3 1 0
github.com/neogan74/konsul/internal/middleware/jwt.go:84.2,84.11 1 0
github.com/neogan74/konsul/internal/middleware/jwt.go:88.38,89.51 1 0
github.com/neogan74/konsul/internal/middleware/jwt.go:89.51,91.3 1 0
github.com/neogan74/konsul/internal/middleware/jwt.go:92.2,92.19 1 0
github.com/neogan74/konsul/internal/middleware/jwt.go:96.43,97.57 1 0
github.com/neogan74/konsul/internal/middleware/jwt.go:97.57,99.3 1 0
github.com/neogan74/konsul/internal/middleware/jwt.go:100.2,100.12 1 0
github.com/neogan74/konsul/internal/middleware/jwt.go:104.46,106.26 2 0
github.com/neogan74/konsul/internal/middleware/jwt.go:106.26,107.16 1 0
github.com/neogan74/konsul/internal/middleware/jwt.go:107.16,109.4 1 0
github.com/neogan74/konsul/internal/middleware/jwt.go:111.2,111.14 1 0
github.com/neogan74/konsul/internal/middleware/jwt.go:115.45,116.34 1 0
github.com/neogan74/konsul/internal/middleware/jwt.go:116.34,117.24 1 0
github.com/neogan74/konsul/internal/middleware/jwt.go:117.24,121.4 1 0
github.com/neogan74/konsul/internal/middleware/jwt.go:122.3,122.18 1 0
github.com/neogan74/konsul/internal/middleware/logging.go:18.54,19.34 1 0
github.com/neogan74/konsul/internal/middleware/logging.go:19.34,56.10 11 0
github.com/neogan74/konsul/internal/middleware/logging.go:57.22,58.58 1 0
github.com/neogan74/konsul/internal/middleware/logging.go:59.22,60.57 1 0
github.com/neogan74/konsul/internal/middleware/logging.go:61.11,62.57 1 0
github.com/neogan74/konsul/internal/middleware/logging.go:66.3,66.17 1 0
github.com/neogan74/konsul/internal/middleware/logging.go:66.17,72.4 1 0
github.com/neogan74/konsul/internal/middleware/logging.go:74.3,74.13 1 0
github.com/neogan74/konsul/internal/middleware/logging.go:79.40,80.58 1 0
github.com/neogan74/konsul/internal/middleware/logging.go:80.58,82.3 1 0
github.com/neogan74/konsul/internal/middleware/logging.go:83.2,83.11 1 0
github.com/neogan74/konsul/internal/middleware/logging.go:87.44,88.56 1 0
github.com/neogan74/konsul/internal/middleware/logging.go:88.56,90.3 1 0
github.com/neogan74/konsul/internal/middleware/logging.go:92.2,92.45 1 0
github.com/neogan74/konsul/internal/middleware/metrics.go:12.40,13.34 1 0
github.com/neogan74/konsul/internal/middleware/metrics.go:13.34,15.29 1 0
github.com/neogan74/konsul/internal/middleware/metrics.go:15.29,17.4 1 0
github.com/neogan74/konsul/internal/middleware/metrics.go:20.3,48.13 9 0
github.com/neogan74/konsul/internal/middleware/ratelimit.go:13.68,14.34 1 0
github.com/neogan74/konsul/internal/middleware/ratelimit.go:14.34,20.64 3 0
github.com/neogan74/konsul/internal/middleware/ratelimit.go:20.64,22.4 1 0
github.com/neogan74/konsul/internal/middleware/ratelimit.go:24.3,29.21 4 0
github.com/neogan74/konsul/internal/middleware/ratelimit.go:29.21,33.4 3 0
github.com/neogan74/konsul/internal/middleware/ratelimit.go:33.9,38.4 3 0
github.com/neogan74/konsul/internal/middleware/ratelimit.go:40.3,40.15 1 0
github.com/neogan74/konsul/internal/middleware/ratelimit.go:40.15,54.4 5 0
github.com/neogan74/konsul/internal/middleware/ratelimit.go:57.3,62.18 3 0
github.com/neogan74/konsul/internal/middleware/ratelimit.go:67.75,70.34 2 0
github.com/neogan74/konsul/internal/middleware/ratelimit.go:70.34,75.64 3 0
github.com/neogan74/konsul/internal/middleware/ratelimit.go:75.64,77.4 1 0
github.com/neogan74/konsul/internal/middleware/ratelimit.go:79.3,80.21 2 0
github.com/neogan74/konsul/internal/middleware/ratelimit.go:80.21,82.4 1 0
github.com/neogan74/konsul/internal/middleware/ratelimit.go:84.3,84.33 1 0
github.com/neogan74/konsul/internal/middleware/ratelimit.go:84.33,92.4 3 0
github.com/neogan74/konsul/internal/middleware/ratelimit.go:94.3,95.18 2 0
github.com/neogan74/konsul/internal/middleware/tracing.go:13.58,16.34 2 0
github.com/neogan74/konsul/internal/middleware/tracing.go:16.34,22.22 3 0
github.com/neogan74/konsul/internal/middleware/tracing.go:22.22,24.4 1 0
github.com/neogan74/konsul/internal/middleware/tracing.go:26.3,45.38 4 0
github.com/neogan74/konsul/internal/middleware/tracing.go:45.38,48.4 2 0
github.com/neogan74/konsul/internal/middleware/tracing.go:51.3,57.17 4 0
github.com/neogan74/konsul/internal/middleware/tracing.go:57.17,61.4 3 0
github.com/neogan74/konsul/internal/middleware/tracing.go:64.3,64.24 1 0
github.com/neogan74/konsul/internal/middleware/tracing.go:64.24,66.4 1 0
github.com/neogan74/konsul/internal/middleware/tracing.go:66.9,66.31 1 0
github.com/neogan74/konsul/internal/middleware/tracing.go:66.31,68.4 1 0
github.com/neogan74/konsul/internal/middleware/tracing.go:68.9,70.4 1 0
github.com/neogan74/konsul/internal/middleware/tracing.go:72.3,72.13 1 0
github.com/neogan74/konsul/internal/middleware/tracing.go:81.48,83.2 1 0
github.com/neogan74/konsul/internal/middleware/tracing.go:85.48,87.2 1 0
github.com/neogan74/konsul/internal/middleware/tracing.go:89.41,91.53 2 0
github.com/neogan74/konsul/internal/middleware/tracing.go:91.53,93.3 1 0
github.com/neogan74/konsul/internal/middleware/tracing.go:94.2,94.13 1 0
github.com/neogan74/konsul/internal/tls/cert.go:18.61,21.16 2 0
github.com/neogan74/konsul/internal/tls/cert.go:21.16,23.3 1 0
github.com/neogan74/konsul/internal/tls/cert.go:26.2,28.16 3 0
github.com/neogan74/konsul/internal/tls/cert.go:28.16,30.3 1 0
github.com/neogan74/konsul/internal/tls/cert.go:32.2,52.16 5 0
github.com/neogan74/konsul/internal/tls/cert.go:52.16,54.3 1 0
github.com/neogan74/konsul/internal/tls/cert.go:57.2,58.16 2 0
github.com/neogan74/konsul/internal/tls/cert.go:58.16,60.3 1 0
github.com/neogan74/konsul/internal/tls/cert.go:61.2,63.94 2 0
github.com/neogan74/konsul/internal/tls/cert.go:63.94,65.3 1 0
github.com/neogan74/konsul/internal/tls/cert.go:68.2,69.16 2 0
github.com/neogan74/konsul/internal/tls/cert.go:69.16,71.3 1 0
github.com/neogan74/konsul/internal/tls/cert.go:72.2,75.16 3 0
github.com/neogan74/konsul/internal/tls/cert.go:75.16,77.3 1 0
github.com/neogan74/konsul/internal/tls/cert.go:79.2,79.97 1 0
github.com/neogan74/konsul/internal/tls/cert.go:79.97,81.3 1 0
github.com/neogan74/konsul/internal/tls/cert.go:83.2,83.12 1 0
github.com/neogan74/konsul/internal/telemetry/tracing.go:35.86,36.21 1 0
github.com/neogan74/konsul/internal/telemetry/tracing.go:36.21,42.3 1 0
github.com/neogan74/konsul/internal/telemetry/tracing.go:45.2,49.25 2 0
github.com/neogan74/konsul/internal/telemetry/tracing.go:49.25,51.3 1 0
github.com/neogan74/konsul/internal/telemetry/tracing.go:53.2,54.16 2 0
github.com/neogan74/konsul/internal/telemetry/tracing.go:54.16,56.3 1 0
github.com/neogan74/konsul/internal/telemetry/tracing.go:59.2,66.16 2 0
github.com/neogan74/konsul/internal/telemetry/tracing.go:66.16,68.3 1 0
github.com/neogan74/konsul/internal/telemetry/tracing.go:71.2,72.33 2 0
github.com/neogan74/konsul/internal/telemetry/tracing.go:72.33,74.3 1 0
github.com/neogan74/konsul/internal/telemetry/tracing.go:74.8,74.40 1 0
github.com/neogan74/konsul/internal/telemetry/tracing.go:74.40,76.3 1 0
github.com/neogan74/konsul/internal/telemetry/tracing.go:76.8,78.3 1 0
github.com/neogan74/konsul/internal/telemetry/tracing.go:81.2,106.8 5 0
github.com/neogan74/konsul/internal/telemetry/tracing.go:110.63,111.24 1 0
github.com/neogan74/konsul/internal/telemetry/tracing.go:111.24,113.3 1 0
github.com/neogan74/konsul/internal/telemetry/tracing.go:114.2,114.34 1 0
github.com/neogan74/konsul/internal/telemetry/tracing.go:118.49,120.2 1 0
github.com/neogan74/konsul/internal/telemetry/tracing.go:123.42,125.2 1 0
