mode: atomic
github.com/neogan74/konsul/internal/middleware/acl.go:11.118,12.34 1 0
github.com/neogan74/konsul/internal/middleware/acl.go:12.34,15.20 2 0
github.com/neogan74/konsul/internal/middleware/acl.go:15.20,19.4 1 0
github.com/neogan74/konsul/internal/middleware/acl.go:22.3,22.32 1 0
github.com/neogan74/konsul/internal/middleware/acl.go:22.32,27.4 1 0
github.com/neogan74/konsul/internal/middleware/acl.go:30.3,31.23 2 0
github.com/neogan74/konsul/internal/middleware/acl.go:32.27,34.17 2 0
github.com/neogan74/konsul/internal/middleware/acl.go:34.17,36.5 1 0
github.com/neogan74/konsul/internal/middleware/acl.go:37.4,37.37 1 0
github.com/neogan74/konsul/internal/middleware/acl.go:38.32,40.18 2 0
github.com/neogan74/konsul/internal/middleware/acl.go:40.18,42.5 1 0
github.com/neogan74/konsul/internal/middleware/acl.go:43.4,43.43 1 0
github.com/neogan74/konsul/internal/middleware/acl.go:44.31,45.38 1 0
github.com/neogan74/konsul/internal/middleware/acl.go:46.31,47.38 1 0
github.com/neogan74/konsul/internal/middleware/acl.go:48.30,49.37 1 0
github.com/neogan74/konsul/internal/middleware/acl.go:53.3,54.15 2 0
github.com/neogan74/konsul/internal/middleware/acl.go:54.15,61.4 1 0
github.com/neogan74/konsul/internal/middleware/acl.go:64.3,67.18 3 0
github.com/neogan74/konsul/internal/middleware/acl.go:72.67,73.34 1 0
github.com/neogan74/konsul/internal/middleware/acl.go:73.34,76.20 2 0
github.com/neogan74/konsul/internal/middleware/acl.go:76.20,80.4 1 0
github.com/neogan74/konsul/internal/middleware/acl.go:83.3,83.32 1 0
github.com/neogan74/konsul/internal/middleware/acl.go:83.32,88.4 1 0
github.com/neogan74/konsul/internal/middleware/acl.go:91.3,95.15 3 0
github.com/neogan74/konsul/internal/middleware/acl.go:95.15,103.4 1 0
github.com/neogan74/konsul/internal/middleware/acl.go:106.3,109.18 3 0
github.com/neogan74/konsul/internal/middleware/acl.go:114.78,119.54 3 0
github.com/neogan74/konsul/internal/middleware/acl.go:119.54,121.16 2 0
github.com/neogan74/konsul/internal/middleware/acl.go:121.16,123.4 1 0
github.com/neogan74/konsul/internal/middleware/acl.go:124.3,126.17 2 0
github.com/neogan74/konsul/internal/middleware/acl.go:127.14,128.53 1 0
github.com/neogan74/konsul/internal/middleware/acl.go:128.53,130.5 1 0
github.com/neogan74/konsul/internal/middleware/acl.go:131.4,131.39 1 0
github.com/neogan74/konsul/internal/middleware/acl.go:132.22,133.40 1 0
github.com/neogan74/konsul/internal/middleware/acl.go:134.17,135.41 1 0
github.com/neogan74/konsul/internal/middleware/acl.go:140.2,141.85 1 0
github.com/neogan74/konsul/internal/middleware/acl.go:141.85,144.24 2 0
github.com/neogan74/konsul/internal/middleware/acl.go:144.24,146.4 1 0
github.com/neogan74/konsul/internal/middleware/acl.go:147.3,149.10 2 0
github.com/neogan74/konsul/internal/middleware/acl.go:150.45,151.43 1 0
github.com/neogan74/konsul/internal/middleware/acl.go:152.48,153.45 1 0
github.com/neogan74/konsul/internal/middleware/acl.go:154.47,155.40 1 0
github.com/neogan74/konsul/internal/middleware/acl.go:156.24,157.50 1 0
github.com/neogan74/konsul/internal/middleware/acl.go:157.50,159.5 1 0
github.com/neogan74/konsul/internal/middleware/acl.go:160.4,160.39 1 0
github.com/neogan74/konsul/internal/middleware/acl.go:165.2,165.40 1 0
github.com/neogan74/konsul/internal/middleware/acl.go:165.40,167.17 2 0
github.com/neogan74/konsul/internal/middleware/acl.go:168.14,169.39 1 0
github.com/neogan74/konsul/internal/middleware/acl.go:170.22,171.40 1 0
github.com/neogan74/konsul/internal/middleware/acl.go:176.2,177.76 1 0
github.com/neogan74/konsul/internal/middleware/acl.go:177.76,180.10 2 0
github.com/neogan74/konsul/internal/middleware/acl.go:181.43,182.41 1 0
github.com/neogan74/konsul/internal/middleware/acl.go:183.44,184.42 1 0
github.com/neogan74/konsul/internal/middleware/acl.go:185.43,186.41 1 0
github.com/neogan74/konsul/internal/middleware/acl.go:187.43,188.41 1 0
github.com/neogan74/konsul/internal/middleware/acl.go:193.2,193.77 1 0
github.com/neogan74/konsul/internal/middleware/acl.go:193.77,195.17 2 0
github.com/neogan74/konsul/internal/middleware/acl.go:196.14,197.39 1 0
github.com/neogan74/konsul/internal/middleware/acl.go:198.32,199.40 1 0
github.com/neogan74/konsul/internal/middleware/acl.go:204.2,204.70 1 0
github.com/neogan74/konsul/internal/middleware/acl.go:208.49,209.65 1 0
github.com/neogan74/konsul/internal/middleware/acl.go:209.65,211.3 1 0
github.com/neogan74/konsul/internal/middleware/acl.go:212.2,212.12 1 0
github.com/neogan74/konsul/internal/middleware/acl.go:216.52,217.64 1 0
github.com/neogan74/konsul/internal/middleware/acl.go:217.64,219.3 1 0
github.com/neogan74/konsul/internal/middleware/acl.go:220.2,220.11 1 0
github.com/neogan74/konsul/internal/middleware/apikey.go:11.88,14.35 2 7
github.com/neogan74/konsul/internal/middleware/apikey.go:14.35,16.3 1 2
github.com/neogan74/konsul/internal/middleware/apikey.go:18.2,18.34 1 7
github.com/neogan74/konsul/internal/middleware/apikey.go:18.34,20.30 1 7
github.com/neogan74/konsul/internal/middleware/apikey.go:20.30,22.4 1 1
github.com/neogan74/konsul/internal/middleware/apikey.go:25.3,28.19 2 6
github.com/neogan74/konsul/internal/middleware/apikey.go:28.19,30.24 2 2
github.com/neogan74/konsul/internal/middleware/apikey.go:30.24,32.48 2 1
github.com/neogan74/konsul/internal/middleware/apikey.go:32.48,34.6 1 1
github.com/neogan74/konsul/internal/middleware/apikey.go:39.3,39.19 1 6
github.com/neogan74/konsul/internal/middleware/apikey.go:39.19,43.4 1 1
github.com/neogan74/konsul/internal/middleware/apikey.go:46.3,47.17 2 5
github.com/neogan74/konsul/internal/middleware/apikey.go:47.17,48.15 1 3
github.com/neogan74/konsul/internal/middleware/apikey.go:49.31,52.7 1 1
github.com/neogan74/konsul/internal/middleware/apikey.go:53.32,56.7 1 1
github.com/neogan74/konsul/internal/middleware/apikey.go:57.32,60.7 1 1
github.com/neogan74/konsul/internal/middleware/apikey.go:61.12,64.7 1 0
github.com/neogan74/konsul/internal/middleware/apikey.go:69.3,75.18 6 2
github.com/neogan74/konsul/internal/middleware/apikey.go:80.39,81.51 1 2
github.com/neogan74/konsul/internal/middleware/apikey.go:81.51,83.3 1 1
github.com/neogan74/konsul/internal/middleware/apikey.go:84.2,84.11 1 1
github.com/neogan74/konsul/internal/middleware/apikey.go:88.41,89.55 1 2
github.com/neogan74/konsul/internal/middleware/apikey.go:89.55,91.3 1 1
github.com/neogan74/konsul/internal/middleware/apikey.go:92.2,92.11 1 1
github.com/neogan74/konsul/internal/middleware/apikey.go:96.50,97.65 1 10
github.com/neogan74/konsul/internal/middleware/apikey.go:97.65,99.3 1 9
github.com/neogan74/konsul/internal/middleware/apikey.go:100.2,100.19 1 1
github.com/neogan74/konsul/internal/middleware/apikey.go:104.43,105.55 1 2
github.com/neogan74/konsul/internal/middleware/apikey.go:105.55,107.3 1 1
github.com/neogan74/konsul/internal/middleware/apikey.go:108.2,108.12 1 1
github.com/neogan74/konsul/internal/middleware/apikey.go:112.58,114.26 2 8
github.com/neogan74/konsul/internal/middleware/apikey.go:114.26,115.34 1 10
github.com/neogan74/konsul/internal/middleware/apikey.go:115.34,117.4 1 6
github.com/neogan74/konsul/internal/middleware/apikey.go:119.2,119.14 1 2
github.com/neogan74/konsul/internal/middleware/apikey.go:123.57,124.34 1 2
github.com/neogan74/konsul/internal/middleware/apikey.go:124.34,125.36 1 2
github.com/neogan74/konsul/internal/middleware/apikey.go:125.36,129.4 1 1
github.com/neogan74/konsul/internal/middleware/apikey.go:130.3,130.18 1 1
github.com/neogan74/konsul/internal/middleware/errors.go:20.53,22.2 1 3
github.com/neogan74/konsul/internal/middleware/errors.go:25.51,27.2 1 6
github.com/neogan74/konsul/internal/middleware/errors.go:30.62,32.2 1 3
github.com/neogan74/konsul/internal/middleware/errors.go:35.62,37.2 1 1
github.com/neogan74/konsul/internal/middleware/errors.go:40.51,42.2 1 2
github.com/neogan74/konsul/internal/middleware/errors.go:45.56,47.2 1 1
github.com/neogan74/konsul/internal/middleware/errors.go:50.82,71.2 4 15
github.com/neogan74/konsul/internal/middleware/jwt.go:11.79,14.35 2 8
github.com/neogan74/konsul/internal/middleware/jwt.go:14.35,16.3 1 3
github.com/neogan74/konsul/internal/middleware/jwt.go:18.2,18.34 1 8
github.com/neogan74/konsul/internal/middleware/jwt.go:18.34,20.30 1 8
github.com/neogan74/konsul/internal/middleware/jwt.go:20.30,22.4 1 1
github.com/neogan74/konsul/internal/middleware/jwt.go:25.3,26.23 2 7
github.com/neogan74/konsul/internal/middleware/jwt.go:26.23,30.4 1 1
github.com/neogan74/konsul/internal/middleware/jwt.go:33.3,34.46 2 6
github.com/neogan74/konsul/internal/middleware/jwt.go:34.46,38.4 1 4
github.com/neogan74/konsul/internal/middleware/jwt.go:40.3,44.17 3 2
github.com/neogan74/konsul/internal/middleware/jwt.go:44.17,45.15 1 1
github.com/neogan74/konsul/internal/middleware/jwt.go:46.30,49.7 1 0
github.com/neogan74/konsul/internal/middleware/jwt.go:50.30,53.7 1 0
github.com/neogan74/konsul/internal/middleware/jwt.go:54.12,57.7 1 1
github.com/neogan74/konsul/internal/middleware/jwt.go:62.3,67.18 5 1
github.com/neogan74/konsul/internal/middleware/jwt.go:72.37,73.52 1 2
github.com/neogan74/konsul/internal/middleware/jwt.go:73.52,75.3 1 1
github.com/neogan74/konsul/internal/middleware/jwt.go:76.2,76.11 1 1
github.com/neogan74/konsul/internal/middleware/jwt.go:80.39,81.55 1 2
github.com/neogan74/konsul/internal/middleware/jwt.go:81.55,83.3 1 1
github.com/neogan74/konsul/internal/middleware/jwt.go:84.2,84.11 1 1
github.com/neogan74/konsul/internal/middleware/jwt.go:88.38,89.51 1 7
github.com/neogan74/konsul/internal/middleware/jwt.go:89.51,91.3 1 6
github.com/neogan74/konsul/internal/middleware/jwt.go:92.2,92.19 1 1
github.com/neogan74/konsul/internal/middleware/jwt.go:96.43,97.57 1 2
github.com/neogan74/konsul/internal/middleware/jwt.go:97.57,99.3 1 1
github.com/neogan74/konsul/internal/middleware/jwt.go:100.2,100.12 1 1
github.com/neogan74/konsul/internal/middleware/jwt.go:104.46,106.26 2 5
github.com/neogan74/konsul/internal/middleware/jwt.go:106.26,107.16 1 7
github.com/neogan74/konsul/internal/middleware/jwt.go:107.16,109.4 1 3
github.com/neogan74/konsul/internal/middleware/jwt.go:111.2,111.14 1 2
github.com/neogan74/konsul/internal/middleware/jwt.go:115.45,116.34 1 2
github.com/neogan74/konsul/internal/middleware/jwt.go:116.34,117.24 1 2
github.com/neogan74/konsul/internal/middleware/jwt.go:117.24,121.4 1 1
github.com/neogan74/konsul/internal/middleware/jwt.go:122.3,122.18 1 1
github.com/neogan74/konsul/internal/middleware/logging.go:18.54,19.34 1 29
github.com/neogan74/konsul/internal/middleware/logging.go:19.34,56.10 11 29
github.com/neogan74/konsul/internal/middleware/logging.go:57.22,58.58 1 4
github.com/neogan74/konsul/internal/middleware/logging.go:59.22,60.57 1 13
github.com/neogan74/konsul/internal/middleware/logging.go:61.11,62.57 1 12
github.com/neogan74/konsul/internal/middleware/logging.go:66.3,66.17 1 29
github.com/neogan74/konsul/internal/middleware/logging.go:66.17,72.4 1 1
github.com/neogan74/konsul/internal/middleware/logging.go:74.3,74.13 1 29
github.com/neogan74/konsul/internal/middleware/logging.go:79.40,80.58 1 17
github.com/neogan74/konsul/internal/middleware/logging.go:80.58,82.3 1 15
github.com/neogan74/konsul/internal/middleware/logging.go:83.2,83.11 1 2
github.com/neogan74/konsul/internal/middleware/logging.go:87.44,88.56 1 17
github.com/neogan74/konsul/internal/middleware/logging.go:88.56,90.3 1 15
github.com/neogan74/konsul/internal/middleware/logging.go:92.2,92.45 1 2
github.com/neogan74/konsul/internal/middleware/metrics.go:12.40,13.34 1 21
github.com/neogan74/konsul/internal/middleware/metrics.go:13.34,15.29 1 34
github.com/neogan74/konsul/internal/middleware/metrics.go:15.29,17.4 1 1
github.com/neogan74/konsul/internal/middleware/metrics.go:20.3,48.13 9 33
github.com/neogan74/konsul/internal/middleware/ratelimit.go:13.68,14.34 1 7
github.com/neogan74/konsul/internal/middleware/ratelimit.go:14.34,20.64 3 11
github.com/neogan74/konsul/internal/middleware/ratelimit.go:20.64,22.4 1 5
github.com/neogan74/konsul/internal/middleware/ratelimit.go:24.3,29.21 4 11
github.com/neogan74/konsul/internal/middleware/ratelimit.go:29.21,33.4 3 5
github.com/neogan74/konsul/internal/middleware/ratelimit.go:33.9,38.4 3 6
github.com/neogan74/konsul/internal/middleware/ratelimit.go:40.3,40.15 1 11
github.com/neogan74/konsul/internal/middleware/ratelimit.go:40.15,54.4 5 4
github.com/neogan74/konsul/internal/middleware/ratelimit.go:57.3,62.18 3 7
github.com/neogan74/konsul/internal/middleware/ratelimit.go:67.75,70.34 2 5
github.com/neogan74/konsul/internal/middleware/ratelimit.go:70.34,75.64 3 19
github.com/neogan74/konsul/internal/middleware/ratelimit.go:75.64,77.4 1 2
github.com/neogan74/konsul/internal/middleware/ratelimit.go:79.3,80.21 2 19
github.com/neogan74/konsul/internal/middleware/ratelimit.go:80.21,82.4 1 2
github.com/neogan74/konsul/internal/middleware/ratelimit.go:84.3,84.33 1 19
github.com/neogan74/konsul/internal/middleware/ratelimit.go:84.33,92.4 3 3
github.com/neogan74/konsul/internal/middleware/ratelimit.go:94.3,95.18 2 16
github.com/neogan74/konsul/internal/middleware/tracing.go:13.58,16.34 2 0
github.com/neogan74/konsul/internal/middleware/tracing.go:16.34,22.22 3 0
github.com/neogan74/konsul/internal/middleware/tracing.go:22.22,24.4 1 0
github.com/neogan74/konsul/internal/middleware/tracing.go:26.3,45.38 4 0
github.com/neogan74/konsul/internal/middleware/tracing.go:45.38,48.4 2 0
github.com/neogan74/konsul/internal/middleware/tracing.go:51.3,57.17 4 0
github.com/neogan74/konsul/internal/middleware/tracing.go:57.17,61.4 3 0
github.com/neogan74/konsul/internal/middleware/tracing.go:64.3,64.24 1 0
github.com/neogan74/konsul/internal/middleware/tracing.go:64.24,66.4 1 0
github.com/neogan74/konsul/internal/middleware/tracing.go:66.9,66.31 1 0
github.com/neogan74/konsul/internal/middleware/tracing.go:66.31,68.4 1 0
github.com/neogan74/konsul/internal/middleware/tracing.go:68.9,70.4 1 0
github.com/neogan74/konsul/internal/middleware/tracing.go:72.3,72.13 1 0
github.com/neogan74/konsul/internal/middleware/tracing.go:81.48,83.2 1 0
github.com/neogan74/konsul/internal/middleware/tracing.go:85.48,87.2 1 0
github.com/neogan74/konsul/internal/middleware/tracing.go:89.41,91.53 2 0
github.com/neogan74/konsul/internal/middleware/tracing.go:91.53,93.3 1 0
github.com/neogan74/konsul/internal/middleware/tracing.go:94.2,94.13 1 0
